In file included from /home/silvenchen/Desktop/systolic_test/SA_workdict/tiny_sa/kernel.cpp:242:
In file included from /tools/Xilinx/Vitis_HLS/2023.2/common/technology/autopilot/hls_math.h:1040:
In file included from /tools/Xilinx/Vitis_HLS/2023.2/common/technology/autopilot/etc/hls_hotbm_apfixed.h:19:
/tools/Xilinx/Vitis_HLS/2023.2/common/technology/autopilot/utils/x_hls_utils.h:224:9: warning: HLS pragma dump _XLX_SEP_ PragmaIsValid=1_XLX_SEP_ PragmaType=pipeline_XLX_SEP_ PragmaContext=_XLX_SEP_ PragmaFunction=reg_XLX_SEP_ PragmaOptions=II=1_XLX_SEP_ [-Wdump-hls-pragmas]
#pragma HLS PIPELINE II=1
        ^
/tools/Xilinx/Vitis_HLS/2023.2/common/technology/autopilot/utils/x_hls_utils.h:225:9: warning: HLS pragma dump _XLX_SEP_ PragmaIsValid=1_XLX_SEP_ PragmaType=latency_XLX_SEP_ PragmaContext=_XLX_SEP_ PragmaFunction=reg_XLX_SEP_ PragmaOptions=min=1 max=1_XLX_SEP_ [-Wdump-hls-pragmas]
#pragma HLS LATENCY min=1 max=1
        ^
/tools/Xilinx/Vitis_HLS/2023.2/common/technology/autopilot/utils/x_hls_utils.h:226:9: warning: HLS pragma dump _XLX_SEP_ PragmaIsValid=1_XLX_SEP_ PragmaType=inline_XLX_SEP_ PragmaContext=_XLX_SEP_ PragmaFunction=reg_XLX_SEP_ PragmaOptions=off_XLX_SEP_ [-Wdump-hls-pragmas]
#pragma HLS INLINE off
        ^
In file included from /home/silvenchen/Desktop/systolic_test/SA_workdict/tiny_sa/kernel.cpp:242:
In file included from /tools/Xilinx/Vitis_HLS/2023.2/common/technology/autopilot/hls_math.h:1040:
/tools/Xilinx/Vitis_HLS/2023.2/common/technology/autopilot/etc/hls_hotbm_apfixed.h:90:9: warning: HLS pragma dump _XLX_SEP_ PragmaIsValid=1_XLX_SEP_ PragmaType=array_partition_XLX_SEP_ PragmaContext=_XLX_SEP_ PragmaFunction=sin_or_cos_approximation_XLX_SEP_ PragmaOptions=variable=swap_table complete_XLX_SEP_ [-Wdump-hls-pragmas]
#pragma HLS array_partition variable=swap_table complete
        ^
/tools/Xilinx/Vitis_HLS/2023.2/common/technology/autopilot/etc/hls_hotbm_apfixed.h:91:9: warning: HLS pragma dump _XLX_SEP_ PragmaIsValid=1_XLX_SEP_ PragmaType=bind_storage_XLX_SEP_ PragmaContext=_XLX_SEP_ PragmaFunction=sin_or_cos_approximation_XLX_SEP_ PragmaOptions=variable=fourth_order_double::sin_cos_K0 type=ROM_1P impl=LUTRAM_XLX_SEP_ [-Wdump-hls-pragmas]
#pragma HLS BIND_STORAGE variable=fourth_order_double::sin_cos_K0 type=ROM_1P impl=LUTRAM
        ^
/tools/Xilinx/Vitis_HLS/2023.2/common/technology/autopilot/etc/hls_hotbm_apfixed.h:92:9: warning: HLS pragma dump _XLX_SEP_ PragmaIsValid=1_XLX_SEP_ PragmaType=bind_storage_XLX_SEP_ PragmaContext=_XLX_SEP_ PragmaFunction=sin_or_cos_approximation_XLX_SEP_ PragmaOptions=variable=fourth_order_double::sin_cos_K1 type=ROM_1P impl=LUTRAM_XLX_SEP_ [-Wdump-hls-pragmas]
#pragma HLS BIND_STORAGE variable=fourth_order_double::sin_cos_K1 type=ROM_1P impl=LUTRAM
        ^
/tools/Xilinx/Vitis_HLS/2023.2/common/technology/autopilot/etc/hls_hotbm_apfixed.h:93:9: warning: HLS pragma dump _XLX_SEP_ PragmaIsValid=1_XLX_SEP_ PragmaType=bind_storage_XLX_SEP_ PragmaContext=_XLX_SEP_ PragmaFunction=sin_or_cos_approximation_XLX_SEP_ PragmaOptions=variable=fourth_order_double::sin_cos_K2 type=ROM_1P impl=LUTRAM_XLX_SEP_ [-Wdump-hls-pragmas]
#pragma HLS BIND_STORAGE variable=fourth_order_double::sin_cos_K2 type=ROM_1P impl=LUTRAM
        ^
/tools/Xilinx/Vitis_HLS/2023.2/common/technology/autopilot/etc/hls_hotbm_apfixed.h:94:9: warning: HLS pragma dump _XLX_SEP_ PragmaIsValid=1_XLX_SEP_ PragmaType=bind_storage_XLX_SEP_ PragmaContext=_XLX_SEP_ PragmaFunction=sin_or_cos_approximation_XLX_SEP_ PragmaOptions=variable=fourth_order_double::sin_cos_K3 type=ROM_1P impl=LUTRAM_XLX_SEP_ [-Wdump-hls-pragmas]
#pragma HLS BIND_STORAGE variable=fourth_order_double::sin_cos_K3 type=ROM_1P impl=LUTRAM
        ^
/tools/Xilinx/Vitis_HLS/2023.2/common/technology/autopilot/etc/hls_hotbm_apfixed.h:95:9: warning: HLS pragma dump _XLX_SEP_ PragmaIsValid=1_XLX_SEP_ PragmaType=bind_storage_XLX_SEP_ PragmaContext=_XLX_SEP_ PragmaFunction=sin_or_cos_approximation_XLX_SEP_ PragmaOptions=variable=fourth_order_double::sin_cos_K4 type=ROM_1P impl=LUTRAM_XLX_SEP_ [-Wdump-hls-pragmas]
#pragma HLS BIND_STORAGE variable=fourth_order_double::sin_cos_K4 type=ROM_1P impl=LUTRAM
        ^
/tools/Xilinx/Vitis_HLS/2023.2/common/technology/autopilot/etc/hls_hotbm_apfixed.h:125:9: warning: HLS pragma dump _XLX_SEP_ PragmaIsValid=1_XLX_SEP_ PragmaType=bind_storage_XLX_SEP_ PragmaContext=_XLX_SEP_ PragmaFunction=sincos_approximation_XLX_SEP_ PragmaOptions=variable=fourth_order_double::cos_K0 type=ROM_1P impl=LUTRAM_XLX_SEP_ [-Wdump-hls-pragmas]
#pragma HLS BIND_STORAGE variable=fourth_order_double::cos_K0 type=ROM_1P impl=LUTRAM
        ^
/tools/Xilinx/Vitis_HLS/2023.2/common/technology/autopilot/etc/hls_hotbm_apfixed.h:126:9: warning: HLS pragma dump _XLX_SEP_ PragmaIsValid=1_XLX_SEP_ PragmaType=bind_storage_XLX_SEP_ PragmaContext=_XLX_SEP_ PragmaFunction=sincos_approximation_XLX_SEP_ PragmaOptions=variable=fourth_order_double::cos_K1 type=ROM_1P impl=LUTRAM_XLX_SEP_ [-Wdump-hls-pragmas]
#pragma HLS BIND_STORAGE variable=fourth_order_double::cos_K1 type=ROM_1P impl=LUTRAM
        ^
/tools/Xilinx/Vitis_HLS/2023.2/common/technology/autopilot/etc/hls_hotbm_apfixed.h:127:9: warning: HLS pragma dump _XLX_SEP_ PragmaIsValid=1_XLX_SEP_ PragmaType=bind_storage_XLX_SEP_ PragmaContext=_XLX_SEP_ PragmaFunction=sincos_approximation_XLX_SEP_ PragmaOptions=variable=fourth_order_double::cos_K2 type=ROM_1P impl=LUTRAM_XLX_SEP_ [-Wdump-hls-pragmas]
#pragma HLS BIND_STORAGE variable=fourth_order_double::cos_K2 type=ROM_1P impl=LUTRAM
        ^
/tools/Xilinx/Vitis_HLS/2023.2/common/technology/autopilot/etc/hls_hotbm_apfixed.h:128:9: warning: HLS pragma dump _XLX_SEP_ PragmaIsValid=1_XLX_SEP_ PragmaType=bind_storage_XLX_SEP_ PragmaContext=_XLX_SEP_ PragmaFunction=sincos_approximation_XLX_SEP_ PragmaOptions=variable=fourth_order_double::cos_K3 type=ROM_1P impl=LUTRAM_XLX_SEP_ [-Wdump-hls-pragmas]
#pragma HLS BIND_STORAGE variable=fourth_order_double::cos_K3 type=ROM_1P impl=LUTRAM
        ^
/tools/Xilinx/Vitis_HLS/2023.2/common/technology/autopilot/etc/hls_hotbm_apfixed.h:129:9: warning: HLS pragma dump _XLX_SEP_ PragmaIsValid=1_XLX_SEP_ PragmaType=bind_storage_XLX_SEP_ PragmaContext=_XLX_SEP_ PragmaFunction=sincos_approximation_XLX_SEP_ PragmaOptions=variable=fourth_order_double::cos_K4 type=ROM_1P impl=LUTRAM_XLX_SEP_ [-Wdump-hls-pragmas]
#pragma HLS BIND_STORAGE variable=fourth_order_double::cos_K4 type=ROM_1P impl=LUTRAM
        ^
/tools/Xilinx/Vitis_HLS/2023.2/common/technology/autopilot/etc/hls_hotbm_apfixed.h:130:9: warning: HLS pragma dump _XLX_SEP_ PragmaIsValid=1_XLX_SEP_ PragmaType=bind_storage_XLX_SEP_ PragmaContext=_XLX_SEP_ PragmaFunction=sincos_approximation_XLX_SEP_ PragmaOptions=variable=fourth_order_double::sin_K0 type=ROM_1P impl=LUTRAM_XLX_SEP_ [-Wdump-hls-pragmas]
#pragma HLS BIND_STORAGE variable=fourth_order_double::sin_K0 type=ROM_1P impl=LUTRAM
        ^
/tools/Xilinx/Vitis_HLS/2023.2/common/technology/autopilot/etc/hls_hotbm_apfixed.h:131:9: warning: HLS pragma dump _XLX_SEP_ PragmaIsValid=1_XLX_SEP_ PragmaType=bind_storage_XLX_SEP_ PragmaContext=_XLX_SEP_ PragmaFunction=sincos_approximation_XLX_SEP_ PragmaOptions=variable=fourth_order_double::sin_K1 type=ROM_1P impl=LUTRAM_XLX_SEP_ [-Wdump-hls-pragmas]
#pragma HLS BIND_STORAGE variable=fourth_order_double::sin_K1 type=ROM_1P impl=LUTRAM
        ^
/tools/Xilinx/Vitis_HLS/2023.2/common/technology/autopilot/etc/hls_hotbm_apfixed.h:132:9: warning: HLS pragma dump _XLX_SEP_ PragmaIsValid=1_XLX_SEP_ PragmaType=bind_storage_XLX_SEP_ PragmaContext=_XLX_SEP_ PragmaFunction=sincos_approximation_XLX_SEP_ PragmaOptions=variable=fourth_order_double::sin_K2 type=ROM_1P impl=LUTRAM_XLX_SEP_ [-Wdump-hls-pragmas]
#pragma HLS BIND_STORAGE variable=fourth_order_double::sin_K2 type=ROM_1P impl=LUTRAM
        ^
/tools/Xilinx/Vitis_HLS/2023.2/common/technology/autopilot/etc/hls_hotbm_apfixed.h:133:9: warning: HLS pragma dump _XLX_SEP_ PragmaIsValid=1_XLX_SEP_ PragmaType=bind_storage_XLX_SEP_ PragmaContext=_XLX_SEP_ PragmaFunction=sincos_approximation_XLX_SEP_ PragmaOptions=variable=fourth_order_double::sin_K3 type=ROM_1P impl=LUTRAM_XLX_SEP_ [-Wdump-hls-pragmas]
#pragma HLS BIND_STORAGE variable=fourth_order_double::sin_K3 type=ROM_1P impl=LUTRAM
        ^
/tools/Xilinx/Vitis_HLS/2023.2/common/technology/autopilot/etc/hls_hotbm_apfixed.h:134:9: warning: HLS pragma dump _XLX_SEP_ PragmaIsValid=1_XLX_SEP_ PragmaType=bind_storage_XLX_SEP_ PragmaContext=_XLX_SEP_ PragmaFunction=sincos_approximation_XLX_SEP_ PragmaOptions=variable=fourth_order_double::sin_K4 type=ROM_1P impl=LUTRAM_XLX_SEP_ [-Wdump-hls-pragmas]
#pragma HLS BIND_STORAGE variable=fourth_order_double::sin_K4 type=ROM_1P impl=LUTRAM
        ^
/tools/Xilinx/Vitis_HLS/2023.2/common/technology/autopilot/etc/hls_hotbm_apfixed.h:183:9: warning: HLS pragma dump _XLX_SEP_ PragmaIsValid=1_XLX_SEP_ PragmaType=array_partition_XLX_SEP_ PragmaContext=_XLX_SEP_ PragmaFunction=sin_or_cos_approximation_XLX_SEP_ PragmaOptions=variable=swap_table complete_XLX_SEP_ [-Wdump-hls-pragmas]
#pragma HLS array_partition variable=swap_table complete
        ^
/tools/Xilinx/Vitis_HLS/2023.2/common/technology/autopilot/etc/hls_hotbm_apfixed.h:184:9: warning: HLS pragma dump _XLX_SEP_ PragmaIsValid=1_XLX_SEP_ PragmaType=bind_storage_XLX_SEP_ PragmaContext=_XLX_SEP_ PragmaFunction=sin_or_cos_approximation_XLX_SEP_ PragmaOptions=variable=second_order_float::sin_cos_K0 type=ROM_1P impl=LUTRAM_XLX_SEP_ [-Wdump-hls-pragmas]
#pragma HLS BIND_STORAGE variable=second_order_float::sin_cos_K0 type=ROM_1P impl=LUTRAM
        ^
/tools/Xilinx/Vitis_HLS/2023.2/common/technology/autopilot/etc/hls_hotbm_apfixed.h:185:9: warning: HLS pragma dump _XLX_SEP_ PragmaIsValid=1_XLX_SEP_ PragmaType=bind_storage_XLX_SEP_ PragmaContext=_XLX_SEP_ PragmaFunction=sin_or_cos_approximation_XLX_SEP_ PragmaOptions=variable=second_order_float::sin_cos_K1 type=ROM_1P impl=LUTRAM_XLX_SEP_ [-Wdump-hls-pragmas]
#pragma HLS BIND_STORAGE variable=second_order_float::sin_cos_K1 type=ROM_1P impl=LUTRAM
        ^
/tools/Xilinx/Vitis_HLS/2023.2/common/technology/autopilot/etc/hls_hotbm_apfixed.h:186:9: warning: HLS pragma dump _XLX_SEP_ PragmaIsValid=1_XLX_SEP_ PragmaType=bind_storage_XLX_SEP_ PragmaContext=_XLX_SEP_ PragmaFunction=sin_or_cos_approximation_XLX_SEP_ PragmaOptions=variable=second_order_float::sin_cos_K2 type=ROM_1P impl=LUTRAM_XLX_SEP_ [-Wdump-hls-pragmas]
#pragma HLS BIND_STORAGE variable=second_order_float::sin_cos_K2 type=ROM_1P impl=LUTRAM
        ^
/tools/Xilinx/Vitis_HLS/2023.2/common/technology/autopilot/etc/hls_hotbm_apfixed.h:213:9: warning: HLS pragma dump _XLX_SEP_ PragmaIsValid=1_XLX_SEP_ PragmaType=bind_storage_XLX_SEP_ PragmaContext=_XLX_SEP_ PragmaFunction=sincos_approximation_XLX_SEP_ PragmaOptions=variable=second_order_float::cos_K0 type=ROM_1P impl=LUTRAM_XLX_SEP_ [-Wdump-hls-pragmas]
#pragma HLS BIND_STORAGE variable=second_order_float::cos_K0 type=ROM_1P impl=LUTRAM
        ^
/tools/Xilinx/Vitis_HLS/2023.2/common/technology/autopilot/etc/hls_hotbm_apfixed.h:214:9: warning: HLS pragma dump _XLX_SEP_ PragmaIsValid=1_XLX_SEP_ PragmaType=bind_storage_XLX_SEP_ PragmaContext=_XLX_SEP_ PragmaFunction=sincos_approximation_XLX_SEP_ PragmaOptions=variable=second_order_float::cos_K1 type=ROM_1P impl=LUTRAM_XLX_SEP_ [-Wdump-hls-pragmas]
#pragma HLS BIND_STORAGE variable=second_order_float::cos_K1 type=ROM_1P impl=LUTRAM
        ^
/tools/Xilinx/Vitis_HLS/2023.2/common/technology/autopilot/etc/hls_hotbm_apfixed.h:215:9: warning: HLS pragma dump _XLX_SEP_ PragmaIsValid=1_XLX_SEP_ PragmaType=bind_storage_XLX_SEP_ PragmaContext=_XLX_SEP_ PragmaFunction=sincos_approximation_XLX_SEP_ PragmaOptions=variable=second_order_float::cos_K2 type=ROM_1P impl=LUTRAM_XLX_SEP_ [-Wdump-hls-pragmas]
#pragma HLS BIND_STORAGE variable=second_order_float::cos_K2 type=ROM_1P impl=LUTRAM
        ^
/tools/Xilinx/Vitis_HLS/2023.2/common/technology/autopilot/etc/hls_hotbm_apfixed.h:216:9: warning: HLS pragma dump _XLX_SEP_ PragmaIsValid=1_XLX_SEP_ PragmaType=bind_storage_XLX_SEP_ PragmaContext=_XLX_SEP_ PragmaFunction=sincos_approximation_XLX_SEP_ PragmaOptions=variable=second_order_float::sin_K0 type=ROM_1P impl=LUTRAM_XLX_SEP_ [-Wdump-hls-pragmas]
#pragma HLS BIND_STORAGE variable=second_order_float::sin_K0 type=ROM_1P impl=LUTRAM
        ^
/tools/Xilinx/Vitis_HLS/2023.2/common/technology/autopilot/etc/hls_hotbm_apfixed.h:217:9: warning: HLS pragma dump _XLX_SEP_ PragmaIsValid=1_XLX_SEP_ PragmaType=bind_storage_XLX_SEP_ PragmaContext=_XLX_SEP_ PragmaFunction=sincos_approximation_XLX_SEP_ PragmaOptions=variable=second_order_float::sin_K1 type=ROM_1P impl=LUTRAM_XLX_SEP_ [-Wdump-hls-pragmas]
#pragma HLS BIND_STORAGE variable=second_order_float::sin_K1 type=ROM_1P impl=LUTRAM
        ^
/tools/Xilinx/Vitis_HLS/2023.2/common/technology/autopilot/etc/hls_hotbm_apfixed.h:218:9: warning: HLS pragma dump _XLX_SEP_ PragmaIsValid=1_XLX_SEP_ PragmaType=bind_storage_XLX_SEP_ PragmaContext=_XLX_SEP_ PragmaFunction=sincos_approximation_XLX_SEP_ PragmaOptions=variable=second_order_float::sin_K2 type=ROM_1P impl=LUTRAM_XLX_SEP_ [-Wdump-hls-pragmas]
#pragma HLS BIND_STORAGE variable=second_order_float::sin_K2 type=ROM_1P impl=LUTRAM
        ^
/tools/Xilinx/Vitis_HLS/2023.2/common/technology/autopilot/etc/hls_hotbm_apfixed.h:254:9: warning: HLS pragma dump _XLX_SEP_ PragmaIsValid=1_XLX_SEP_ PragmaType=bind_storage_XLX_SEP_ PragmaContext=_XLX_SEP_ PragmaFunction=sin_or_cos_approximation_XLX_SEP_ PragmaOptions=variable=first_order_fixed_16::sin_cos_K0 type=ROM_1P impl=LUTRAM_XLX_SEP_ [-Wdump-hls-pragmas]
#pragma HLS BIND_STORAGE variable=first_order_fixed_16::sin_cos_K0 type=ROM_1P impl=LUTRAM
        ^
/tools/Xilinx/Vitis_HLS/2023.2/common/technology/autopilot/etc/hls_hotbm_apfixed.h:255:9: warning: HLS pragma dump _XLX_SEP_ PragmaIsValid=1_XLX_SEP_ PragmaType=bind_storage_XLX_SEP_ PragmaContext=_XLX_SEP_ PragmaFunction=sin_or_cos_approximation_XLX_SEP_ PragmaOptions=variable=first_order_fixed_16::sin_cos_K1 type=ROM_1P impl=LUTRAM_XLX_SEP_ [-Wdump-hls-pragmas]
#pragma HLS BIND_STORAGE variable=first_order_fixed_16::sin_cos_K1 type=ROM_1P impl=LUTRAM
        ^
/tools/Xilinx/Vitis_HLS/2023.2/common/technology/autopilot/etc/hls_hotbm_apfixed.h:284:9: warning: HLS pragma dump _XLX_SEP_ PragmaIsValid=1_XLX_SEP_ PragmaType=array_partition_XLX_SEP_ PragmaContext=_XLX_SEP_ PragmaFunction=sinf_or_cosf_XLX_SEP_ PragmaOptions=variable=swap_table complete_XLX_SEP_ [-Wdump-hls-pragmas]
#pragma HLS array_partition variable=swap_table complete
        ^
/tools/Xilinx/Vitis_HLS/2023.2/common/technology/autopilot/etc/hls_hotbm_apfixed.h:285:9: warning: HLS pragma dump _XLX_SEP_ PragmaIsValid=1_XLX_SEP_ PragmaType=array_partition_XLX_SEP_ PragmaContext=_XLX_SEP_ PragmaFunction=sinf_or_cosf_XLX_SEP_ PragmaOptions=variable=neg_sin_table complete_XLX_SEP_ [-Wdump-hls-pragmas]
#pragma HLS array_partition variable=neg_sin_table complete
        ^
/tools/Xilinx/Vitis_HLS/2023.2/common/technology/autopilot/etc/hls_hotbm_apfixed.h:286:9: warning: HLS pragma dump _XLX_SEP_ PragmaIsValid=1_XLX_SEP_ PragmaType=array_partition_XLX_SEP_ PragmaContext=_XLX_SEP_ PragmaFunction=sinf_or_cosf_XLX_SEP_ PragmaOptions=variable=neg_cos_table complete_XLX_SEP_ [-Wdump-hls-pragmas]
#pragma HLS array_partition variable=neg_cos_table complete
        ^
/tools/Xilinx/Vitis_HLS/2023.2/common/technology/autopilot/etc/hls_hotbm_apfixed.h:356:9: warning: HLS pragma dump _XLX_SEP_ PragmaIsValid=1_XLX_SEP_ PragmaType=array_partition_XLX_SEP_ PragmaContext=_XLX_SEP_ PragmaFunction=sinf_or_cosf_XLX_SEP_ PragmaOptions=variable=swap_table complete_XLX_SEP_ [-Wdump-hls-pragmas]
#pragma HLS array_partition variable=swap_table complete
        ^
/tools/Xilinx/Vitis_HLS/2023.2/common/technology/autopilot/etc/hls_hotbm_apfixed.h:357:9: warning: HLS pragma dump _XLX_SEP_ PragmaIsValid=1_XLX_SEP_ PragmaType=array_partition_XLX_SEP_ PragmaContext=_XLX_SEP_ PragmaFunction=sinf_or_cosf_XLX_SEP_ PragmaOptions=variable=neg_sin_table complete_XLX_SEP_ [-Wdump-hls-pragmas]
#pragma HLS array_partition variable=neg_sin_table complete
        ^
/tools/Xilinx/Vitis_HLS/2023.2/common/technology/autopilot/etc/hls_hotbm_apfixed.h:358:9: warning: HLS pragma dump _XLX_SEP_ PragmaIsValid=1_XLX_SEP_ PragmaType=array_partition_XLX_SEP_ PragmaContext=_XLX_SEP_ PragmaFunction=sinf_or_cosf_XLX_SEP_ PragmaOptions=variable=neg_cos_table complete_XLX_SEP_ [-Wdump-hls-pragmas]
#pragma HLS array_partition variable=neg_cos_table complete
        ^
/tools/Xilinx/Vitis_HLS/2023.2/common/technology/autopilot/etc/hls_hotbm_apfixed.h:427:9: warning: HLS pragma dump _XLX_SEP_ PragmaIsValid=1_XLX_SEP_ PragmaType=array_partition_XLX_SEP_ PragmaContext=_XLX_SEP_ PragmaFunction=sinf_or_cosf_XLX_SEP_ PragmaOptions=variable=neg_sin_table complete_XLX_SEP_ [-Wdump-hls-pragmas]
#pragma HLS array_partition variable=neg_sin_table complete
        ^
/tools/Xilinx/Vitis_HLS/2023.2/common/technology/autopilot/etc/hls_hotbm_apfixed.h:428:9: warning: HLS pragma dump _XLX_SEP_ PragmaIsValid=1_XLX_SEP_ PragmaType=array_partition_XLX_SEP_ PragmaContext=_XLX_SEP_ PragmaFunction=sinf_or_cosf_XLX_SEP_ PragmaOptions=variable=neg_cos_table complete_XLX_SEP_ [-Wdump-hls-pragmas]
#pragma HLS array_partition variable=neg_cos_table complete
        ^
In file included from /home/silvenchen/Desktop/systolic_test/SA_workdict/tiny_sa/kernel.cpp:242:
In file included from /tools/Xilinx/Vitis_HLS/2023.2/common/technology/autopilot/hls_math.h:1040:
/tools/Xilinx/Vitis_HLS/2023.2/common/technology/autopilot/etc/hls_cordic_apfixed.h:62:9: warning: HLS pragma dump _XLX_SEP_ PragmaIsValid=1_XLX_SEP_ PragmaType=pipeline_XLX_SEP_ PragmaContext=_XLX_SEP_ PragmaFunction=cordic_circ_apfixed_XLX_SEP_ PragmaOptions=_XLX_SEP_ [-Wdump-hls-pragmas]
#pragma HLS pipeline
        ^
/tools/Xilinx/Vitis_HLS/2023.2/common/technology/autopilot/etc/hls_cordic_apfixed.h:120:9: warning: HLS pragma dump _XLX_SEP_ PragmaIsValid=1_XLX_SEP_ PragmaType=pipeline_XLX_SEP_ PragmaContext=_XLX_SEP_ PragmaFunction=doublecordic_apfixed_XLX_SEP_ PragmaOptions=II=5_XLX_SEP_ [-Wdump-hls-pragmas]
#pragma HLS pipeline II=5
        ^
/tools/Xilinx/Vitis_HLS/2023.2/common/technology/autopilot/etc/hls_cordic_apfixed.h:123:9: warning: HLS pragma dump _XLX_SEP_ PragmaIsValid=1_XLX_SEP_ PragmaType=pipeline_XLX_SEP_ PragmaContext=_XLX_SEP_ PragmaFunction=doublecordic_apfixed_XLX_SEP_ PragmaOptions=II=3_XLX_SEP_ [-Wdump-hls-pragmas]
#pragma HLS pipeline II=3
        ^
/tools/Xilinx/Vitis_HLS/2023.2/common/technology/autopilot/etc/hls_cordic_apfixed.h:126:9: warning: HLS pragma dump _XLX_SEP_ PragmaIsValid=1_XLX_SEP_ PragmaType=pipeline_XLX_SEP_ PragmaContext=_XLX_SEP_ PragmaFunction=doublecordic_apfixed_XLX_SEP_ PragmaOptions=II=1_XLX_SEP_ [-Wdump-hls-pragmas]
#pragma HLS pipeline II=1
        ^
/tools/Xilinx/Vitis_HLS/2023.2/common/technology/autopilot/etc/hls_cordic_apfixed.h:129:9: warning: HLS pragma dump _XLX_SEP_ PragmaIsValid=1_XLX_SEP_ PragmaType=pipeline_XLX_SEP_ PragmaContext=_XLX_SEP_ PragmaFunction=doublecordic_apfixed_XLX_SEP_ PragmaOptions=II=4_XLX_SEP_ [-Wdump-hls-pragmas]
#pragma HLS pipeline II=4
        ^
/tools/Xilinx/Vitis_HLS/2023.2/common/technology/autopilot/etc/hls_cordic_apfixed.h:290:9: warning: HLS pragma dump _XLX_SEP_ PragmaIsValid=1_XLX_SEP_ PragmaType=unroll_XLX_SEP_ PragmaContext=_XLX_SEP_ PragmaFunction=generic_tan_XLX_SEP_ PragmaOptions=_XLX_SEP_ [-Wdump-hls-pragmas]
#pragma HLS UNROLL
        ^
/tools/Xilinx/Vitis_HLS/2023.2/common/technology/autopilot/etc/hls_cordic_apfixed.h:450:9: warning: HLS pragma dump _XLX_SEP_ PragmaIsValid=1_XLX_SEP_ PragmaType=unroll_XLX_SEP_ PragmaContext=_XLX_SEP_ PragmaFunction=generic_tanpi_XLX_SEP_ PragmaOptions=_XLX_SEP_ [-Wdump-hls-pragmas]
#pragma HLS UNROLL
        ^
/tools/Xilinx/Vitis_HLS/2023.2/common/technology/autopilot/etc/hls_cordic_apfixed.h:630:9: warning: HLS pragma dump _XLX_SEP_ PragmaIsValid=1_XLX_SEP_ PragmaType=unroll_XLX_SEP_ PragmaContext=_XLX_SEP_ PragmaFunction=generic_atan2_XLX_SEP_ PragmaOptions=_XLX_SEP_ [-Wdump-hls-pragmas]
#pragma HLS UNROLL
        ^
/tools/Xilinx/Vitis_HLS/2023.2/common/technology/autopilot/etc/hls_cordic_apfixed.h:634:9: warning: HLS pragma dump _XLX_SEP_ PragmaIsValid=1_XLX_SEP_ PragmaType=unroll_XLX_SEP_ PragmaContext=_XLX_SEP_ PragmaFunction=generic_atan2_XLX_SEP_ PragmaOptions=_XLX_SEP_ [-Wdump-hls-pragmas]
#pragma HLS UNROLL
        ^
/tools/Xilinx/Vitis_HLS/2023.2/common/technology/autopilot/etc/hls_cordic_apfixed.h:841:9: warning: HLS pragma dump _XLX_SEP_ PragmaIsValid=1_XLX_SEP_ PragmaType=unroll_XLX_SEP_ PragmaContext=_XLX_SEP_ PragmaFunction=sinh_cosh_range_redux_cordic_XLX_SEP_ PragmaOptions=_XLX_SEP_ [-Wdump-hls-pragmas]
#pragma HLS UNROLL
        ^
/tools/Xilinx/Vitis_HLS/2023.2/common/technology/autopilot/etc/hls_cordic_apfixed.h:860:9: warning: HLS pragma dump _XLX_SEP_ PragmaIsValid=1_XLX_SEP_ PragmaType=unroll_XLX_SEP_ PragmaContext=_XLX_SEP_ PragmaFunction=sinh_cosh_range_redux_cordic_XLX_SEP_ PragmaOptions=_XLX_SEP_ [-Wdump-hls-pragmas]
#pragma HLS UNROLL
        ^
In file included from /home/silvenchen/Desktop/systolic_test/SA_workdict/tiny_sa/kernel.cpp:242:
In file included from /tools/Xilinx/Vitis_HLS/2023.2/common/technology/autopilot/hls_math.h:1041:
/tools/Xilinx/Vitis_HLS/2023.2/common/technology/autopilot/etc/hls_exp_apfixed.h:15:9: warning: HLS pragma dump _XLX_SEP_ PragmaIsValid=1_XLX_SEP_ PragmaType=pipeline_XLX_SEP_ PragmaContext=_XLX_SEP_ PragmaFunction=exp_XLX_SEP_ PragmaOptions=_XLX_SEP_ [-Wdump-hls-pragmas]
#pragma HLS pipeline
        ^
/tools/Xilinx/Vitis_HLS/2023.2/common/technology/autopilot/etc/hls_exp_apfixed.h:69:9: warning: HLS pragma dump _XLX_SEP_ PragmaIsValid=1_XLX_SEP_ PragmaType=unroll_XLX_SEP_ PragmaContext=_XLX_SEP_ PragmaFunction=exp_XLX_SEP_ PragmaOptions=_XLX_SEP_ [-Wdump-hls-pragmas]
#pragma HLS unroll
        ^
/tools/Xilinx/Vitis_HLS/2023.2/common/technology/autopilot/etc/hls_exp_apfixed.h:75:9: warning: HLS pragma dump _XLX_SEP_ PragmaIsValid=1_XLX_SEP_ PragmaType=unroll_XLX_SEP_ PragmaContext=_XLX_SEP_ PragmaFunction=exp_XLX_SEP_ PragmaOptions=_XLX_SEP_ [-Wdump-hls-pragmas]
#pragma HLS unroll
        ^
/tools/Xilinx/Vitis_HLS/2023.2/common/technology/autopilot/etc/hls_exp_apfixed.h:79:9: warning: HLS pragma dump _XLX_SEP_ PragmaIsValid=1_XLX_SEP_ PragmaType=unroll_XLX_SEP_ PragmaContext=_XLX_SEP_ PragmaFunction=exp_XLX_SEP_ PragmaOptions=_XLX_SEP_ [-Wdump-hls-pragmas]
#pragma HLS unroll
        ^
/tools/Xilinx/Vitis_HLS/2023.2/common/technology/autopilot/etc/hls_exp_apfixed.h:146:9: warning: HLS pragma dump _XLX_SEP_ PragmaIsValid=1_XLX_SEP_ PragmaType=unroll_XLX_SEP_ PragmaContext=_XLX_SEP_ PragmaFunction=exp_XLX_SEP_ PragmaOptions=_XLX_SEP_ [-Wdump-hls-pragmas]
#pragma HLS unroll
        ^
/tools/Xilinx/Vitis_HLS/2023.2/common/technology/autopilot/etc/hls_exp_apfixed.h:152:9: warning: HLS pragma dump _XLX_SEP_ PragmaIsValid=1_XLX_SEP_ PragmaType=unroll_XLX_SEP_ PragmaContext=_XLX_SEP_ PragmaFunction=exp_XLX_SEP_ PragmaOptions=_XLX_SEP_ [-Wdump-hls-pragmas]
#pragma HLS unroll
        ^
/tools/Xilinx/Vitis_HLS/2023.2/common/technology/autopilot/etc/hls_exp_apfixed.h:156:9: warning: HLS pragma dump _XLX_SEP_ PragmaIsValid=1_XLX_SEP_ PragmaType=unroll_XLX_SEP_ PragmaContext=_XLX_SEP_ PragmaFunction=exp_XLX_SEP_ PragmaOptions=_XLX_SEP_ [-Wdump-hls-pragmas]
#pragma HLS unroll
        ^
/tools/Xilinx/Vitis_HLS/2023.2/common/technology/autopilot/etc/hls_exp_apfixed.h:171:9: warning: HLS pragma dump _XLX_SEP_ PragmaIsValid=1_XLX_SEP_ PragmaType=unroll_XLX_SEP_ PragmaContext=_XLX_SEP_ PragmaFunction=exp_XLX_SEP_ PragmaOptions=_XLX_SEP_ [-Wdump-hls-pragmas]
#pragma HLS unroll
        ^
/tools/Xilinx/Vitis_HLS/2023.2/common/technology/autopilot/etc/hls_exp_apfixed.h:179:9: warning: HLS pragma dump _XLX_SEP_ PragmaIsValid=1_XLX_SEP_ PragmaType=unroll_XLX_SEP_ PragmaContext=_XLX_SEP_ PragmaFunction=exp_XLX_SEP_ PragmaOptions=_XLX_SEP_ [-Wdump-hls-pragmas]
#pragma HLS unroll
        ^
/tools/Xilinx/Vitis_HLS/2023.2/common/technology/autopilot/etc/hls_exp_apfixed.h:244:9: warning: HLS pragma dump _XLX_SEP_ PragmaIsValid=1_XLX_SEP_ PragmaType=unroll_XLX_SEP_ PragmaContext=_XLX_SEP_ PragmaFunction=exp_XLX_SEP_ PragmaOptions=_XLX_SEP_ [-Wdump-hls-pragmas]
#pragma HLS unroll
        ^
/tools/Xilinx/Vitis_HLS/2023.2/common/technology/autopilot/etc/hls_exp_apfixed.h:250:9: warning: HLS pragma dump _XLX_SEP_ PragmaIsValid=1_XLX_SEP_ PragmaType=unroll_XLX_SEP_ PragmaContext=_XLX_SEP_ PragmaFunction=exp_XLX_SEP_ PragmaOptions=_XLX_SEP_ [-Wdump-hls-pragmas]
#pragma HLS unroll
        ^
/tools/Xilinx/Vitis_HLS/2023.2/common/technology/autopilot/etc/hls_exp_apfixed.h:254:9: warning: HLS pragma dump _XLX_SEP_ PragmaIsValid=1_XLX_SEP_ PragmaType=unroll_XLX_SEP_ PragmaContext=_XLX_SEP_ PragmaFunction=exp_XLX_SEP_ PragmaOptions=_XLX_SEP_ [-Wdump-hls-pragmas]
#pragma HLS unroll
        ^
/tools/Xilinx/Vitis_HLS/2023.2/common/technology/autopilot/etc/hls_exp_apfixed.h:269:9: warning: HLS pragma dump _XLX_SEP_ PragmaIsValid=1_XLX_SEP_ PragmaType=unroll_XLX_SEP_ PragmaContext=_XLX_SEP_ PragmaFunction=exp_XLX_SEP_ PragmaOptions=_XLX_SEP_ [-Wdump-hls-pragmas]
#pragma HLS unroll
        ^
/tools/Xilinx/Vitis_HLS/2023.2/common/technology/autopilot/etc/hls_exp_apfixed.h:277:9: warning: HLS pragma dump _XLX_SEP_ PragmaIsValid=1_XLX_SEP_ PragmaType=unroll_XLX_SEP_ PragmaContext=_XLX_SEP_ PragmaFunction=exp_XLX_SEP_ PragmaOptions=_XLX_SEP_ [-Wdump-hls-pragmas]
#pragma HLS unroll
        ^
/tools/Xilinx/Vitis_HLS/2023.2/common/technology/autopilot/etc/hls_exp_apfixed.h:506:9: warning: HLS pragma dump _XLX_SEP_ PragmaIsValid=1_XLX_SEP_ PragmaType=unroll_XLX_SEP_ PragmaContext=_XLX_SEP_ PragmaFunction=exp_XLX_SEP_ PragmaOptions=_XLX_SEP_ [-Wdump-hls-pragmas]
#pragma HLS unroll
        ^
/tools/Xilinx/Vitis_HLS/2023.2/common/technology/autopilot/etc/hls_exp_apfixed.h:512:9: warning: HLS pragma dump _XLX_SEP_ PragmaIsValid=1_XLX_SEP_ PragmaType=unroll_XLX_SEP_ PragmaContext=_XLX_SEP_ PragmaFunction=exp_XLX_SEP_ PragmaOptions=_XLX_SEP_ [-Wdump-hls-pragmas]
#pragma HLS unroll
        ^
/tools/Xilinx/Vitis_HLS/2023.2/common/technology/autopilot/etc/hls_exp_apfixed.h:516:9: warning: HLS pragma dump _XLX_SEP_ PragmaIsValid=1_XLX_SEP_ PragmaType=unroll_XLX_SEP_ PragmaContext=_XLX_SEP_ PragmaFunction=exp_XLX_SEP_ PragmaOptions=_XLX_SEP_ [-Wdump-hls-pragmas]
#pragma HLS unroll
        ^
/tools/Xilinx/Vitis_HLS/2023.2/common/technology/autopilot/etc/hls_exp_apfixed.h:526:9: warning: HLS pragma dump _XLX_SEP_ PragmaIsValid=1_XLX_SEP_ PragmaType=unroll_XLX_SEP_ PragmaContext=_XLX_SEP_ PragmaFunction=exp_XLX_SEP_ PragmaOptions=_XLX_SEP_ [-Wdump-hls-pragmas]
#pragma HLS unroll
        ^
/tools/Xilinx/Vitis_HLS/2023.2/common/technology/autopilot/etc/hls_exp_apfixed.h:530:9: warning: HLS pragma dump _XLX_SEP_ PragmaIsValid=1_XLX_SEP_ PragmaType=unroll_XLX_SEP_ PragmaContext=_XLX_SEP_ PragmaFunction=exp_XLX_SEP_ PragmaOptions=_XLX_SEP_ [-Wdump-hls-pragmas]
#pragma HLS unroll
        ^
/tools/Xilinx/Vitis_HLS/2023.2/common/technology/autopilot/etc/hls_exp_apfixed.h:540:9: warning: HLS pragma dump _XLX_SEP_ PragmaIsValid=1_XLX_SEP_ PragmaType=unroll_XLX_SEP_ PragmaContext=_XLX_SEP_ PragmaFunction=exp_XLX_SEP_ PragmaOptions=_XLX_SEP_ [-Wdump-hls-pragmas]
#pragma HLS unroll
        ^
/tools/Xilinx/Vitis_HLS/2023.2/common/technology/autopilot/etc/hls_exp_apfixed.h:548:9: warning: HLS pragma dump _XLX_SEP_ PragmaIsValid=1_XLX_SEP_ PragmaType=unroll_XLX_SEP_ PragmaContext=_XLX_SEP_ PragmaFunction=exp_XLX_SEP_ PragmaOptions=_XLX_SEP_ [-Wdump-hls-pragmas]
#pragma HLS unroll
        ^
/tools/Xilinx/Vitis_HLS/2023.2/common/technology/autopilot/etc/hls_exp_apfixed.h:909:9: warning: HLS pragma dump _XLX_SEP_ PragmaIsValid=1_XLX_SEP_ PragmaType=unroll_XLX_SEP_ PragmaContext=_XLX_SEP_ PragmaFunction=exp_XLX_SEP_ PragmaOptions=_XLX_SEP_ [-Wdump-hls-pragmas]
#pragma HLS unroll
        ^
/tools/Xilinx/Vitis_HLS/2023.2/common/technology/autopilot/etc/hls_exp_apfixed.h:915:9: warning: HLS pragma dump _XLX_SEP_ PragmaIsValid=1_XLX_SEP_ PragmaType=unroll_XLX_SEP_ PragmaContext=_XLX_SEP_ PragmaFunction=exp_XLX_SEP_ PragmaOptions=_XLX_SEP_ [-Wdump-hls-pragmas]
#pragma HLS unroll
        ^
/tools/Xilinx/Vitis_HLS/2023.2/common/technology/autopilot/etc/hls_exp_apfixed.h:919:9: warning: HLS pragma dump _XLX_SEP_ PragmaIsValid=1_XLX_SEP_ PragmaType=unroll_XLX_SEP_ PragmaContext=_XLX_SEP_ PragmaFunction=exp_XLX_SEP_ PragmaOptions=_XLX_SEP_ [-Wdump-hls-pragmas]
#pragma HLS unroll
        ^
/tools/Xilinx/Vitis_HLS/2023.2/common/technology/autopilot/etc/hls_exp_apfixed.h:933:9: warning: HLS pragma dump _XLX_SEP_ PragmaIsValid=1_XLX_SEP_ PragmaType=pipeline_XLX_SEP_ PragmaContext=_XLX_SEP_ PragmaFunction=exp_core_XLX_SEP_ PragmaOptions=_XLX_SEP_ [-Wdump-hls-pragmas]
#pragma HLS pipeline
        ^
/tools/Xilinx/Vitis_HLS/2023.2/common/technology/autopilot/etc/hls_exp_apfixed.h:1035:9: warning: HLS pragma dump _XLX_SEP_ PragmaIsValid=1_XLX_SEP_ PragmaType=unroll_XLX_SEP_ PragmaContext=_XLX_SEP_ PragmaFunction=exp_core_XLX_SEP_ PragmaOptions=_XLX_SEP_ [-Wdump-hls-pragmas]
#pragma HLS unroll
        ^
/tools/Xilinx/Vitis_HLS/2023.2/common/technology/autopilot/etc/hls_exp_apfixed.h:1041:9: warning: HLS pragma dump _XLX_SEP_ PragmaIsValid=1_XLX_SEP_ PragmaType=unroll_XLX_SEP_ PragmaContext=_XLX_SEP_ PragmaFunction=exp_core_XLX_SEP_ PragmaOptions=_XLX_SEP_ [-Wdump-hls-pragmas]
#pragma HLS unroll
        ^
/tools/Xilinx/Vitis_HLS/2023.2/common/technology/autopilot/etc/hls_exp_apfixed.h:1045:9: warning: HLS pragma dump _XLX_SEP_ PragmaIsValid=1_XLX_SEP_ PragmaType=unroll_XLX_SEP_ PragmaContext=_XLX_SEP_ PragmaFunction=exp_core_XLX_SEP_ PragmaOptions=_XLX_SEP_ [-Wdump-hls-pragmas]
#pragma HLS unroll
        ^
/tools/Xilinx/Vitis_HLS/2023.2/common/technology/autopilot/etc/hls_exp_apfixed.h:1132:9: warning: HLS pragma dump _XLX_SEP_ PragmaIsValid=1_XLX_SEP_ PragmaType=unroll_XLX_SEP_ PragmaContext=_XLX_SEP_ PragmaFunction=exp_core_XLX_SEP_ PragmaOptions=_XLX_SEP_ [-Wdump-hls-pragmas]
#pragma HLS unroll
        ^
/tools/Xilinx/Vitis_HLS/2023.2/common/technology/autopilot/etc/hls_exp_apfixed.h:1138:9: warning: HLS pragma dump _XLX_SEP_ PragmaIsValid=1_XLX_SEP_ PragmaType=unroll_XLX_SEP_ PragmaContext=_XLX_SEP_ PragmaFunction=exp_core_XLX_SEP_ PragmaOptions=_XLX_SEP_ [-Wdump-hls-pragmas]
#pragma HLS unroll
        ^
/tools/Xilinx/Vitis_HLS/2023.2/common/technology/autopilot/etc/hls_exp_apfixed.h:1142:9: warning: HLS pragma dump _XLX_SEP_ PragmaIsValid=1_XLX_SEP_ PragmaType=unroll_XLX_SEP_ PragmaContext=_XLX_SEP_ PragmaFunction=exp_core_XLX_SEP_ PragmaOptions=_XLX_SEP_ [-Wdump-hls-pragmas]
#pragma HLS unroll
        ^
/tools/Xilinx/Vitis_HLS/2023.2/common/technology/autopilot/etc/hls_exp_apfixed.h:1161:9: warning: HLS pragma dump _XLX_SEP_ PragmaIsValid=1_XLX_SEP_ PragmaType=unroll_XLX_SEP_ PragmaContext=_XLX_SEP_ PragmaFunction=exp_core_XLX_SEP_ PragmaOptions=_XLX_SEP_ [-Wdump-hls-pragmas]
#pragma HLS unroll
        ^
/tools/Xilinx/Vitis_HLS/2023.2/common/technology/autopilot/etc/hls_exp_apfixed.h:1168:9: warning: HLS pragma dump _XLX_SEP_ PragmaIsValid=1_XLX_SEP_ PragmaType=unroll_XLX_SEP_ PragmaContext=_XLX_SEP_ PragmaFunction=exp_core_XLX_SEP_ PragmaOptions=_XLX_SEP_ [-Wdump-hls-pragmas]
#pragma HLS unroll
        ^
/tools/Xilinx/Vitis_HLS/2023.2/common/technology/autopilot/etc/hls_exp_apfixed.h:1284:9: warning: HLS pragma dump _XLX_SEP_ PragmaIsValid=1_XLX_SEP_ PragmaType=unroll_XLX_SEP_ PragmaContext=_XLX_SEP_ PragmaFunction=exp_core_XLX_SEP_ PragmaOptions=_XLX_SEP_ [-Wdump-hls-pragmas]
#pragma HLS unroll
        ^
/tools/Xilinx/Vitis_HLS/2023.2/common/technology/autopilot/etc/hls_exp_apfixed.h:1290:9: warning: HLS pragma dump _XLX_SEP_ PragmaIsValid=1_XLX_SEP_ PragmaType=unroll_XLX_SEP_ PragmaContext=_XLX_SEP_ PragmaFunction=exp_core_XLX_SEP_ PragmaOptions=_XLX_SEP_ [-Wdump-hls-pragmas]
#pragma HLS unroll
        ^
/tools/Xilinx/Vitis_HLS/2023.2/common/technology/autopilot/etc/hls_exp_apfixed.h:1294:9: warning: HLS pragma dump _XLX_SEP_ PragmaIsValid=1_XLX_SEP_ PragmaType=unroll_XLX_SEP_ PragmaContext=_XLX_SEP_ PragmaFunction=exp_core_XLX_SEP_ PragmaOptions=_XLX_SEP_ [-Wdump-hls-pragmas]
#pragma HLS unroll
        ^
/tools/Xilinx/Vitis_HLS/2023.2/common/technology/autopilot/etc/hls_exp_apfixed.h:1314:9: warning: HLS pragma dump _XLX_SEP_ PragmaIsValid=1_XLX_SEP_ PragmaType=unroll_XLX_SEP_ PragmaContext=_XLX_SEP_ PragmaFunction=exp_core_XLX_SEP_ PragmaOptions=_XLX_SEP_ [-Wdump-hls-pragmas]
#pragma HLS unroll
        ^
/tools/Xilinx/Vitis_HLS/2023.2/common/technology/autopilot/etc/hls_exp_apfixed.h:1321:9: warning: HLS pragma dump _XLX_SEP_ PragmaIsValid=1_XLX_SEP_ PragmaType=unroll_XLX_SEP_ PragmaContext=_XLX_SEP_ PragmaFunction=exp_core_XLX_SEP_ PragmaOptions=_XLX_SEP_ [-Wdump-hls-pragmas]
#pragma HLS unroll
        ^
/tools/Xilinx/Vitis_HLS/2023.2/common/technology/autopilot/etc/hls_exp_apfixed.h:1583:9: warning: HLS pragma dump _XLX_SEP_ PragmaIsValid=1_XLX_SEP_ PragmaType=unroll_XLX_SEP_ PragmaContext=_XLX_SEP_ PragmaFunction=exp_core_XLX_SEP_ PragmaOptions=_XLX_SEP_ [-Wdump-hls-pragmas]
#pragma HLS unroll
        ^
/tools/Xilinx/Vitis_HLS/2023.2/common/technology/autopilot/etc/hls_exp_apfixed.h:1589:9: warning: HLS pragma dump _XLX_SEP_ PragmaIsValid=1_XLX_SEP_ PragmaType=unroll_XLX_SEP_ PragmaContext=_XLX_SEP_ PragmaFunction=exp_core_XLX_SEP_ PragmaOptions=_XLX_SEP_ [-Wdump-hls-pragmas]
#pragma HLS unroll
        ^
/tools/Xilinx/Vitis_HLS/2023.2/common/technology/autopilot/etc/hls_exp_apfixed.h:1593:9: warning: HLS pragma dump _XLX_SEP_ PragmaIsValid=1_XLX_SEP_ PragmaType=unroll_XLX_SEP_ PragmaContext=_XLX_SEP_ PragmaFunction=exp_core_XLX_SEP_ PragmaOptions=_XLX_SEP_ [-Wdump-hls-pragmas]
#pragma HLS unroll
        ^
/tools/Xilinx/Vitis_HLS/2023.2/common/technology/autopilot/etc/hls_exp_apfixed.h:1617:9: warning: HLS pragma dump _XLX_SEP_ PragmaIsValid=1_XLX_SEP_ PragmaType=unroll_XLX_SEP_ PragmaContext=_XLX_SEP_ PragmaFunction=exp_core_XLX_SEP_ PragmaOptions=_XLX_SEP_ [-Wdump-hls-pragmas]
#pragma HLS unroll
        ^
/tools/Xilinx/Vitis_HLS/2023.2/common/technology/autopilot/etc/hls_exp_apfixed.h:1624:9: warning: HLS pragma dump _XLX_SEP_ PragmaIsValid=1_XLX_SEP_ PragmaType=unroll_XLX_SEP_ PragmaContext=_XLX_SEP_ PragmaFunction=exp_core_XLX_SEP_ PragmaOptions=_XLX_SEP_ [-Wdump-hls-pragmas]
#pragma HLS unroll
        ^
/tools/Xilinx/Vitis_HLS/2023.2/common/technology/autopilot/etc/hls_exp_apfixed.h:2054:9: warning: HLS pragma dump _XLX_SEP_ PragmaIsValid=1_XLX_SEP_ PragmaType=unroll_XLX_SEP_ PragmaContext=_XLX_SEP_ PragmaFunction=exp_core_XLX_SEP_ PragmaOptions=_XLX_SEP_ [-Wdump-hls-pragmas]
#pragma HLS unroll
        ^
/tools/Xilinx/Vitis_HLS/2023.2/common/technology/autopilot/etc/hls_exp_apfixed.h:2060:9: warning: HLS pragma dump _XLX_SEP_ PragmaIsValid=1_XLX_SEP_ PragmaType=unroll_XLX_SEP_ PragmaContext=_XLX_SEP_ PragmaFunction=exp_core_XLX_SEP_ PragmaOptions=_XLX_SEP_ [-Wdump-hls-pragmas]
#pragma HLS unroll
        ^
/tools/Xilinx/Vitis_HLS/2023.2/common/technology/autopilot/etc/hls_exp_apfixed.h:2064:9: warning: HLS pragma dump _XLX_SEP_ PragmaIsValid=1_XLX_SEP_ PragmaType=unroll_XLX_SEP_ PragmaContext=_XLX_SEP_ PragmaFunction=exp_core_XLX_SEP_ PragmaOptions=_XLX_SEP_ [-Wdump-hls-pragmas]
#pragma HLS unroll
        ^
/tools/Xilinx/Vitis_HLS/2023.2/common/technology/autopilot/etc/hls_exp_apfixed.h:2194:9: warning: HLS pragma dump _XLX_SEP_ PragmaIsValid=1_XLX_SEP_ PragmaType=unroll_XLX_SEP_ PragmaContext=_XLX_SEP_ PragmaFunction=exp2_XLX_SEP_ PragmaOptions=_XLX_SEP_ [-Wdump-hls-pragmas]
#pragma HLS unroll
        ^
/tools/Xilinx/Vitis_HLS/2023.2/common/technology/autopilot/etc/hls_exp_apfixed.h:2201:9: warning: HLS pragma dump _XLX_SEP_ PragmaIsValid=1_XLX_SEP_ PragmaType=unroll_XLX_SEP_ PragmaContext=_XLX_SEP_ PragmaFunction=exp2_XLX_SEP_ PragmaOptions=_XLX_SEP_ [-Wdump-hls-pragmas]
#pragma HLS unroll
        ^
/tools/Xilinx/Vitis_HLS/2023.2/common/technology/autopilot/etc/hls_exp_apfixed.h:2205:9: warning: HLS pragma dump _XLX_SEP_ PragmaIsValid=1_XLX_SEP_ PragmaType=unroll_XLX_SEP_ PragmaContext=_XLX_SEP_ PragmaFunction=exp2_XLX_SEP_ PragmaOptions=_XLX_SEP_ [-Wdump-hls-pragmas]
#pragma HLS unroll
        ^
/tools/Xilinx/Vitis_HLS/2023.2/common/technology/autopilot/etc/hls_exp_apfixed.h:2252:9: warning: HLS pragma dump _XLX_SEP_ PragmaIsValid=1_XLX_SEP_ PragmaType=unroll_XLX_SEP_ PragmaContext=_XLX_SEP_ PragmaFunction=exp2_XLX_SEP_ PragmaOptions=_XLX_SEP_ [-Wdump-hls-pragmas]
#pragma HLS unroll
        ^
/tools/Xilinx/Vitis_HLS/2023.2/common/technology/autopilot/etc/hls_exp_apfixed.h:2259:9: warning: HLS pragma dump _XLX_SEP_ PragmaIsValid=1_XLX_SEP_ PragmaType=unroll_XLX_SEP_ PragmaContext=_XLX_SEP_ PragmaFunction=exp2_XLX_SEP_ PragmaOptions=_XLX_SEP_ [-Wdump-hls-pragmas]
#pragma HLS unroll
        ^
/tools/Xilinx/Vitis_HLS/2023.2/common/technology/autopilot/etc/hls_exp_apfixed.h:2263:9: warning: HLS pragma dump _XLX_SEP_ PragmaIsValid=1_XLX_SEP_ PragmaType=unroll_XLX_SEP_ PragmaContext=_XLX_SEP_ PragmaFunction=exp2_XLX_SEP_ PragmaOptions=_XLX_SEP_ [-Wdump-hls-pragmas]
#pragma HLS unroll
        ^
/tools/Xilinx/Vitis_HLS/2023.2/common/technology/autopilot/etc/hls_exp_apfixed.h:2281:9: warning: HLS pragma dump _XLX_SEP_ PragmaIsValid=1_XLX_SEP_ PragmaType=unroll_XLX_SEP_ PragmaContext=_XLX_SEP_ PragmaFunction=exp2_XLX_SEP_ PragmaOptions=_XLX_SEP_ [-Wdump-hls-pragmas]
#pragma HLS unroll
        ^
/tools/Xilinx/Vitis_HLS/2023.2/common/technology/autopilot/etc/hls_exp_apfixed.h:2336:9: warning: HLS pragma dump _XLX_SEP_ PragmaIsValid=1_XLX_SEP_ PragmaType=unroll_XLX_SEP_ PragmaContext=_XLX_SEP_ PragmaFunction=exp2_XLX_SEP_ PragmaOptions=_XLX_SEP_ [-Wdump-hls-pragmas]
#pragma HLS unroll
        ^
/tools/Xilinx/Vitis_HLS/2023.2/common/technology/autopilot/etc/hls_exp_apfixed.h:2343:9: warning: HLS pragma dump _XLX_SEP_ PragmaIsValid=1_XLX_SEP_ PragmaType=unroll_XLX_SEP_ PragmaContext=_XLX_SEP_ PragmaFunction=exp2_XLX_SEP_ PragmaOptions=_XLX_SEP_ [-Wdump-hls-pragmas]
#pragma HLS unroll
        ^
/tools/Xilinx/Vitis_HLS/2023.2/common/technology/autopilot/etc/hls_exp_apfixed.h:2347:9: warning: HLS pragma dump _XLX_SEP_ PragmaIsValid=1_XLX_SEP_ PragmaType=unroll_XLX_SEP_ PragmaContext=_XLX_SEP_ PragmaFunction=exp2_XLX_SEP_ PragmaOptions=_XLX_SEP_ [-Wdump-hls-pragmas]
#pragma HLS unroll
        ^
/tools/Xilinx/Vitis_HLS/2023.2/common/technology/autopilot/etc/hls_exp_apfixed.h:2365:9: warning: HLS pragma dump _XLX_SEP_ PragmaIsValid=1_XLX_SEP_ PragmaType=unroll_XLX_SEP_ PragmaContext=_XLX_SEP_ PragmaFunction=exp2_XLX_SEP_ PragmaOptions=_XLX_SEP_ [-Wdump-hls-pragmas]
#pragma HLS unroll
        ^
/tools/Xilinx/Vitis_HLS/2023.2/common/technology/autopilot/etc/hls_exp_apfixed.h:2454:9: warning: HLS pragma dump _XLX_SEP_ PragmaIsValid=1_XLX_SEP_ PragmaType=unroll_XLX_SEP_ PragmaContext=_XLX_SEP_ PragmaFunction=exp2_XLX_SEP_ PragmaOptions=_XLX_SEP_ [-Wdump-hls-pragmas]
#pragma HLS unroll
        ^
/tools/Xilinx/Vitis_HLS/2023.2/common/technology/autopilot/etc/hls_exp_apfixed.h:2461:9: warning: HLS pragma dump _XLX_SEP_ PragmaIsValid=1_XLX_SEP_ PragmaType=unroll_XLX_SEP_ PragmaContext=_XLX_SEP_ PragmaFunction=exp2_XLX_SEP_ PragmaOptions=_XLX_SEP_ [-Wdump-hls-pragmas]
#pragma HLS unroll
        ^
/tools/Xilinx/Vitis_HLS/2023.2/common/technology/autopilot/etc/hls_exp_apfixed.h:2465:9: warning: HLS pragma dump _XLX_SEP_ PragmaIsValid=1_XLX_SEP_ PragmaType=unroll_XLX_SEP_ PragmaContext=_XLX_SEP_ PragmaFunction=exp2_XLX_SEP_ PragmaOptions=_XLX_SEP_ [-Wdump-hls-pragmas]
#pragma HLS unroll
        ^
/tools/Xilinx/Vitis_HLS/2023.2/common/technology/autopilot/etc/hls_exp_apfixed.h:2475:9: warning: HLS pragma dump _XLX_SEP_ PragmaIsValid=1_XLX_SEP_ PragmaType=unroll_XLX_SEP_ PragmaContext=_XLX_SEP_ PragmaFunction=exp2_XLX_SEP_ PragmaOptions=_XLX_SEP_ [-Wdump-hls-pragmas]
#pragma HLS unroll
        ^
/tools/Xilinx/Vitis_HLS/2023.2/common/technology/autopilot/etc/hls_exp_apfixed.h:2479:9: warning: HLS pragma dump _XLX_SEP_ PragmaIsValid=1_XLX_SEP_ PragmaType=unroll_XLX_SEP_ PragmaContext=_XLX_SEP_ PragmaFunction=exp2_XLX_SEP_ PragmaOptions=_XLX_SEP_ [-Wdump-hls-pragmas]
#pragma HLS unroll
        ^
/tools/Xilinx/Vitis_HLS/2023.2/common/technology/autopilot/etc/hls_exp_apfixed.h:2490:9: warning: HLS pragma dump _XLX_SEP_ PragmaIsValid=1_XLX_SEP_ PragmaType=unroll_XLX_SEP_ PragmaContext=_XLX_SEP_ PragmaFunction=exp2_XLX_SEP_ PragmaOptions=_XLX_SEP_ [-Wdump-hls-pragmas]
#pragma HLS unroll
        ^
/tools/Xilinx/Vitis_HLS/2023.2/common/technology/autopilot/etc/hls_exp_apfixed.h:2498:9: warning: HLS pragma dump _XLX_SEP_ PragmaIsValid=1_XLX_SEP_ PragmaType=unroll_XLX_SEP_ PragmaContext=_XLX_SEP_ PragmaFunction=exp2_XLX_SEP_ PragmaOptions=_XLX_SEP_ [-Wdump-hls-pragmas]
#pragma HLS unroll
        ^
/tools/Xilinx/Vitis_HLS/2023.2/common/technology/autopilot/etc/hls_exp_apfixed.h:2823:9: warning: HLS pragma dump _XLX_SEP_ PragmaIsValid=1_XLX_SEP_ PragmaType=unroll_XLX_SEP_ PragmaContext=_XLX_SEP_ PragmaFunction=exp2_XLX_SEP_ PragmaOptions=_XLX_SEP_ [-Wdump-hls-pragmas]
#pragma HLS unroll
        ^
/tools/Xilinx/Vitis_HLS/2023.2/common/technology/autopilot/etc/hls_exp_apfixed.h:2830:9: warning: HLS pragma dump _XLX_SEP_ PragmaIsValid=1_XLX_SEP_ PragmaType=unroll_XLX_SEP_ PragmaContext=_XLX_SEP_ PragmaFunction=exp2_XLX_SEP_ PragmaOptions=_XLX_SEP_ [-Wdump-hls-pragmas]
#pragma HLS unroll
        ^
/tools/Xilinx/Vitis_HLS/2023.2/common/technology/autopilot/etc/hls_exp_apfixed.h:2834:9: warning: HLS pragma dump _XLX_SEP_ PragmaIsValid=1_XLX_SEP_ PragmaType=unroll_XLX_SEP_ PragmaContext=_XLX_SEP_ PragmaFunction=exp2_XLX_SEP_ PragmaOptions=_XLX_SEP_ [-Wdump-hls-pragmas]
#pragma HLS unroll
        ^
/tools/Xilinx/Vitis_HLS/2023.2/common/technology/autopilot/etc/hls_exp_apfixed.h:2922:9: warning: HLS pragma dump _XLX_SEP_ PragmaIsValid=1_XLX_SEP_ PragmaType=unroll_XLX_SEP_ PragmaContext=_XLX_SEP_ PragmaFunction=exp10_XLX_SEP_ PragmaOptions=_XLX_SEP_ [-Wdump-hls-pragmas]
#pragma HLS unroll
        ^
/tools/Xilinx/Vitis_HLS/2023.2/common/technology/autopilot/etc/hls_exp_apfixed.h:2929:9: warning: HLS pragma dump _XLX_SEP_ PragmaIsValid=1_XLX_SEP_ PragmaType=unroll_XLX_SEP_ PragmaContext=_XLX_SEP_ PragmaFunction=exp10_XLX_SEP_ PragmaOptions=_XLX_SEP_ [-Wdump-hls-pragmas]
#pragma HLS unroll
        ^
/tools/Xilinx/Vitis_HLS/2023.2/common/technology/autopilot/etc/hls_exp_apfixed.h:2933:9: warning: HLS pragma dump _XLX_SEP_ PragmaIsValid=1_XLX_SEP_ PragmaType=unroll_XLX_SEP_ PragmaContext=_XLX_SEP_ PragmaFunction=exp10_XLX_SEP_ PragmaOptions=_XLX_SEP_ [-Wdump-hls-pragmas]
#pragma HLS unroll
        ^
/tools/Xilinx/Vitis_HLS/2023.2/common/technology/autopilot/etc/hls_exp_apfixed.h:2948:9: warning: HLS pragma dump _XLX_SEP_ PragmaIsValid=1_XLX_SEP_ PragmaType=unroll_XLX_SEP_ PragmaContext=_XLX_SEP_ PragmaFunction=exp10_XLX_SEP_ PragmaOptions=_XLX_SEP_ [-Wdump-hls-pragmas]
#pragma HLS unroll
        ^
/tools/Xilinx/Vitis_HLS/2023.2/common/technology/autopilot/etc/hls_exp_apfixed.h:2980:9: warning: HLS pragma dump _XLX_SEP_ PragmaIsValid=1_XLX_SEP_ PragmaType=unroll_XLX_SEP_ PragmaContext=_XLX_SEP_ PragmaFunction=exp10_XLX_SEP_ PragmaOptions=_XLX_SEP_ [-Wdump-hls-pragmas]
#pragma HLS unroll
        ^
/tools/Xilinx/Vitis_HLS/2023.2/common/technology/autopilot/etc/hls_exp_apfixed.h:2987:9: warning: HLS pragma dump _XLX_SEP_ PragmaIsValid=1_XLX_SEP_ PragmaType=unroll_XLX_SEP_ PragmaContext=_XLX_SEP_ PragmaFunction=exp10_XLX_SEP_ PragmaOptions=_XLX_SEP_ [-Wdump-hls-pragmas]
#pragma HLS unroll
        ^
/tools/Xilinx/Vitis_HLS/2023.2/common/technology/autopilot/etc/hls_exp_apfixed.h:2991:9: warning: HLS pragma dump _XLX_SEP_ PragmaIsValid=1_XLX_SEP_ PragmaType=unroll_XLX_SEP_ PragmaContext=_XLX_SEP_ PragmaFunction=exp10_XLX_SEP_ PragmaOptions=_XLX_SEP_ [-Wdump-hls-pragmas]
#pragma HLS unroll
        ^
/tools/Xilinx/Vitis_HLS/2023.2/common/technology/autopilot/etc/hls_exp_apfixed.h:3006:9: warning: HLS pragma dump _XLX_SEP_ PragmaIsValid=1_XLX_SEP_ PragmaType=unroll_XLX_SEP_ PragmaContext=_XLX_SEP_ PragmaFunction=exp10_XLX_SEP_ PragmaOptions=_XLX_SEP_ [-Wdump-hls-pragmas]
#pragma HLS unroll
        ^
/tools/Xilinx/Vitis_HLS/2023.2/common/technology/autopilot/etc/hls_exp_apfixed.h:3056:9: warning: HLS pragma dump _XLX_SEP_ PragmaIsValid=1_XLX_SEP_ PragmaType=unroll_XLX_SEP_ PragmaContext=_XLX_SEP_ PragmaFunction=exp10_XLX_SEP_ PragmaOptions=_XLX_SEP_ [-Wdump-hls-pragmas]
#pragma HLS unroll
        ^
/tools/Xilinx/Vitis_HLS/2023.2/common/technology/autopilot/etc/hls_exp_apfixed.h:3063:9: warning: HLS pragma dump _XLX_SEP_ PragmaIsValid=1_XLX_SEP_ PragmaType=unroll_XLX_SEP_ PragmaContext=_XLX_SEP_ PragmaFunction=exp10_XLX_SEP_ PragmaOptions=_XLX_SEP_ [-Wdump-hls-pragmas]
#pragma HLS unroll
        ^
/tools/Xilinx/Vitis_HLS/2023.2/common/technology/autopilot/etc/hls_exp_apfixed.h:3067:9: warning: HLS pragma dump _XLX_SEP_ PragmaIsValid=1_XLX_SEP_ PragmaType=unroll_XLX_SEP_ PragmaContext=_XLX_SEP_ PragmaFunction=exp10_XLX_SEP_ PragmaOptions=_XLX_SEP_ [-Wdump-hls-pragmas]
#pragma HLS unroll
        ^
/tools/Xilinx/Vitis_HLS/2023.2/common/technology/autopilot/etc/hls_exp_apfixed.h:3082:9: warning: HLS pragma dump _XLX_SEP_ PragmaIsValid=1_XLX_SEP_ PragmaType=unroll_XLX_SEP_ PragmaContext=_XLX_SEP_ PragmaFunction=exp10_XLX_SEP_ PragmaOptions=_XLX_SEP_ [-Wdump-hls-pragmas]
#pragma HLS unroll
        ^
/tools/Xilinx/Vitis_HLS/2023.2/common/technology/autopilot/etc/hls_exp_apfixed.h:3219:9: warning: HLS pragma dump _XLX_SEP_ PragmaIsValid=1_XLX_SEP_ PragmaType=unroll_XLX_SEP_ PragmaContext=_XLX_SEP_ PragmaFunction=exp10_XLX_SEP_ PragmaOptions=_XLX_SEP_ [-Wdump-hls-pragmas]
#pragma HLS unroll
        ^
/tools/Xilinx/Vitis_HLS/2023.2/common/technology/autopilot/etc/hls_exp_apfixed.h:3226:9: warning: HLS pragma dump _XLX_SEP_ PragmaIsValid=1_XLX_SEP_ PragmaType=unroll_XLX_SEP_ PragmaContext=_XLX_SEP_ PragmaFunction=exp10_XLX_SEP_ PragmaOptions=_XLX_SEP_ [-Wdump-hls-pragmas]
#pragma HLS unroll
        ^
/tools/Xilinx/Vitis_HLS/2023.2/common/technology/autopilot/etc/hls_exp_apfixed.h:3230:9: warning: HLS pragma dump _XLX_SEP_ PragmaIsValid=1_XLX_SEP_ PragmaType=unroll_XLX_SEP_ PragmaContext=_XLX_SEP_ PragmaFunction=exp10_XLX_SEP_ PragmaOptions=_XLX_SEP_ [-Wdump-hls-pragmas]
#pragma HLS unroll
        ^
/tools/Xilinx/Vitis_HLS/2023.2/common/technology/autopilot/etc/hls_exp_apfixed.h:3245:9: warning: HLS pragma dump _XLX_SEP_ PragmaIsValid=1_XLX_SEP_ PragmaType=unroll_XLX_SEP_ PragmaContext=_XLX_SEP_ PragmaFunction=exp10_XLX_SEP_ PragmaOptions=_XLX_SEP_ [-Wdump-hls-pragmas]
#pragma HLS unroll
        ^
/tools/Xilinx/Vitis_HLS/2023.2/common/technology/autopilot/etc/hls_exp_apfixed.h:3405:9: warning: HLS pragma dump _XLX_SEP_ PragmaIsValid=1_XLX_SEP_ PragmaType=unroll_XLX_SEP_ PragmaContext=_XLX_SEP_ PragmaFunction=exp10_XLX_SEP_ PragmaOptions=_XLX_SEP_ [-Wdump-hls-pragmas]
#pragma HLS unroll
        ^
/tools/Xilinx/Vitis_HLS/2023.2/common/technology/autopilot/etc/hls_exp_apfixed.h:3412:9: warning: HLS pragma dump _XLX_SEP_ PragmaIsValid=1_XLX_SEP_ PragmaType=unroll_XLX_SEP_ PragmaContext=_XLX_SEP_ PragmaFunction=exp10_XLX_SEP_ PragmaOptions=_XLX_SEP_ [-Wdump-hls-pragmas]
#pragma HLS unroll
        ^
/tools/Xilinx/Vitis_HLS/2023.2/common/technology/autopilot/etc/hls_exp_apfixed.h:3416:9: warning: HLS pragma dump _XLX_SEP_ PragmaIsValid=1_XLX_SEP_ PragmaType=unroll_XLX_SEP_ PragmaContext=_XLX_SEP_ PragmaFunction=exp10_XLX_SEP_ PragmaOptions=_XLX_SEP_ [-Wdump-hls-pragmas]
#pragma HLS unroll
        ^
In file included from /home/silvenchen/Desktop/systolic_test/SA_workdict/tiny_sa/kernel.cpp:242:
In file included from /tools/Xilinx/Vitis_HLS/2023.2/common/technology/autopilot/hls_math.h:1042:
/tools/Xilinx/Vitis_HLS/2023.2/common/technology/autopilot/etc/hls_log_apfixed.h:475:9: warning: HLS pragma dump _XLX_SEP_ PragmaIsValid=1_XLX_SEP_ PragmaType=pipeline_XLX_SEP_ PragmaContext=_XLX_SEP_ PragmaFunction=log_XLX_SEP_ PragmaOptions=_XLX_SEP_ [-Wdump-hls-pragmas]
#pragma HLS pipeline
        ^
/tools/Xilinx/Vitis_HLS/2023.2/common/technology/autopilot/etc/hls_log_apfixed.h:704:9: warning: HLS pragma dump _XLX_SEP_ PragmaIsValid=1_XLX_SEP_ PragmaType=unroll_XLX_SEP_ PragmaContext=_XLX_SEP_ PragmaFunction=log_XLX_SEP_ PragmaOptions=_XLX_SEP_ [-Wdump-hls-pragmas]
#pragma HLS unroll
        ^
/tools/Xilinx/Vitis_HLS/2023.2/common/technology/autopilot/etc/hls_log_apfixed.h:792:9: warning: HLS pragma dump _XLX_SEP_ PragmaIsValid=1_XLX_SEP_ PragmaType=pipeline_XLX_SEP_ PragmaContext=_XLX_SEP_ PragmaFunction=log10_XLX_SEP_ PragmaOptions=_XLX_SEP_ [-Wdump-hls-pragmas]
#pragma HLS pipeline
        ^
/tools/Xilinx/Vitis_HLS/2023.2/common/technology/autopilot/etc/hls_log_apfixed.h:922:9: warning: HLS pragma dump _XLX_SEP_ PragmaIsValid=1_XLX_SEP_ PragmaType=unroll_XLX_SEP_ PragmaContext=_XLX_SEP_ PragmaFunction=log10_XLX_SEP_ PragmaOptions=_XLX_SEP_ [-Wdump-hls-pragmas]
#pragma HLS unroll
        ^
/tools/Xilinx/Vitis_HLS/2023.2/common/technology/autopilot/etc/hls_log_apfixed.h:1068:9: warning: HLS pragma dump _XLX_SEP_ PragmaIsValid=1_XLX_SEP_ PragmaType=pipeline_XLX_SEP_ PragmaContext=_XLX_SEP_ PragmaFunction=log2_XLX_SEP_ PragmaOptions=_XLX_SEP_ [-Wdump-hls-pragmas]
#pragma HLS pipeline
        ^
/tools/Xilinx/Vitis_HLS/2023.2/common/technology/autopilot/etc/hls_log_apfixed.h:1346:9: warning: HLS pragma dump _XLX_SEP_ PragmaIsValid=1_XLX_SEP_ PragmaType=unroll_XLX_SEP_ PragmaContext=_XLX_SEP_ PragmaFunction=log2_XLX_SEP_ PragmaOptions=_XLX_SEP_ [-Wdump-hls-pragmas]
#pragma HLS unroll
        ^
In file included from /home/silvenchen/Desktop/systolic_test/SA_workdict/tiny_sa/kernel.cpp:242:
In file included from /tools/Xilinx/Vitis_HLS/2023.2/common/technology/autopilot/hls_math.h:1043:
/tools/Xilinx/Vitis_HLS/2023.2/common/technology/autopilot/etc/hls_sqrt_apfixed.h:18:9: warning: HLS pragma dump _XLX_SEP_ PragmaIsValid=1_XLX_SEP_ PragmaType=pipeline_XLX_SEP_ PragmaContext=_XLX_SEP_ PragmaFunction=sqrt_fixed_XLX_SEP_ PragmaOptions=_XLX_SEP_ [-Wdump-hls-pragmas]
#pragma HLS pipeline
        ^
/tools/Xilinx/Vitis_HLS/2023.2/common/technology/autopilot/etc/hls_sqrt_apfixed.h:241:9: warning: HLS pragma dump _XLX_SEP_ PragmaIsValid=1_XLX_SEP_ PragmaType=unroll_XLX_SEP_ PragmaContext=_XLX_SEP_ PragmaFunction=sqrt_fixed_XLX_SEP_ PragmaOptions=_XLX_SEP_ [-Wdump-hls-pragmas]
#pragma HLS unroll
        ^
/tools/Xilinx/Vitis_HLS/2023.2/common/technology/autopilot/etc/hls_sqrt_apfixed.h:269:9: warning: HLS pragma dump _XLX_SEP_ PragmaIsValid=1_XLX_SEP_ PragmaType=unroll_XLX_SEP_ PragmaContext=_XLX_SEP_ PragmaFunction=sqrt_fixed_XLX_SEP_ PragmaOptions=_XLX_SEP_ [-Wdump-hls-pragmas]
#pragma HLS unroll
        ^
/tools/Xilinx/Vitis_HLS/2023.2/common/technology/autopilot/etc/hls_sqrt_apfixed.h:367:9: warning: HLS pragma dump _XLX_SEP_ PragmaIsValid=1_XLX_SEP_ PragmaType=pipeline_XLX_SEP_ PragmaContext=_XLX_SEP_ PragmaFunction=rsqrt_fixed_XLX_SEP_ PragmaOptions=_XLX_SEP_ [-Wdump-hls-pragmas]
#pragma HLS pipeline
        ^
/tools/Xilinx/Vitis_HLS/2023.2/common/technology/autopilot/etc/hls_sqrt_apfixed.h:414:9: warning: HLS pragma dump _XLX_SEP_ PragmaIsValid=1_XLX_SEP_ PragmaType=pipeline_XLX_SEP_ PragmaContext=_XLX_SEP_ PragmaFunction=recip_fixed_XLX_SEP_ PragmaOptions=_XLX_SEP_ [-Wdump-hls-pragmas]
#pragma HLS pipeline
        ^
In file included from /home/silvenchen/Desktop/systolic_test/SA_workdict/tiny_sa/kernel.cpp:242:
In file included from /tools/Xilinx/Vitis_HLS/2023.2/common/technology/autopilot/hls_math.h:1044:
/tools/Xilinx/Vitis_HLS/2023.2/common/technology/autopilot/etc/hls_round_copysign_apfixed.h:14:9: warning: HLS pragma dump _XLX_SEP_ PragmaIsValid=1_XLX_SEP_ PragmaType=pipeline_XLX_SEP_ PragmaContext=_XLX_SEP_ PragmaFunction=ceil_fixed_XLX_SEP_ PragmaOptions=_XLX_SEP_ [-Wdump-hls-pragmas]
#pragma HLS pipeline
        ^
/tools/Xilinx/Vitis_HLS/2023.2/common/technology/autopilot/etc/hls_round_copysign_apfixed.h:31:9: warning: HLS pragma dump _XLX_SEP_ PragmaIsValid=1_XLX_SEP_ PragmaType=pipeline_XLX_SEP_ PragmaContext=_XLX_SEP_ PragmaFunction=ceil_fixed_XLX_SEP_ PragmaOptions=_XLX_SEP_ [-Wdump-hls-pragmas]
#pragma HLS pipeline
        ^
/tools/Xilinx/Vitis_HLS/2023.2/common/technology/autopilot/etc/hls_round_copysign_apfixed.h:91:9: warning: HLS pragma dump _XLX_SEP_ PragmaIsValid=1_XLX_SEP_ PragmaType=pipeline_XLX_SEP_ PragmaContext=_XLX_SEP_ PragmaFunction=trunc_fixed_XLX_SEP_ PragmaOptions=_XLX_SEP_ [-Wdump-hls-pragmas]
#pragma HLS pipeline
        ^
/tools/Xilinx/Vitis_HLS/2023.2/common/technology/autopilot/etc/hls_round_copysign_apfixed.h:177:9: warning: HLS pragma dump _XLX_SEP_ PragmaIsValid=1_XLX_SEP_ PragmaType=pipeline_XLX_SEP_ PragmaContext=_XLX_SEP_ PragmaFunction=round_fixed_XLX_SEP_ PragmaOptions=_XLX_SEP_ [-Wdump-hls-pragmas]
#pragma HLS pipeline
        ^
/tools/Xilinx/Vitis_HLS/2023.2/common/technology/autopilot/etc/hls_round_copysign_apfixed.h:213:9: warning: HLS pragma dump _XLX_SEP_ PragmaIsValid=1_XLX_SEP_ PragmaType=pipeline_XLX_SEP_ PragmaContext=_XLX_SEP_ PragmaFunction=rint_fixed_XLX_SEP_ PragmaOptions=_XLX_SEP_ [-Wdump-hls-pragmas]
#pragma HLS pipeline
        ^
In file included from /home/silvenchen/Desktop/systolic_test/SA_workdict/tiny_sa/kernel.cpp:242:
In file included from /tools/Xilinx/Vitis_HLS/2023.2/common/technology/autopilot/hls_math.h:1045:
/tools/Xilinx/Vitis_HLS/2023.2/common/technology/autopilot/etc/hls_pow_apfixed.h:49:9: warning: HLS pragma dump _XLX_SEP_ PragmaIsValid=1_XLX_SEP_ PragmaType=unroll_XLX_SEP_ PragmaContext=_XLX_SEP_ PragmaFunction=pow_XLX_SEP_ PragmaOptions=_XLX_SEP_ [-Wdump-hls-pragmas]
#pragma HLS unroll
        ^
/tools/Xilinx/Vitis_HLS/2023.2/common/technology/autopilot/etc/hls_pow_apfixed.h:110:9: warning: HLS pragma dump _XLX_SEP_ PragmaIsValid=1_XLX_SEP_ PragmaType=unroll_XLX_SEP_ PragmaContext=_XLX_SEP_ PragmaFunction=pow_XLX_SEP_ PragmaOptions=_XLX_SEP_ [-Wdump-hls-pragmas]
#pragma HLS unroll
        ^
/tools/Xilinx/Vitis_HLS/2023.2/common/technology/autopilot/etc/hls_pow_apfixed.h:124:9: warning: HLS pragma dump _XLX_SEP_ PragmaIsValid=1_XLX_SEP_ PragmaType=unroll_XLX_SEP_ PragmaContext=_XLX_SEP_ PragmaFunction=pow_XLX_SEP_ PragmaOptions=_XLX_SEP_ [-Wdump-hls-pragmas]
#pragma HLS unroll
        ^
/tools/Xilinx/Vitis_HLS/2023.2/common/technology/autopilot/etc/hls_pow_apfixed.h:154:9: warning: HLS pragma dump _XLX_SEP_ PragmaIsValid=1_XLX_SEP_ PragmaType=unroll_XLX_SEP_ PragmaContext=_XLX_SEP_ PragmaFunction=pow_XLX_SEP_ PragmaOptions=_XLX_SEP_ [-Wdump-hls-pragmas]
#pragma HLS unroll
        ^
/tools/Xilinx/Vitis_HLS/2023.2/common/technology/autopilot/etc/hls_pow_apfixed.h:282:9: warning: HLS pragma dump _XLX_SEP_ PragmaIsValid=1_XLX_SEP_ PragmaType=unroll_XLX_SEP_ PragmaContext=_XLX_SEP_ PragmaFunction=pown_XLX_SEP_ PragmaOptions=_XLX_SEP_ [-Wdump-hls-pragmas]
#pragma HLS unroll
        ^
/tools/Xilinx/Vitis_HLS/2023.2/common/technology/autopilot/etc/hls_pow_apfixed.h:302:9: warning: HLS pragma dump _XLX_SEP_ PragmaIsValid=1_XLX_SEP_ PragmaType=unroll_XLX_SEP_ PragmaContext=_XLX_SEP_ PragmaFunction=pown_XLX_SEP_ PragmaOptions=_XLX_SEP_ [-Wdump-hls-pragmas]
#pragma HLS unroll
        ^
/tools/Xilinx/Vitis_HLS/2023.2/common/technology/autopilot/etc/hls_pow_apfixed.h:316:9: warning: HLS pragma dump _XLX_SEP_ PragmaIsValid=1_XLX_SEP_ PragmaType=unroll_XLX_SEP_ PragmaContext=_XLX_SEP_ PragmaFunction=pown_XLX_SEP_ PragmaOptions=_XLX_SEP_ [-Wdump-hls-pragmas]
#pragma HLS unroll
        ^
/tools/Xilinx/Vitis_HLS/2023.2/common/technology/autopilot/etc/hls_pow_apfixed.h:434:9: warning: HLS pragma dump _XLX_SEP_ PragmaIsValid=1_XLX_SEP_ PragmaType=unroll_XLX_SEP_ PragmaContext=_XLX_SEP_ PragmaFunction=rootn_XLX_SEP_ PragmaOptions=_XLX_SEP_ [-Wdump-hls-pragmas]
#pragma HLS unroll
        ^
/tools/Xilinx/Vitis_HLS/2023.2/common/technology/autopilot/etc/hls_pow_apfixed.h:448:9: warning: HLS pragma dump _XLX_SEP_ PragmaIsValid=1_XLX_SEP_ PragmaType=unroll_XLX_SEP_ PragmaContext=_XLX_SEP_ PragmaFunction=rootn_XLX_SEP_ PragmaOptions=_XLX_SEP_ [-Wdump-hls-pragmas]
#pragma HLS unroll
        ^
In file included from /home/silvenchen/Desktop/systolic_test/SA_workdict/tiny_sa/kernel.cpp:242:
In file included from /tools/Xilinx/Vitis_HLS/2023.2/common/technology/autopilot/hls_math.h:1046:
/tools/Xilinx/Vitis_HLS/2023.2/common/technology/autopilot/etc/hls_diff_apfixed.h:23:9: warning: HLS pragma dump _XLX_SEP_ PragmaIsValid=1_XLX_SEP_ PragmaType=pipeline_XLX_SEP_ PragmaContext=_XLX_SEP_ PragmaFunction=fdim_fixed_XLX_SEP_ PragmaOptions=II=1_XLX_SEP_ [-Wdump-hls-pragmas]
#pragma HLS PIPELINE II=1
        ^
/tools/Xilinx/Vitis_HLS/2023.2/common/technology/autopilot/etc/hls_diff_apfixed.h:34:9: warning: HLS pragma dump _XLX_SEP_ PragmaIsValid=1_XLX_SEP_ PragmaType=unroll_XLX_SEP_ PragmaContext=_XLX_SEP_ PragmaFunction=fdim_fixed_XLX_SEP_ PragmaOptions=_XLX_SEP_ [-Wdump-hls-pragmas]
#pragma HLS UNROLL
        ^
/tools/Xilinx/Vitis_HLS/2023.2/common/technology/autopilot/etc/hls_diff_apfixed.h:163:9: warning: HLS pragma dump _XLX_SEP_ PragmaIsValid=1_XLX_SEP_ PragmaType=pipeline_XLX_SEP_ PragmaContext=_XLX_SEP_ PragmaFunction=maxmag_fixed_XLX_SEP_ PragmaOptions=II=1_XLX_SEP_ [-Wdump-hls-pragmas]
#pragma HLS PIPELINE II=1
        ^
/tools/Xilinx/Vitis_HLS/2023.2/common/technology/autopilot/etc/hls_diff_apfixed.h:184:9: warning: HLS pragma dump _XLX_SEP_ PragmaIsValid=1_XLX_SEP_ PragmaType=unroll_XLX_SEP_ PragmaContext=_XLX_SEP_ PragmaFunction=maxmag_fixed_XLX_SEP_ PragmaOptions=_XLX_SEP_ [-Wdump-hls-pragmas]
#pragma HLS UNROLL
        ^
/tools/Xilinx/Vitis_HLS/2023.2/common/technology/autopilot/etc/hls_diff_apfixed.h:229:9: warning: HLS pragma dump _XLX_SEP_ PragmaIsValid=1_XLX_SEP_ PragmaType=pipeline_XLX_SEP_ PragmaContext=_XLX_SEP_ PragmaFunction=minmag_fixed_XLX_SEP_ PragmaOptions=II=1_XLX_SEP_ [-Wdump-hls-pragmas]
#pragma HLS PIPELINE II=1
        ^
/tools/Xilinx/Vitis_HLS/2023.2/common/technology/autopilot/etc/hls_diff_apfixed.h:249:9: warning: HLS pragma dump _XLX_SEP_ PragmaIsValid=1_XLX_SEP_ PragmaType=unroll_XLX_SEP_ PragmaContext=_XLX_SEP_ PragmaFunction=minmag_fixed_XLX_SEP_ PragmaOptions=_XLX_SEP_ [-Wdump-hls-pragmas]
#pragma HLS UNROLL
        ^
In file included from /home/silvenchen/Desktop/systolic_test/SA_workdict/tiny_sa/kernel.cpp:242:
In file included from /tools/Xilinx/Vitis_HLS/2023.2/common/technology/autopilot/hls_math.h:1048:
/tools/Xilinx/Vitis_HLS/2023.2/common/technology/autopilot/etc/hls_frexp_apfixed.h:46:9: warning: HLS pragma dump _XLX_SEP_ PragmaIsValid=1_XLX_SEP_ PragmaType=pipeline_XLX_SEP_ PragmaContext=_XLX_SEP_ PragmaFunction=frexp_XLX_SEP_ PragmaOptions=II=1_XLX_SEP_ [-Wdump-hls-pragmas]
#pragma HLS pipeline II=1
        ^
In file included from /home/silvenchen/Desktop/systolic_test/SA_workdict/tiny_sa/kernel.cpp:242:
In file included from /tools/Xilinx/Vitis_HLS/2023.2/common/technology/autopilot/hls_math.h:1050:
/tools/Xilinx/Vitis_HLS/2023.2/common/technology/autopilot/etc/hls_isequal_isnotequal_apfixed.h:17:9: warning: HLS pragma dump _XLX_SEP_ PragmaIsValid=1_XLX_SEP_ PragmaType=pipeline_XLX_SEP_ PragmaContext=_XLX_SEP_ PragmaFunction=generic_isequal_XLX_SEP_ PragmaOptions=_XLX_SEP_ [-Wdump-hls-pragmas]
#pragma HLS pipeline
        ^
/tools/Xilinx/Vitis_HLS/2023.2/common/technology/autopilot/etc/hls_isequal_isnotequal_apfixed.h:25:9: warning: HLS pragma dump _XLX_SEP_ PragmaIsValid=1_XLX_SEP_ PragmaType=pipeline_XLX_SEP_ PragmaContext=_XLX_SEP_ PragmaFunction=generic_isnotequal_XLX_SEP_ PragmaOptions=_XLX_SEP_ [-Wdump-hls-pragmas]
#pragma HLS pipeline
        ^
/tools/Xilinx/Vitis_HLS/2023.2/common/technology/autopilot/etc/hls_isequal_isnotequal_apfixed.h:33:9: warning: HLS pragma dump _XLX_SEP_ PragmaIsValid=1_XLX_SEP_ PragmaType=pipeline_XLX_SEP_ PragmaContext=_XLX_SEP_ PragmaFunction=generic_isequal_XLX_SEP_ PragmaOptions=_XLX_SEP_ [-Wdump-hls-pragmas]
#pragma HLS pipeline
        ^
/tools/Xilinx/Vitis_HLS/2023.2/common/technology/autopilot/etc/hls_isequal_isnotequal_apfixed.h:41:9: warning: HLS pragma dump _XLX_SEP_ PragmaIsValid=1_XLX_SEP_ PragmaType=pipeline_XLX_SEP_ PragmaContext=_XLX_SEP_ PragmaFunction=generic_isnotequal_XLX_SEP_ PragmaOptions=_XLX_SEP_ [-Wdump-hls-pragmas]
#pragma HLS pipeline
        ^
/tools/Xilinx/Vitis_HLS/2023.2/common/technology/autopilot/etc/hls_isequal_isnotequal_apfixed.h:49:9: warning: HLS pragma dump _XLX_SEP_ PragmaIsValid=1_XLX_SEP_ PragmaType=pipeline_XLX_SEP_ PragmaContext=_XLX_SEP_ PragmaFunction=generic_isequal_XLX_SEP_ PragmaOptions=_XLX_SEP_ [-Wdump-hls-pragmas]
#pragma HLS pipeline
        ^
/tools/Xilinx/Vitis_HLS/2023.2/common/technology/autopilot/etc/hls_isequal_isnotequal_apfixed.h:57:9: warning: HLS pragma dump _XLX_SEP_ PragmaIsValid=1_XLX_SEP_ PragmaType=pipeline_XLX_SEP_ PragmaContext=_XLX_SEP_ PragmaFunction=generic_isnotequal_XLX_SEP_ PragmaOptions=_XLX_SEP_ [-Wdump-hls-pragmas]
#pragma HLS pipeline
        ^
/tools/Xilinx/Vitis_HLS/2023.2/common/technology/autopilot/etc/hls_isequal_isnotequal_apfixed.h:65:9: warning: HLS pragma dump _XLX_SEP_ PragmaIsValid=1_XLX_SEP_ PragmaType=pipeline_XLX_SEP_ PragmaContext=_XLX_SEP_ PragmaFunction=generic_isequal_XLX_SEP_ PragmaOptions=_XLX_SEP_ [-Wdump-hls-pragmas]
#pragma HLS pipeline
        ^
/tools/Xilinx/Vitis_HLS/2023.2/common/technology/autopilot/etc/hls_isequal_isnotequal_apfixed.h:73:9: warning: HLS pragma dump _XLX_SEP_ PragmaIsValid=1_XLX_SEP_ PragmaType=pipeline_XLX_SEP_ PragmaContext=_XLX_SEP_ PragmaFunction=generic_isnotequal_XLX_SEP_ PragmaOptions=_XLX_SEP_ [-Wdump-hls-pragmas]
#pragma HLS pipeline
        ^
/tools/Xilinx/Vitis_HLS/2023.2/common/technology/autopilot/etc/hls_isequal_isnotequal_apfixed.h:82:9: warning: HLS pragma dump _XLX_SEP_ PragmaIsValid=1_XLX_SEP_ PragmaType=pipeline_XLX_SEP_ PragmaContext=_XLX_SEP_ PragmaFunction=generic_isequal_XLX_SEP_ PragmaOptions=_XLX_SEP_ [-Wdump-hls-pragmas]
#pragma HLS pipeline
        ^
/tools/Xilinx/Vitis_HLS/2023.2/common/technology/autopilot/etc/hls_isequal_isnotequal_apfixed.h:90:9: warning: HLS pragma dump _XLX_SEP_ PragmaIsValid=1_XLX_SEP_ PragmaType=pipeline_XLX_SEP_ PragmaContext=_XLX_SEP_ PragmaFunction=generic_isnotequal_XLX_SEP_ PragmaOptions=_XLX_SEP_ [-Wdump-hls-pragmas]
#pragma HLS pipeline
        ^
/tools/Xilinx/Vitis_HLS/2023.2/common/technology/autopilot/etc/hls_isequal_isnotequal_apfixed.h:98:9: warning: HLS pragma dump _XLX_SEP_ PragmaIsValid=1_XLX_SEP_ PragmaType=pipeline_XLX_SEP_ PragmaContext=_XLX_SEP_ PragmaFunction=generic_isequal_XLX_SEP_ PragmaOptions=_XLX_SEP_ [-Wdump-hls-pragmas]
#pragma HLS pipeline
        ^
/tools/Xilinx/Vitis_HLS/2023.2/common/technology/autopilot/etc/hls_isequal_isnotequal_apfixed.h:106:9: warning: HLS pragma dump _XLX_SEP_ PragmaIsValid=1_XLX_SEP_ PragmaType=pipeline_XLX_SEP_ PragmaContext=_XLX_SEP_ PragmaFunction=generic_isnotequal_XLX_SEP_ PragmaOptions=_XLX_SEP_ [-Wdump-hls-pragmas]
#pragma HLS pipeline
        ^
/tools/Xilinx/Vitis_HLS/2023.2/common/technology/autopilot/etc/hls_isequal_isnotequal_apfixed.h:114:9: warning: HLS pragma dump _XLX_SEP_ PragmaIsValid=1_XLX_SEP_ PragmaType=pipeline_XLX_SEP_ PragmaContext=_XLX_SEP_ PragmaFunction=generic_isequal_XLX_SEP_ PragmaOptions=_XLX_SEP_ [-Wdump-hls-pragmas]
#pragma HLS pipeline
        ^
/tools/Xilinx/Vitis_HLS/2023.2/common/technology/autopilot/etc/hls_isequal_isnotequal_apfixed.h:122:9: warning: HLS pragma dump _XLX_SEP_ PragmaIsValid=1_XLX_SEP_ PragmaType=pipeline_XLX_SEP_ PragmaContext=_XLX_SEP_ PragmaFunction=generic_isnotequal_XLX_SEP_ PragmaOptions=_XLX_SEP_ [-Wdump-hls-pragmas]
#pragma HLS pipeline
        ^
/tools/Xilinx/Vitis_HLS/2023.2/common/technology/autopilot/etc/hls_isequal_isnotequal_apfixed.h:130:9: warning: HLS pragma dump _XLX_SEP_ PragmaIsValid=1_XLX_SEP_ PragmaType=pipeline_XLX_SEP_ PragmaContext=_XLX_SEP_ PragmaFunction=generic_isequal_XLX_SEP_ PragmaOptions=_XLX_SEP_ [-Wdump-hls-pragmas]
#pragma HLS pipeline
        ^
/tools/Xilinx/Vitis_HLS/2023.2/common/technology/autopilot/etc/hls_isequal_isnotequal_apfixed.h:138:9: warning: HLS pragma dump _XLX_SEP_ PragmaIsValid=1_XLX_SEP_ PragmaType=pipeline_XLX_SEP_ PragmaContext=_XLX_SEP_ PragmaFunction=generic_isnotequal_XLX_SEP_ PragmaOptions=_XLX_SEP_ [-Wdump-hls-pragmas]
#pragma HLS pipeline
        ^
In file included from /home/silvenchen/Desktop/systolic_test/SA_workdict/tiny_sa/kernel.cpp:242:
In file included from /tools/Xilinx/Vitis_HLS/2023.2/common/technology/autopilot/hls_math.h:1051:
/tools/Xilinx/Vitis_HLS/2023.2/common/technology/autopilot/etc/hls_all_any_apfixed.h:15:9: warning: HLS pragma dump _XLX_SEP_ PragmaIsValid=1_XLX_SEP_ PragmaType=pipeline_XLX_SEP_ PragmaContext=_XLX_SEP_ PragmaFunction=generic_all_XLX_SEP_ PragmaOptions=II=1_XLX_SEP_ [-Wdump-hls-pragmas]
#pragma HLS pipeline II=1
        ^
/tools/Xilinx/Vitis_HLS/2023.2/common/technology/autopilot/etc/hls_all_any_apfixed.h:26:9: warning: HLS pragma dump _XLX_SEP_ PragmaIsValid=1_XLX_SEP_ PragmaType=pipeline_XLX_SEP_ PragmaContext=_XLX_SEP_ PragmaFunction=generic_all_XLX_SEP_ PragmaOptions=II=1_XLX_SEP_ [-Wdump-hls-pragmas]
#pragma HLS pipeline II=1
        ^
/tools/Xilinx/Vitis_HLS/2023.2/common/technology/autopilot/etc/hls_all_any_apfixed.h:37:9: warning: HLS pragma dump _XLX_SEP_ PragmaIsValid=1_XLX_SEP_ PragmaType=pipeline_XLX_SEP_ PragmaContext=_XLX_SEP_ PragmaFunction=generic_all_XLX_SEP_ PragmaOptions=II=1_XLX_SEP_ [-Wdump-hls-pragmas]
#pragma HLS pipeline II=1
        ^
/tools/Xilinx/Vitis_HLS/2023.2/common/technology/autopilot/etc/hls_all_any_apfixed.h:48:9: warning: HLS pragma dump _XLX_SEP_ PragmaIsValid=1_XLX_SEP_ PragmaType=pipeline_XLX_SEP_ PragmaContext=_XLX_SEP_ PragmaFunction=generic_all_XLX_SEP_ PragmaOptions=II=1_XLX_SEP_ [-Wdump-hls-pragmas]
#pragma HLS pipeline II=1
        ^
/tools/Xilinx/Vitis_HLS/2023.2/common/technology/autopilot/etc/hls_all_any_apfixed.h:59:9: warning: HLS pragma dump _XLX_SEP_ PragmaIsValid=1_XLX_SEP_ PragmaType=pipeline_XLX_SEP_ PragmaContext=_XLX_SEP_ PragmaFunction=generic_any_XLX_SEP_ PragmaOptions=II=1_XLX_SEP_ [-Wdump-hls-pragmas]
#pragma HLS pipeline II=1
        ^
/tools/Xilinx/Vitis_HLS/2023.2/common/technology/autopilot/etc/hls_all_any_apfixed.h:70:9: warning: HLS pragma dump _XLX_SEP_ PragmaIsValid=1_XLX_SEP_ PragmaType=pipeline_XLX_SEP_ PragmaContext=_XLX_SEP_ PragmaFunction=generic_any_XLX_SEP_ PragmaOptions=II=1_XLX_SEP_ [-Wdump-hls-pragmas]
#pragma HLS pipeline II=1
        ^
/tools/Xilinx/Vitis_HLS/2023.2/common/technology/autopilot/etc/hls_all_any_apfixed.h:81:9: warning: HLS pragma dump _XLX_SEP_ PragmaIsValid=1_XLX_SEP_ PragmaType=pipeline_XLX_SEP_ PragmaContext=_XLX_SEP_ PragmaFunction=generic_any_XLX_SEP_ PragmaOptions=II=1_XLX_SEP_ [-Wdump-hls-pragmas]
#pragma HLS pipeline II=1
        ^
/tools/Xilinx/Vitis_HLS/2023.2/common/technology/autopilot/etc/hls_all_any_apfixed.h:92:9: warning: HLS pragma dump _XLX_SEP_ PragmaIsValid=1_XLX_SEP_ PragmaType=pipeline_XLX_SEP_ PragmaContext=_XLX_SEP_ PragmaFunction=generic_any_XLX_SEP_ PragmaOptions=II=1_XLX_SEP_ [-Wdump-hls-pragmas]
#pragma HLS pipeline II=1
        ^
In file included from /home/silvenchen/Desktop/systolic_test/SA_workdict/tiny_sa/kernel.cpp:242:
In file included from /tools/Xilinx/Vitis_HLS/2023.2/common/technology/autopilot/hls_math.h:1052:
/tools/Xilinx/Vitis_HLS/2023.2/common/technology/autopilot/etc/hls_select_bitselect_apfixed.h:39:9: warning: HLS pragma dump _XLX_SEP_ PragmaIsValid=1_XLX_SEP_ PragmaType=pipeline_XLX_SEP_ PragmaContext=_XLX_SEP_ PragmaFunction=generic_bitselect_XLX_SEP_ PragmaOptions=_XLX_SEP_ [-Wdump-hls-pragmas]
#pragma HLS pipeline
        ^
/tools/Xilinx/Vitis_HLS/2023.2/common/technology/autopilot/etc/hls_select_bitselect_apfixed.h:47:9: warning: HLS pragma dump _XLX_SEP_ PragmaIsValid=1_XLX_SEP_ PragmaType=pipeline_XLX_SEP_ PragmaContext=_XLX_SEP_ PragmaFunction=generic_bitselect_XLX_SEP_ PragmaOptions=_XLX_SEP_ [-Wdump-hls-pragmas]
#pragma HLS pipeline
        ^
/tools/Xilinx/Vitis_HLS/2023.2/common/technology/autopilot/etc/hls_select_bitselect_apfixed.h:55:9: warning: HLS pragma dump _XLX_SEP_ PragmaIsValid=1_XLX_SEP_ PragmaType=pipeline_XLX_SEP_ PragmaContext=_XLX_SEP_ PragmaFunction=generic_bitselect_XLX_SEP_ PragmaOptions=_XLX_SEP_ [-Wdump-hls-pragmas]
#pragma HLS pipeline
        ^
/tools/Xilinx/Vitis_HLS/2023.2/common/technology/autopilot/etc/hls_select_bitselect_apfixed.h:62:9: warning: HLS pragma dump _XLX_SEP_ PragmaIsValid=1_XLX_SEP_ PragmaType=pipeline_XLX_SEP_ PragmaContext=_XLX_SEP_ PragmaFunction=generic_bitselect_XLX_SEP_ PragmaOptions=_XLX_SEP_ [-Wdump-hls-pragmas]
#pragma HLS pipeline
        ^
In file included from /home/silvenchen/Desktop/systolic_test/SA_workdict/tiny_sa/kernel.cpp:242:
In file included from /tools/Xilinx/Vitis_HLS/2023.2/common/technology/autopilot/hls_math.h:1053:
/tools/Xilinx/Vitis_HLS/2023.2/common/technology/autopilot/etc/hls_erf_apfixed.h:490:9: warning: HLS pragma dump _XLX_SEP_ PragmaIsValid=1_XLX_SEP_ PragmaType=pipeline_XLX_SEP_ PragmaContext=_XLX_SEP_ PragmaFunction=erfc_XLX_SEP_ PragmaOptions=II=1_XLX_SEP_ [-Wdump-hls-pragmas]
#pragma HLS PIPELINE II=1
        ^
In file included from /home/silvenchen/Desktop/systolic_test/SA_workdict/tiny_sa/kernel.cpp:242:
In file included from /tools/Xilinx/Vitis_HLS/2023.2/common/technology/autopilot/hls_math.h:1055:
/tools/Xilinx/Vitis_HLS/2023.2/common/technology/autopilot/etc/hls_lgamma_apfixed.h:17:9: warning: HLS pragma dump _XLX_SEP_ PragmaIsValid=1_XLX_SEP_ PragmaType=pipeline_XLX_SEP_ PragmaContext=_XLX_SEP_ PragmaFunction=lgamma_generic_XLX_SEP_ PragmaOptions=_XLX_SEP_ [-Wdump-hls-pragmas]
#pragma HLS pipeline
        ^
In file included from /home/silvenchen/Desktop/systolic_test/SA_workdict/tiny_sa/kernel.cpp:242:
In file included from /tools/Xilinx/Vitis_HLS/2023.2/common/technology/autopilot/hls_math.h:1056:
/tools/Xilinx/Vitis_HLS/2023.2/common/technology/autopilot/etc/hls_tgamma_apfixed.h:18:9: warning: HLS pragma dump _XLX_SEP_ PragmaIsValid=1_XLX_SEP_ PragmaType=pipeline_XLX_SEP_ PragmaContext=_XLX_SEP_ PragmaFunction=tgamma_generic_XLX_SEP_ PragmaOptions=_XLX_SEP_ [-Wdump-hls-pragmas]
#pragma HLS pipeline
        ^
In file included from /home/silvenchen/Desktop/systolic_test/SA_workdict/tiny_sa/kernel.cpp:242:
In file included from /tools/Xilinx/Vitis_HLS/2023.2/common/technology/autopilot/hls_math.h:1058:
/tools/Xilinx/Vitis_HLS/2023.2/common/technology/autopilot/etc/hls_mad_apfixed.h:27:9: warning: HLS pragma dump _XLX_SEP_ PragmaIsValid=1_XLX_SEP_ PragmaType=unroll_XLX_SEP_ PragmaContext=_XLX_SEP_ PragmaFunction=generic_mad_XLX_SEP_ PragmaOptions=_XLX_SEP_ [-Wdump-hls-pragmas]
#pragma HLS unroll
        ^
In file included from /home/silvenchen/Desktop/systolic_test/SA_workdict/tiny_sa/kernel.cpp:242:
In file included from /tools/Xilinx/Vitis_HLS/2023.2/common/technology/autopilot/hls_math.h:1060:
/tools/Xilinx/Vitis_HLS/2023.2/common/technology/autopilot/etc/hls_hypot_apfixed.h:170:9: warning: HLS pragma dump _XLX_SEP_ PragmaIsValid=1_XLX_SEP_ PragmaType=unroll_XLX_SEP_ PragmaContext=_XLX_SEP_ PragmaFunction=hypot_fixed_XLX_SEP_ PragmaOptions=_XLX_SEP_ [-Wdump-hls-pragmas]
#pragma HLS unroll
        ^
/home/silvenchen/Desktop/systolic_test/SA_workdict/tiny_sa/kernel.cpp:259:9: warning: HLS pragma dump _XLX_SEP_ PragmaIsValid=1_XLX_SEP_ PragmaType=stream_XLX_SEP_ PragmaContext=_XLX_SEP_ PragmaFunction=PE_kernel_modulate_0_0_XLX_SEP_ PragmaOptions=variable=v0 depth=2_XLX_SEP_ [-Wdump-hls-pragmas]
#pragma HLS stream variable=v0 depth=2
        ^
/home/silvenchen/Desktop/systolic_test/SA_workdict/tiny_sa/kernel.cpp:260:9: warning: HLS pragma dump _XLX_SEP_ PragmaIsValid=1_XLX_SEP_ PragmaType=stream_XLX_SEP_ PragmaContext=_XLX_SEP_ PragmaFunction=PE_kernel_modulate_0_0_XLX_SEP_ PragmaOptions=variable=v1 depth=9_XLX_SEP_ [-Wdump-hls-pragmas]
#pragma HLS stream variable=v1 depth=9
        ^
/home/silvenchen/Desktop/systolic_test/SA_workdict/tiny_sa/kernel.cpp:261:9: warning: HLS pragma dump _XLX_SEP_ PragmaIsValid=1_XLX_SEP_ PragmaType=stream_XLX_SEP_ PragmaContext=_XLX_SEP_ PragmaFunction=PE_kernel_modulate_0_0_XLX_SEP_ PragmaOptions=variable=v2 depth=2_XLX_SEP_ [-Wdump-hls-pragmas]
#pragma HLS stream variable=v2 depth=2
        ^
/home/silvenchen/Desktop/systolic_test/SA_workdict/tiny_sa/kernel.cpp:262:9: warning: HLS pragma dump _XLX_SEP_ PragmaIsValid=1_XLX_SEP_ PragmaType=stream_XLX_SEP_ PragmaContext=_XLX_SEP_ PragmaFunction=PE_kernel_modulate_0_0_XLX_SEP_ PragmaOptions=variable=v3 depth=9_XLX_SEP_ [-Wdump-hls-pragmas]
#pragma HLS stream variable=v3 depth=9
        ^
/home/silvenchen/Desktop/systolic_test/SA_workdict/tiny_sa/kernel.cpp:263:9: warning: HLS pragma dump _XLX_SEP_ PragmaIsValid=1_XLX_SEP_ PragmaType=array_partition_XLX_SEP_ PragmaContext=_XLX_SEP_ PragmaFunction=PE_kernel_modulate_0_0_XLX_SEP_ PragmaOptions=variable=v4 complete dim=2_XLX_SEP_ [-Wdump-hls-pragmas]
#pragma HLS array_partition variable=v4 complete dim=2
        ^
/home/silvenchen/Desktop/systolic_test/SA_workdict/tiny_sa/kernel.cpp:298:9: warning: HLS pragma dump _XLX_SEP_ PragmaIsValid=1_XLX_SEP_ PragmaType=stream_XLX_SEP_ PragmaContext=_XLX_SEP_ PragmaFunction=PE_kernel_modulate_1_0_XLX_SEP_ PragmaOptions=variable=v21 depth=2_XLX_SEP_ [-Wdump-hls-pragmas]
#pragma HLS stream variable=v21 depth=2
        ^
/home/silvenchen/Desktop/systolic_test/SA_workdict/tiny_sa/kernel.cpp:299:9: warning: HLS pragma dump _XLX_SEP_ PragmaIsValid=1_XLX_SEP_ PragmaType=stream_XLX_SEP_ PragmaContext=_XLX_SEP_ PragmaFunction=PE_kernel_modulate_1_0_XLX_SEP_ PragmaOptions=variable=v22 depth=9_XLX_SEP_ [-Wdump-hls-pragmas]
#pragma HLS stream variable=v22 depth=9
        ^
/home/silvenchen/Desktop/systolic_test/SA_workdict/tiny_sa/kernel.cpp:300:9: warning: HLS pragma dump _XLX_SEP_ PragmaIsValid=1_XLX_SEP_ PragmaType=stream_XLX_SEP_ PragmaContext=_XLX_SEP_ PragmaFunction=PE_kernel_modulate_1_0_XLX_SEP_ PragmaOptions=variable=v23 depth=2_XLX_SEP_ [-Wdump-hls-pragmas]
#pragma HLS stream variable=v23 depth=2
        ^
/home/silvenchen/Desktop/systolic_test/SA_workdict/tiny_sa/kernel.cpp:301:9: warning: HLS pragma dump _XLX_SEP_ PragmaIsValid=1_XLX_SEP_ PragmaType=stream_XLX_SEP_ PragmaContext=_XLX_SEP_ PragmaFunction=PE_kernel_modulate_1_0_XLX_SEP_ PragmaOptions=variable=v24 depth=9_XLX_SEP_ [-Wdump-hls-pragmas]
#pragma HLS stream variable=v24 depth=9
        ^
/home/silvenchen/Desktop/systolic_test/SA_workdict/tiny_sa/kernel.cpp:302:9: warning: HLS pragma dump _XLX_SEP_ PragmaIsValid=1_XLX_SEP_ PragmaType=array_partition_XLX_SEP_ PragmaContext=_XLX_SEP_ PragmaFunction=PE_kernel_modulate_1_0_XLX_SEP_ PragmaOptions=variable=v25 complete dim=2_XLX_SEP_ [-Wdump-hls-pragmas]
#pragma HLS array_partition variable=v25 complete dim=2
        ^
/home/silvenchen/Desktop/systolic_test/SA_workdict/tiny_sa/kernel.cpp:337:9: warning: HLS pragma dump _XLX_SEP_ PragmaIsValid=1_XLX_SEP_ PragmaType=stream_XLX_SEP_ PragmaContext=_XLX_SEP_ PragmaFunction=PE_kernel_modulate_2_0_XLX_SEP_ PragmaOptions=variable=v42 depth=2_XLX_SEP_ [-Wdump-hls-pragmas]
#pragma HLS stream variable=v42 depth=2
        ^
/home/silvenchen/Desktop/systolic_test/SA_workdict/tiny_sa/kernel.cpp:338:9: warning: HLS pragma dump _XLX_SEP_ PragmaIsValid=1_XLX_SEP_ PragmaType=stream_XLX_SEP_ PragmaContext=_XLX_SEP_ PragmaFunction=PE_kernel_modulate_2_0_XLX_SEP_ PragmaOptions=variable=v43 depth=9_XLX_SEP_ [-Wdump-hls-pragmas]
#pragma HLS stream variable=v43 depth=9
        ^
/home/silvenchen/Desktop/systolic_test/SA_workdict/tiny_sa/kernel.cpp:339:9: warning: HLS pragma dump _XLX_SEP_ PragmaIsValid=1_XLX_SEP_ PragmaType=stream_XLX_SEP_ PragmaContext=_XLX_SEP_ PragmaFunction=PE_kernel_modulate_2_0_XLX_SEP_ PragmaOptions=variable=v44 depth=2_XLX_SEP_ [-Wdump-hls-pragmas]
#pragma HLS stream variable=v44 depth=2
        ^
/home/silvenchen/Desktop/systolic_test/SA_workdict/tiny_sa/kernel.cpp:340:9: warning: HLS pragma dump _XLX_SEP_ PragmaIsValid=1_XLX_SEP_ PragmaType=stream_XLX_SEP_ PragmaContext=_XLX_SEP_ PragmaFunction=PE_kernel_modulate_2_0_XLX_SEP_ PragmaOptions=variable=v45 depth=9_XLX_SEP_ [-Wdump-hls-pragmas]
#pragma HLS stream variable=v45 depth=9
        ^
/home/silvenchen/Desktop/systolic_test/SA_workdict/tiny_sa/kernel.cpp:341:9: warning: HLS pragma dump _XLX_SEP_ PragmaIsValid=1_XLX_SEP_ PragmaType=array_partition_XLX_SEP_ PragmaContext=_XLX_SEP_ PragmaFunction=PE_kernel_modulate_2_0_XLX_SEP_ PragmaOptions=variable=v46 complete dim=2_XLX_SEP_ [-Wdump-hls-pragmas]
#pragma HLS array_partition variable=v46 complete dim=2
        ^
/home/silvenchen/Desktop/systolic_test/SA_workdict/tiny_sa/kernel.cpp:376:9: warning: HLS pragma dump _XLX_SEP_ PragmaIsValid=1_XLX_SEP_ PragmaType=stream_XLX_SEP_ PragmaContext=_XLX_SEP_ PragmaFunction=PE_kernel_modulate_3_0_XLX_SEP_ PragmaOptions=variable=v63 depth=2_XLX_SEP_ [-Wdump-hls-pragmas]
#pragma HLS stream variable=v63 depth=2
        ^
/home/silvenchen/Desktop/systolic_test/SA_workdict/tiny_sa/kernel.cpp:377:9: warning: HLS pragma dump _XLX_SEP_ PragmaIsValid=1_XLX_SEP_ PragmaType=stream_XLX_SEP_ PragmaContext=_XLX_SEP_ PragmaFunction=PE_kernel_modulate_3_0_XLX_SEP_ PragmaOptions=variable=v64 depth=9_XLX_SEP_ [-Wdump-hls-pragmas]
#pragma HLS stream variable=v64 depth=9
        ^
/home/silvenchen/Desktop/systolic_test/SA_workdict/tiny_sa/kernel.cpp:378:9: warning: HLS pragma dump _XLX_SEP_ PragmaIsValid=1_XLX_SEP_ PragmaType=stream_XLX_SEP_ PragmaContext=_XLX_SEP_ PragmaFunction=PE_kernel_modulate_3_0_XLX_SEP_ PragmaOptions=variable=v65 depth=2_XLX_SEP_ [-Wdump-hls-pragmas]
#pragma HLS stream variable=v65 depth=2
        ^
/home/silvenchen/Desktop/systolic_test/SA_workdict/tiny_sa/kernel.cpp:379:9: warning: HLS pragma dump _XLX_SEP_ PragmaIsValid=1_XLX_SEP_ PragmaType=stream_XLX_SEP_ PragmaContext=_XLX_SEP_ PragmaFunction=PE_kernel_modulate_3_0_XLX_SEP_ PragmaOptions=variable=v66 depth=9_XLX_SEP_ [-Wdump-hls-pragmas]
#pragma HLS stream variable=v66 depth=9
        ^
/home/silvenchen/Desktop/systolic_test/SA_workdict/tiny_sa/kernel.cpp:380:9: warning: HLS pragma dump _XLX_SEP_ PragmaIsValid=1_XLX_SEP_ PragmaType=array_partition_XLX_SEP_ PragmaContext=_XLX_SEP_ PragmaFunction=PE_kernel_modulate_3_0_XLX_SEP_ PragmaOptions=variable=v67 complete dim=2_XLX_SEP_ [-Wdump-hls-pragmas]
#pragma HLS array_partition variable=v67 complete dim=2
        ^
/home/silvenchen/Desktop/systolic_test/SA_workdict/tiny_sa/kernel.cpp:415:9: warning: HLS pragma dump _XLX_SEP_ PragmaIsValid=1_XLX_SEP_ PragmaType=stream_XLX_SEP_ PragmaContext=_XLX_SEP_ PragmaFunction=PE_kernel_modulate_4_0_XLX_SEP_ PragmaOptions=variable=v84 depth=2_XLX_SEP_ [-Wdump-hls-pragmas]
#pragma HLS stream variable=v84 depth=2
        ^
/home/silvenchen/Desktop/systolic_test/SA_workdict/tiny_sa/kernel.cpp:416:9: warning: HLS pragma dump _XLX_SEP_ PragmaIsValid=1_XLX_SEP_ PragmaType=stream_XLX_SEP_ PragmaContext=_XLX_SEP_ PragmaFunction=PE_kernel_modulate_4_0_XLX_SEP_ PragmaOptions=variable=v85 depth=9_XLX_SEP_ [-Wdump-hls-pragmas]
#pragma HLS stream variable=v85 depth=9
        ^
/home/silvenchen/Desktop/systolic_test/SA_workdict/tiny_sa/kernel.cpp:417:9: warning: HLS pragma dump _XLX_SEP_ PragmaIsValid=1_XLX_SEP_ PragmaType=stream_XLX_SEP_ PragmaContext=_XLX_SEP_ PragmaFunction=PE_kernel_modulate_4_0_XLX_SEP_ PragmaOptions=variable=v86 depth=2_XLX_SEP_ [-Wdump-hls-pragmas]
#pragma HLS stream variable=v86 depth=2
        ^
/home/silvenchen/Desktop/systolic_test/SA_workdict/tiny_sa/kernel.cpp:418:9: warning: HLS pragma dump _XLX_SEP_ PragmaIsValid=1_XLX_SEP_ PragmaType=stream_XLX_SEP_ PragmaContext=_XLX_SEP_ PragmaFunction=PE_kernel_modulate_4_0_XLX_SEP_ PragmaOptions=variable=v87 depth=9_XLX_SEP_ [-Wdump-hls-pragmas]
#pragma HLS stream variable=v87 depth=9
        ^
/home/silvenchen/Desktop/systolic_test/SA_workdict/tiny_sa/kernel.cpp:419:9: warning: HLS pragma dump _XLX_SEP_ PragmaIsValid=1_XLX_SEP_ PragmaType=array_partition_XLX_SEP_ PragmaContext=_XLX_SEP_ PragmaFunction=PE_kernel_modulate_4_0_XLX_SEP_ PragmaOptions=variable=v88 complete dim=2_XLX_SEP_ [-Wdump-hls-pragmas]
#pragma HLS array_partition variable=v88 complete dim=2
        ^
/home/silvenchen/Desktop/systolic_test/SA_workdict/tiny_sa/kernel.cpp:454:9: warning: HLS pragma dump _XLX_SEP_ PragmaIsValid=1_XLX_SEP_ PragmaType=stream_XLX_SEP_ PragmaContext=_XLX_SEP_ PragmaFunction=PE_kernel_modulate_5_0_XLX_SEP_ PragmaOptions=variable=v105 depth=2_XLX_SEP_ [-Wdump-hls-pragmas]
#pragma HLS stream variable=v105 depth=2
        ^
/home/silvenchen/Desktop/systolic_test/SA_workdict/tiny_sa/kernel.cpp:455:9: warning: HLS pragma dump _XLX_SEP_ PragmaIsValid=1_XLX_SEP_ PragmaType=stream_XLX_SEP_ PragmaContext=_XLX_SEP_ PragmaFunction=PE_kernel_modulate_5_0_XLX_SEP_ PragmaOptions=variable=v106 depth=9_XLX_SEP_ [-Wdump-hls-pragmas]
#pragma HLS stream variable=v106 depth=9
        ^
/home/silvenchen/Desktop/systolic_test/SA_workdict/tiny_sa/kernel.cpp:456:9: warning: HLS pragma dump _XLX_SEP_ PragmaIsValid=1_XLX_SEP_ PragmaType=stream_XLX_SEP_ PragmaContext=_XLX_SEP_ PragmaFunction=PE_kernel_modulate_5_0_XLX_SEP_ PragmaOptions=variable=v107 depth=2_XLX_SEP_ [-Wdump-hls-pragmas]
#pragma HLS stream variable=v107 depth=2
        ^
/home/silvenchen/Desktop/systolic_test/SA_workdict/tiny_sa/kernel.cpp:457:9: warning: HLS pragma dump _XLX_SEP_ PragmaIsValid=1_XLX_SEP_ PragmaType=stream_XLX_SEP_ PragmaContext=_XLX_SEP_ PragmaFunction=PE_kernel_modulate_5_0_XLX_SEP_ PragmaOptions=variable=v108 depth=9_XLX_SEP_ [-Wdump-hls-pragmas]
#pragma HLS stream variable=v108 depth=9
        ^
/home/silvenchen/Desktop/systolic_test/SA_workdict/tiny_sa/kernel.cpp:458:9: warning: HLS pragma dump _XLX_SEP_ PragmaIsValid=1_XLX_SEP_ PragmaType=array_partition_XLX_SEP_ PragmaContext=_XLX_SEP_ PragmaFunction=PE_kernel_modulate_5_0_XLX_SEP_ PragmaOptions=variable=v109 complete dim=2_XLX_SEP_ [-Wdump-hls-pragmas]
#pragma HLS array_partition variable=v109 complete dim=2
        ^
/home/silvenchen/Desktop/systolic_test/SA_workdict/tiny_sa/kernel.cpp:493:9: warning: HLS pragma dump _XLX_SEP_ PragmaIsValid=1_XLX_SEP_ PragmaType=stream_XLX_SEP_ PragmaContext=_XLX_SEP_ PragmaFunction=PE_kernel_modulate_6_0_XLX_SEP_ PragmaOptions=variable=v126 depth=2_XLX_SEP_ [-Wdump-hls-pragmas]
#pragma HLS stream variable=v126 depth=2
        ^
/home/silvenchen/Desktop/systolic_test/SA_workdict/tiny_sa/kernel.cpp:494:9: warning: HLS pragma dump _XLX_SEP_ PragmaIsValid=1_XLX_SEP_ PragmaType=stream_XLX_SEP_ PragmaContext=_XLX_SEP_ PragmaFunction=PE_kernel_modulate_6_0_XLX_SEP_ PragmaOptions=variable=v127 depth=9_XLX_SEP_ [-Wdump-hls-pragmas]
#pragma HLS stream variable=v127 depth=9
        ^
/home/silvenchen/Desktop/systolic_test/SA_workdict/tiny_sa/kernel.cpp:495:9: warning: HLS pragma dump _XLX_SEP_ PragmaIsValid=1_XLX_SEP_ PragmaType=stream_XLX_SEP_ PragmaContext=_XLX_SEP_ PragmaFunction=PE_kernel_modulate_6_0_XLX_SEP_ PragmaOptions=variable=v128 depth=2_XLX_SEP_ [-Wdump-hls-pragmas]
#pragma HLS stream variable=v128 depth=2
        ^
/home/silvenchen/Desktop/systolic_test/SA_workdict/tiny_sa/kernel.cpp:496:9: warning: HLS pragma dump _XLX_SEP_ PragmaIsValid=1_XLX_SEP_ PragmaType=stream_XLX_SEP_ PragmaContext=_XLX_SEP_ PragmaFunction=PE_kernel_modulate_6_0_XLX_SEP_ PragmaOptions=variable=v129 depth=9_XLX_SEP_ [-Wdump-hls-pragmas]
#pragma HLS stream variable=v129 depth=9
        ^
/home/silvenchen/Desktop/systolic_test/SA_workdict/tiny_sa/kernel.cpp:497:9: warning: HLS pragma dump _XLX_SEP_ PragmaIsValid=1_XLX_SEP_ PragmaType=array_partition_XLX_SEP_ PragmaContext=_XLX_SEP_ PragmaFunction=PE_kernel_modulate_6_0_XLX_SEP_ PragmaOptions=variable=v130 complete dim=2_XLX_SEP_ [-Wdump-hls-pragmas]
#pragma HLS array_partition variable=v130 complete dim=2
        ^
/home/silvenchen/Desktop/systolic_test/SA_workdict/tiny_sa/kernel.cpp:532:9: warning: HLS pragma dump _XLX_SEP_ PragmaIsValid=1_XLX_SEP_ PragmaType=stream_XLX_SEP_ PragmaContext=_XLX_SEP_ PragmaFunction=PE_kernel_modulate_7_0_XLX_SEP_ PragmaOptions=variable=v147 depth=2_XLX_SEP_ [-Wdump-hls-pragmas]
#pragma HLS stream variable=v147 depth=2
        ^
/home/silvenchen/Desktop/systolic_test/SA_workdict/tiny_sa/kernel.cpp:533:9: warning: HLS pragma dump _XLX_SEP_ PragmaIsValid=1_XLX_SEP_ PragmaType=stream_XLX_SEP_ PragmaContext=_XLX_SEP_ PragmaFunction=PE_kernel_modulate_7_0_XLX_SEP_ PragmaOptions=variable=v148 depth=9_XLX_SEP_ [-Wdump-hls-pragmas]
#pragma HLS stream variable=v148 depth=9
        ^
/home/silvenchen/Desktop/systolic_test/SA_workdict/tiny_sa/kernel.cpp:534:9: warning: HLS pragma dump _XLX_SEP_ PragmaIsValid=1_XLX_SEP_ PragmaType=stream_XLX_SEP_ PragmaContext=_XLX_SEP_ PragmaFunction=PE_kernel_modulate_7_0_XLX_SEP_ PragmaOptions=variable=v149 depth=2_XLX_SEP_ [-Wdump-hls-pragmas]
#pragma HLS stream variable=v149 depth=2
        ^
/home/silvenchen/Desktop/systolic_test/SA_workdict/tiny_sa/kernel.cpp:535:9: warning: HLS pragma dump _XLX_SEP_ PragmaIsValid=1_XLX_SEP_ PragmaType=stream_XLX_SEP_ PragmaContext=_XLX_SEP_ PragmaFunction=PE_kernel_modulate_7_0_XLX_SEP_ PragmaOptions=variable=v150 depth=9_XLX_SEP_ [-Wdump-hls-pragmas]
#pragma HLS stream variable=v150 depth=9
        ^
/home/silvenchen/Desktop/systolic_test/SA_workdict/tiny_sa/kernel.cpp:536:9: warning: HLS pragma dump _XLX_SEP_ PragmaIsValid=1_XLX_SEP_ PragmaType=array_partition_XLX_SEP_ PragmaContext=_XLX_SEP_ PragmaFunction=PE_kernel_modulate_7_0_XLX_SEP_ PragmaOptions=variable=v151 complete dim=2_XLX_SEP_ [-Wdump-hls-pragmas]
#pragma HLS array_partition variable=v151 complete dim=2
        ^
/home/silvenchen/Desktop/systolic_test/SA_workdict/tiny_sa/kernel.cpp:567:9: warning: HLS pragma dump _XLX_SEP_ PragmaIsValid=1_XLX_SEP_ PragmaType=dataflow_XLX_SEP_ PragmaContext=_XLX_SEP_ PragmaFunction=systolic_tile_modulate_XLX_SEP_ PragmaOptions=_XLX_SEP_ [-Wdump-hls-pragmas]
#pragma HLS dataflow
        ^
/home/silvenchen/Desktop/systolic_test/SA_workdict/tiny_sa/kernel.cpp:568:9: warning: HLS pragma dump _XLX_SEP_ PragmaIsValid=1_XLX_SEP_ PragmaType=array_partition_XLX_SEP_ PragmaContext=_XLX_SEP_ PragmaFunction=systolic_tile_modulate_XLX_SEP_ PragmaOptions=variable=v169 complete dim=2_XLX_SEP_ [-Wdump-hls-pragmas]
#pragma HLS array_partition variable=v169 complete dim=2
        ^
/home/silvenchen/Desktop/systolic_test/SA_workdict/tiny_sa/kernel.cpp:570:9: warning: HLS pragma dump _XLX_SEP_ PragmaIsValid=1_XLX_SEP_ PragmaType=array_partition_XLX_SEP_ PragmaContext=_XLX_SEP_ PragmaFunction=systolic_tile_modulate_XLX_SEP_ PragmaOptions=variable=v170 complete dim=2_XLX_SEP_ [-Wdump-hls-pragmas]
#pragma HLS array_partition variable=v170 complete dim=2
        ^
/home/silvenchen/Desktop/systolic_test/SA_workdict/tiny_sa/kernel.cpp:573:9: warning: HLS pragma dump _XLX_SEP_ PragmaIsValid=1_XLX_SEP_ PragmaType=stream_XLX_SEP_ PragmaContext=_XLX_SEP_ PragmaFunction=systolic_tile_modulate_XLX_SEP_ PragmaOptions=variable=A_fifo depth=2_XLX_SEP_ [-Wdump-hls-pragmas]
#pragma HLS stream variable=A_fifo depth=2
        ^
/home/silvenchen/Desktop/systolic_test/SA_workdict/tiny_sa/kernel.cpp:575:9: warning: HLS pragma dump _XLX_SEP_ PragmaIsValid=1_XLX_SEP_ PragmaType=stream_XLX_SEP_ PragmaContext=_XLX_SEP_ PragmaFunction=systolic_tile_modulate_XLX_SEP_ PragmaOptions=variable=B_fifo depth=9_XLX_SEP_ [-Wdump-hls-pragmas]
#pragma HLS stream variable=B_fifo depth=9
        ^
directive:1:9: warning: HLS pragma dump _XLX_SEP_ PragmaIsValid=1_XLX_SEP_ PragmaType=top_XLX_SEP_ PragmaContext=directive_XLX_SEP_ PragmaFunction=systolic_modulate_XLX_SEP_ PragmaOptions=name=systolic_modulate_XLX_SEP_ [-Wdump-hls-pragmas]
#pragma HLSDIRECTIVE TOP name=systolic_modulate
        ^
/home/silvenchen/Desktop/systolic_test/SA_workdict/tiny_sa/kernel.cpp:647:9: warning: HLS pragma dump _XLX_SEP_ PragmaIsValid=1_XLX_SEP_ PragmaType=array_partition_XLX_SEP_ PragmaContext=_XLX_SEP_ PragmaFunction=systolic_modulate_XLX_SEP_ PragmaOptions=variable=local_B complete dim=2_XLX_SEP_ [-Wdump-hls-pragmas]
#pragma HLS array_partition variable=local_B complete dim=2
        ^
/home/silvenchen/Desktop/systolic_test/SA_workdict/tiny_sa/kernel.cpp:650:9: warning: HLS pragma dump _XLX_SEP_ PragmaIsValid=1_XLX_SEP_ PragmaType=array_partition_XLX_SEP_ PragmaContext=_XLX_SEP_ PragmaFunction=systolic_modulate_XLX_SEP_ PragmaOptions=variable=local_C complete dim=2_XLX_SEP_ [-Wdump-hls-pragmas]
#pragma HLS array_partition variable=local_C complete dim=2
        ^
/home/silvenchen/Desktop/systolic_test/SA_workdict/tiny_sa/kernel.cpp:654:9: warning: HLS pragma dump _XLX_SEP_ PragmaIsValid=1_XLX_SEP_ PragmaType=dataflow_XLX_SEP_ PragmaContext=_XLX_SEP_ PragmaFunction=systolic_modulate_XLX_SEP_ PragmaOptions=_XLX_SEP_ [-Wdump-hls-pragmas]
#pragma HLS dataflow
        ^
/home/silvenchen/Desktop/systolic_test/SA_workdict/tiny_sa/kernel.cpp:656:9: warning: HLS pragma dump _XLX_SEP_ PragmaIsValid=1_XLX_SEP_ PragmaType=pipeline_XLX_SEP_ PragmaContext=_XLX_SEP_ PragmaFunction=systolic_modulate_XLX_SEP_ PragmaOptions=II=1_XLX_SEP_ [-Wdump-hls-pragmas]
#pragma HLS pipeline II=1
        ^
/home/silvenchen/Desktop/systolic_test/SA_workdict/tiny_sa/kernel.cpp:668:9: warning: HLS pragma dump _XLX_SEP_ PragmaIsValid=1_XLX_SEP_ PragmaType=pipeline_XLX_SEP_ PragmaContext=_XLX_SEP_ PragmaFunction=systolic_modulate_XLX_SEP_ PragmaOptions=II=1_XLX_SEP_ [-Wdump-hls-pragmas]
#pragma HLS pipeline II=1
        ^
/home/silvenchen/Desktop/systolic_test/SA_workdict/tiny_sa/kernel.cpp:675:9: warning: HLS pragma dump _XLX_SEP_ PragmaIsValid=1_XLX_SEP_ PragmaType=pipeline_XLX_SEP_ PragmaContext=_XLX_SEP_ PragmaFunction=systolic_modulate_XLX_SEP_ PragmaOptions=II=1_XLX_SEP_ [-Wdump-hls-pragmas]
#pragma HLS pipeline II=1
        ^
/home/silvenchen/Desktop/systolic_test/SA_workdict/tiny_sa/kernel.cpp:690:9: warning: HLS pragma dump _XLX_SEP_ PragmaIsValid=1_XLX_SEP_ PragmaType=interface_XLX_SEP_ PragmaContext=_XLX_SEP_ PragmaFunction=allo_DDitBlock_XLX_SEP_ PragmaOptions=m_axi port=v236 offset=slave bundle=gmem0_XLX_SEP_ [-Wdump-hls-pragmas]
#pragma HLS interface m_axi port=v236 offset=slave bundle=gmem0
        ^
/home/silvenchen/Desktop/systolic_test/SA_workdict/tiny_sa/kernel.cpp:691:9: warning: HLS pragma dump _XLX_SEP_ PragmaIsValid=1_XLX_SEP_ PragmaType=interface_XLX_SEP_ PragmaContext=_XLX_SEP_ PragmaFunction=allo_DDitBlock_XLX_SEP_ PragmaOptions=m_axi port=v237 offset=slave bundle=gmem1_XLX_SEP_ [-Wdump-hls-pragmas]
#pragma HLS interface m_axi port=v237 offset=slave bundle=gmem1
        ^
/home/silvenchen/Desktop/systolic_test/SA_workdict/tiny_sa/kernel.cpp:692:9: warning: HLS pragma dump _XLX_SEP_ PragmaIsValid=1_XLX_SEP_ PragmaType=interface_XLX_SEP_ PragmaContext=_XLX_SEP_ PragmaFunction=allo_DDitBlock_XLX_SEP_ PragmaOptions=m_axi port=v238 offset=slave bundle=gmem2_XLX_SEP_ [-Wdump-hls-pragmas]
#pragma HLS interface m_axi port=v238 offset=slave bundle=gmem2
        ^
/home/silvenchen/Desktop/systolic_test/SA_workdict/tiny_sa/kernel.cpp:696:9: warning: HLS pragma dump _XLX_SEP_ PragmaIsValid=1_XLX_SEP_ PragmaType=pipeline_XLX_SEP_ PragmaContext=_XLX_SEP_ PragmaFunction=allo_DDitBlock_XLX_SEP_ PragmaOptions=II=1 rewind_XLX_SEP_ [-Wdump-hls-pragmas]
#pragma HLS pipeline II=1 rewind
        ^
/home/silvenchen/Desktop/systolic_test/SA_workdict/tiny_sa/kernel.cpp:704:9: warning: HLS pragma dump _XLX_SEP_ PragmaIsValid=1_XLX_SEP_ PragmaType=pipeline_XLX_SEP_ PragmaContext=_XLX_SEP_ PragmaFunction=allo_DDitBlock_XLX_SEP_ PragmaOptions=II=1 rewind_XLX_SEP_ [-Wdump-hls-pragmas]
#pragma HLS pipeline II=1 rewind
        ^
/home/silvenchen/Desktop/systolic_test/SA_workdict/tiny_sa/kernel.cpp:718:9: warning: HLS pragma dump _XLX_SEP_ PragmaIsValid=1_XLX_SEP_ PragmaType=pipeline_XLX_SEP_ PragmaContext=_XLX_SEP_ PragmaFunction=allo_DDitBlock_XLX_SEP_ PragmaOptions=II=1 rewind_XLX_SEP_ [-Wdump-hls-pragmas]
#pragma HLS pipeline II=1 rewind
        ^
259 warnings generated.
