/home/silvenchen/Desktop/systolic_test/SA_workdict/tiny_sa/systolic_modulate/hls/.autopilot/db/kernel.pp.0.cpp:18164:7: warning: Added loop label VITIS_LOOP_1207_1:   [xilinx-label-all-loops]
      for (i = 0; i < __N - 1; ++i) {
      ^~~
      VITIS_LOOP_1207_1: 
/home/silvenchen/Desktop/systolic_test/SA_workdict/tiny_sa/systolic_modulate/hls/.autopilot/db/kernel.pp.0.cpp:18164:7: note: FIX-IT applied suggested code changes
/home/silvenchen/Desktop/systolic_test/SA_workdict/tiny_sa/systolic_modulate/hls/.autopilot/db/kernel.pp.0.cpp:19138:5: warning: Added loop label VITIS_LOOP_676_1:   [xilinx-label-all-loops]
    for (unsigned i = low; i != high; ++i) {
    ^~~
    VITIS_LOOP_676_1: 
/home/silvenchen/Desktop/systolic_test/SA_workdict/tiny_sa/systolic_modulate/hls/.autopilot/db/kernel.pp.0.cpp:19138:5: note: FIX-IT applied suggested code changes
/home/silvenchen/Desktop/systolic_test/SA_workdict/tiny_sa/systolic_modulate/hls/.autopilot/db/kernel.pp.0.cpp:19152:5: warning: Added loop label VITIS_LOOP_690_1:   [xilinx-label-all-loops]
    for (unsigned i = low; i != high; ++i) {
    ^~~
    VITIS_LOOP_690_1: 
/home/silvenchen/Desktop/systolic_test/SA_workdict/tiny_sa/systolic_modulate/hls/.autopilot/db/kernel.pp.0.cpp:19152:5: note: FIX-IT applied suggested code changes
/home/silvenchen/Desktop/systolic_test/SA_workdict/tiny_sa/systolic_modulate/hls/.autopilot/db/kernel.pp.0.cpp:19166:5: warning: Added loop label VITIS_LOOP_704_1:   [xilinx-label-all-loops]
    for (unsigned i = low; i != high; ++i) {
    ^~~
    VITIS_LOOP_704_1: 
/home/silvenchen/Desktop/systolic_test/SA_workdict/tiny_sa/systolic_modulate/hls/.autopilot/db/kernel.pp.0.cpp:19166:5: note: FIX-IT applied suggested code changes
/home/silvenchen/Desktop/systolic_test/SA_workdict/tiny_sa/systolic_modulate/hls/.autopilot/db/kernel.pp.0.cpp:20795:7: warning: Added loop label VITIS_LOOP_1247_1:   [xilinx-label-all-loops]
      for (i = 0; i < __N - 1; ++i) {
      ^~~
      VITIS_LOOP_1247_1: 
/home/silvenchen/Desktop/systolic_test/SA_workdict/tiny_sa/systolic_modulate/hls/.autopilot/db/kernel.pp.0.cpp:20795:7: note: FIX-IT applied suggested code changes
/home/silvenchen/Desktop/systolic_test/SA_workdict/tiny_sa/systolic_modulate/hls/.autopilot/db/kernel.pp.0.cpp:29453:72: error: Invalid Directive: for current device, ROM_1P + LUTRAM is invalid combination for BIND_STORAGE's option 'type + impl' [clang-diagnostic-error]
#pragma HLS BIND_STORAGE variable=fourth_order_double::sin_cos_K0 type=ROM_1P impl=LUTRAM
                                                                       ^
/home/silvenchen/Desktop/systolic_test/SA_workdict/tiny_sa/systolic_modulate/hls/.autopilot/db/kernel.pp.0.cpp:29454:72: error: Invalid Directive: for current device, ROM_1P + LUTRAM is invalid combination for BIND_STORAGE's option 'type + impl' [clang-diagnostic-error]
#pragma HLS BIND_STORAGE variable=fourth_order_double::sin_cos_K1 type=ROM_1P impl=LUTRAM
                                                                       ^
/home/silvenchen/Desktop/systolic_test/SA_workdict/tiny_sa/systolic_modulate/hls/.autopilot/db/kernel.pp.0.cpp:29455:72: error: Invalid Directive: for current device, ROM_1P + LUTRAM is invalid combination for BIND_STORAGE's option 'type + impl' [clang-diagnostic-error]
#pragma HLS BIND_STORAGE variable=fourth_order_double::sin_cos_K2 type=ROM_1P impl=LUTRAM
                                                                       ^
/home/silvenchen/Desktop/systolic_test/SA_workdict/tiny_sa/systolic_modulate/hls/.autopilot/db/kernel.pp.0.cpp:29456:72: error: Invalid Directive: for current device, ROM_1P + LUTRAM is invalid combination for BIND_STORAGE's option 'type + impl' [clang-diagnostic-error]
#pragma HLS BIND_STORAGE variable=fourth_order_double::sin_cos_K3 type=ROM_1P impl=LUTRAM
                                                                       ^
/home/silvenchen/Desktop/systolic_test/SA_workdict/tiny_sa/systolic_modulate/hls/.autopilot/db/kernel.pp.0.cpp:29457:72: error: Invalid Directive: for current device, ROM_1P + LUTRAM is invalid combination for BIND_STORAGE's option 'type + impl' [clang-diagnostic-error]
#pragma HLS BIND_STORAGE variable=fourth_order_double::sin_cos_K4 type=ROM_1P impl=LUTRAM
                                                                       ^
/home/silvenchen/Desktop/systolic_test/SA_workdict/tiny_sa/systolic_modulate/hls/.autopilot/db/kernel.pp.0.cpp:29487:68: error: Invalid Directive: for current device, ROM_1P + LUTRAM is invalid combination for BIND_STORAGE's option 'type + impl' [clang-diagnostic-error]
#pragma HLS BIND_STORAGE variable=fourth_order_double::cos_K0 type=ROM_1P impl=LUTRAM
                                                                   ^
/home/silvenchen/Desktop/systolic_test/SA_workdict/tiny_sa/systolic_modulate/hls/.autopilot/db/kernel.pp.0.cpp:29488:68: error: Invalid Directive: for current device, ROM_1P + LUTRAM is invalid combination for BIND_STORAGE's option 'type + impl' [clang-diagnostic-error]
#pragma HLS BIND_STORAGE variable=fourth_order_double::cos_K1 type=ROM_1P impl=LUTRAM
                                                                   ^
/home/silvenchen/Desktop/systolic_test/SA_workdict/tiny_sa/systolic_modulate/hls/.autopilot/db/kernel.pp.0.cpp:29489:68: error: Invalid Directive: for current device, ROM_1P + LUTRAM is invalid combination for BIND_STORAGE's option 'type + impl' [clang-diagnostic-error]
#pragma HLS BIND_STORAGE variable=fourth_order_double::cos_K2 type=ROM_1P impl=LUTRAM
                                                                   ^
/home/silvenchen/Desktop/systolic_test/SA_workdict/tiny_sa/systolic_modulate/hls/.autopilot/db/kernel.pp.0.cpp:29490:68: error: Invalid Directive: for current device, ROM_1P + LUTRAM is invalid combination for BIND_STORAGE's option 'type + impl' [clang-diagnostic-error]
#pragma HLS BIND_STORAGE variable=fourth_order_double::cos_K3 type=ROM_1P impl=LUTRAM
                                                                   ^
/home/silvenchen/Desktop/systolic_test/SA_workdict/tiny_sa/systolic_modulate/hls/.autopilot/db/kernel.pp.0.cpp:29491:68: error: Invalid Directive: for current device, ROM_1P + LUTRAM is invalid combination for BIND_STORAGE's option 'type + impl' [clang-diagnostic-error]
#pragma HLS BIND_STORAGE variable=fourth_order_double::cos_K4 type=ROM_1P impl=LUTRAM
                                                                   ^
/home/silvenchen/Desktop/systolic_test/SA_workdict/tiny_sa/systolic_modulate/hls/.autopilot/db/kernel.pp.0.cpp:29492:68: error: Invalid Directive: for current device, ROM_1P + LUTRAM is invalid combination for BIND_STORAGE's option 'type + impl' [clang-diagnostic-error]
#pragma HLS BIND_STORAGE variable=fourth_order_double::sin_K0 type=ROM_1P impl=LUTRAM
                                                                   ^
/home/silvenchen/Desktop/systolic_test/SA_workdict/tiny_sa/systolic_modulate/hls/.autopilot/db/kernel.pp.0.cpp:29493:68: error: Invalid Directive: for current device, ROM_1P + LUTRAM is invalid combination for BIND_STORAGE's option 'type + impl' [clang-diagnostic-error]
#pragma HLS BIND_STORAGE variable=fourth_order_double::sin_K1 type=ROM_1P impl=LUTRAM
                                                                   ^
/home/silvenchen/Desktop/systolic_test/SA_workdict/tiny_sa/systolic_modulate/hls/.autopilot/db/kernel.pp.0.cpp:29494:68: error: Invalid Directive: for current device, ROM_1P + LUTRAM is invalid combination for BIND_STORAGE's option 'type + impl' [clang-diagnostic-error]
#pragma HLS BIND_STORAGE variable=fourth_order_double::sin_K2 type=ROM_1P impl=LUTRAM
                                                                   ^
/home/silvenchen/Desktop/systolic_test/SA_workdict/tiny_sa/systolic_modulate/hls/.autopilot/db/kernel.pp.0.cpp:29495:68: error: Invalid Directive: for current device, ROM_1P + LUTRAM is invalid combination for BIND_STORAGE's option 'type + impl' [clang-diagnostic-error]
#pragma HLS BIND_STORAGE variable=fourth_order_double::sin_K3 type=ROM_1P impl=LUTRAM
                                                                   ^
/home/silvenchen/Desktop/systolic_test/SA_workdict/tiny_sa/systolic_modulate/hls/.autopilot/db/kernel.pp.0.cpp:29496:68: error: Invalid Directive: for current device, ROM_1P + LUTRAM is invalid combination for BIND_STORAGE's option 'type + impl' [clang-diagnostic-error]
#pragma HLS BIND_STORAGE variable=fourth_order_double::sin_K4 type=ROM_1P impl=LUTRAM
                                                                   ^
/home/silvenchen/Desktop/systolic_test/SA_workdict/tiny_sa/systolic_modulate/hls/.autopilot/db/kernel.pp.0.cpp:29546:71: error: Invalid Directive: for current device, ROM_1P + LUTRAM is invalid combination for BIND_STORAGE's option 'type + impl' [clang-diagnostic-error]
#pragma HLS BIND_STORAGE variable=second_order_float::sin_cos_K0 type=ROM_1P impl=LUTRAM
                                                                      ^
/home/silvenchen/Desktop/systolic_test/SA_workdict/tiny_sa/systolic_modulate/hls/.autopilot/db/kernel.pp.0.cpp:29547:71: error: Invalid Directive: for current device, ROM_1P + LUTRAM is invalid combination for BIND_STORAGE's option 'type + impl' [clang-diagnostic-error]
#pragma HLS BIND_STORAGE variable=second_order_float::sin_cos_K1 type=ROM_1P impl=LUTRAM
                                                                      ^
/home/silvenchen/Desktop/systolic_test/SA_workdict/tiny_sa/systolic_modulate/hls/.autopilot/db/kernel.pp.0.cpp:29548:71: error: Invalid Directive: for current device, ROM_1P + LUTRAM is invalid combination for BIND_STORAGE's option 'type + impl' [clang-diagnostic-error]
#pragma HLS BIND_STORAGE variable=second_order_float::sin_cos_K2 type=ROM_1P impl=LUTRAM
                                                                      ^
/home/silvenchen/Desktop/systolic_test/SA_workdict/tiny_sa/systolic_modulate/hls/.autopilot/db/kernel.pp.0.cpp:29575:67: error: Invalid Directive: for current device, ROM_1P + LUTRAM is invalid combination for BIND_STORAGE's option 'type + impl' [clang-diagnostic-error]
#pragma HLS BIND_STORAGE variable=second_order_float::cos_K0 type=ROM_1P impl=LUTRAM
                                                                  ^
/home/silvenchen/Desktop/systolic_test/SA_workdict/tiny_sa/systolic_modulate/hls/.autopilot/db/kernel.pp.0.cpp:29576:67: error: Invalid Directive: for current device, ROM_1P + LUTRAM is invalid combination for BIND_STORAGE's option 'type + impl' [clang-diagnostic-error]
#pragma HLS BIND_STORAGE variable=second_order_float::cos_K1 type=ROM_1P impl=LUTRAM
                                                                  ^
/home/silvenchen/Desktop/systolic_test/SA_workdict/tiny_sa/systolic_modulate/hls/.autopilot/db/kernel.pp.0.cpp:29577:67: error: Invalid Directive: for current device, ROM_1P + LUTRAM is invalid combination for BIND_STORAGE's option 'type + impl' [clang-diagnostic-error]
#pragma HLS BIND_STORAGE variable=second_order_float::cos_K2 type=ROM_1P impl=LUTRAM
                                                                  ^
/home/silvenchen/Desktop/systolic_test/SA_workdict/tiny_sa/systolic_modulate/hls/.autopilot/db/kernel.pp.0.cpp:29578:67: error: Invalid Directive: for current device, ROM_1P + LUTRAM is invalid combination for BIND_STORAGE's option 'type + impl' [clang-diagnostic-error]
#pragma HLS BIND_STORAGE variable=second_order_float::sin_K0 type=ROM_1P impl=LUTRAM
                                                                  ^
/home/silvenchen/Desktop/systolic_test/SA_workdict/tiny_sa/systolic_modulate/hls/.autopilot/db/kernel.pp.0.cpp:29579:67: error: Invalid Directive: for current device, ROM_1P + LUTRAM is invalid combination for BIND_STORAGE's option 'type + impl' [clang-diagnostic-error]
#pragma HLS BIND_STORAGE variable=second_order_float::sin_K1 type=ROM_1P impl=LUTRAM
                                                                  ^
/home/silvenchen/Desktop/systolic_test/SA_workdict/tiny_sa/systolic_modulate/hls/.autopilot/db/kernel.pp.0.cpp:29580:67: error: Invalid Directive: for current device, ROM_1P + LUTRAM is invalid combination for BIND_STORAGE's option 'type + impl' [clang-diagnostic-error]
#pragma HLS BIND_STORAGE variable=second_order_float::sin_K2 type=ROM_1P impl=LUTRAM
                                                                  ^
/home/silvenchen/Desktop/systolic_test/SA_workdict/tiny_sa/systolic_modulate/hls/.autopilot/db/kernel.pp.0.cpp:29616:73: error: Invalid Directive: for current device, ROM_1P + LUTRAM is invalid combination for BIND_STORAGE's option 'type + impl' [clang-diagnostic-error]
#pragma HLS BIND_STORAGE variable=first_order_fixed_16::sin_cos_K0 type=ROM_1P impl=LUTRAM
                                                                        ^
/home/silvenchen/Desktop/systolic_test/SA_workdict/tiny_sa/systolic_modulate/hls/.autopilot/db/kernel.pp.0.cpp:29617:73: error: Invalid Directive: for current device, ROM_1P + LUTRAM is invalid combination for BIND_STORAGE's option 'type + impl' [clang-diagnostic-error]
#pragma HLS BIND_STORAGE variable=first_order_fixed_16::sin_cos_K1 type=ROM_1P impl=LUTRAM
                                                                        ^
/home/silvenchen/Desktop/systolic_test/SA_workdict/tiny_sa/systolic_modulate/hls/.autopilot/db/kernel.pp.0.cpp:29891:5: warning: Added loop label VITIS_LOOP_61_1:   [xilinx-label-all-loops]
    for (int n=0; n<Nmax; n++){
    ^~~
    VITIS_LOOP_61_1: 
/home/silvenchen/Desktop/systolic_test/SA_workdict/tiny_sa/systolic_modulate/hls/.autopilot/db/kernel.pp.0.cpp:29891:5: note: FIX-IT applied suggested code changes
/home/silvenchen/Desktop/systolic_test/SA_workdict/tiny_sa/systolic_modulate/hls/.autopilot/db/kernel.pp.0.cpp:29937:5: warning: Added loop label VITIS_LOOP_117_1:   [xilinx-label-all-loops]
    for (int n=0; n<Nmax; n++){
    ^~~
    VITIS_LOOP_117_1: 
/home/silvenchen/Desktop/systolic_test/SA_workdict/tiny_sa/systolic_modulate/hls/.autopilot/db/kernel.pp.0.cpp:29937:5: note: FIX-IT applied suggested code changes
/home/silvenchen/Desktop/systolic_test/SA_workdict/tiny_sa/systolic_modulate/hls/.autopilot/db/kernel.pp.0.cpp:30100:9: warning: Added loop label VITIS_LOOP_289_1:   [xilinx-label-all-loops]
        for(int i=0;i<W-1;i++){
        ^~~
        VITIS_LOOP_289_1: 
/home/silvenchen/Desktop/systolic_test/SA_workdict/tiny_sa/systolic_modulate/hls/.autopilot/db/kernel.pp.0.cpp:30100:9: note: FIX-IT applied suggested code changes
/home/silvenchen/Desktop/systolic_test/SA_workdict/tiny_sa/systolic_modulate/hls/.autopilot/db/kernel.pp.0.cpp:30252:9: warning: Added loop label VITIS_LOOP_449_1:   [xilinx-label-all-loops]
        for(int i=0;i<W-1;i++){
        ^~~
        VITIS_LOOP_449_1: 
/home/silvenchen/Desktop/systolic_test/SA_workdict/tiny_sa/systolic_modulate/hls/.autopilot/db/kernel.pp.0.cpp:30252:9: note: FIX-IT applied suggested code changes
/home/silvenchen/Desktop/systolic_test/SA_workdict/tiny_sa/systolic_modulate/hls/.autopilot/db/kernel.pp.0.cpp:30432:5: warning: Added loop label VITIS_LOOP_629_1:   [xilinx-label-all-loops]
    for(int i=0;i<W+1;i++){
    ^~~
    VITIS_LOOP_629_1: 
/home/silvenchen/Desktop/systolic_test/SA_workdict/tiny_sa/systolic_modulate/hls/.autopilot/db/kernel.pp.0.cpp:30432:5: note: FIX-IT applied suggested code changes
/home/silvenchen/Desktop/systolic_test/SA_workdict/tiny_sa/systolic_modulate/hls/.autopilot/db/kernel.pp.0.cpp:30436:5: warning: Added loop label VITIS_LOOP_633_2:   [xilinx-label-all-loops]
    for(int i=0;i<W+1;i++){
    ^~~
    VITIS_LOOP_633_2: 
/home/silvenchen/Desktop/systolic_test/SA_workdict/tiny_sa/systolic_modulate/hls/.autopilot/db/kernel.pp.0.cpp:30436:5: note: FIX-IT applied suggested code changes
/home/silvenchen/Desktop/systolic_test/SA_workdict/tiny_sa/systolic_modulate/hls/.autopilot/db/kernel.pp.0.cpp:30546:5: warning: Added loop label VITIS_LOOP_743_1:   [xilinx-label-all-loops]
    for (int n=0; n<Nmax; n++){
    ^~~
    VITIS_LOOP_743_1: 
/home/silvenchen/Desktop/systolic_test/SA_workdict/tiny_sa/systolic_modulate/hls/.autopilot/db/kernel.pp.0.cpp:30546:5: note: FIX-IT applied suggested code changes
/home/silvenchen/Desktop/systolic_test/SA_workdict/tiny_sa/systolic_modulate/hls/.autopilot/db/kernel.pp.0.cpp:30636:7: warning: Added loop label VITIS_LOOP_840_1:   [xilinx-label-all-loops]
      for(int i=0;i<W-1;i++){
      ^~~
      VITIS_LOOP_840_1: 
/home/silvenchen/Desktop/systolic_test/SA_workdict/tiny_sa/systolic_modulate/hls/.autopilot/db/kernel.pp.0.cpp:30636:7: note: FIX-IT applied suggested code changes
/home/silvenchen/Desktop/systolic_test/SA_workdict/tiny_sa/systolic_modulate/hls/.autopilot/db/kernel.pp.0.cpp:30655:7: warning: Added loop label VITIS_LOOP_859_2:   [xilinx-label-all-loops]
      for(int i=0;i<W-1;i++){
      ^~~
      VITIS_LOOP_859_2: 
/home/silvenchen/Desktop/systolic_test/SA_workdict/tiny_sa/systolic_modulate/hls/.autopilot/db/kernel.pp.0.cpp:30655:7: note: FIX-IT applied suggested code changes
/home/silvenchen/Desktop/systolic_test/SA_workdict/tiny_sa/systolic_modulate/hls/.autopilot/db/kernel.pp.0.cpp:30945:5: warning: Added loop label VITIS_LOOP_1173_1:   [xilinx-label-all-loops]
    for(int i=0; i<Nmax; i++) {
    ^~~
    VITIS_LOOP_1173_1: 
/home/silvenchen/Desktop/systolic_test/SA_workdict/tiny_sa/systolic_modulate/hls/.autopilot/db/kernel.pp.0.cpp:30945:5: note: FIX-IT applied suggested code changes
/home/silvenchen/Desktop/systolic_test/SA_workdict/tiny_sa/systolic_modulate/hls/.autopilot/db/kernel.pp.0.cpp:31028:5: warning: Added loop label VITIS_LOOP_1256_1:   [xilinx-label-all-loops]
    for(int i=0; i<Nmax; i++) {
    ^~~
    VITIS_LOOP_1256_1: 
/home/silvenchen/Desktop/systolic_test/SA_workdict/tiny_sa/systolic_modulate/hls/.autopilot/db/kernel.pp.0.cpp:31028:5: note: FIX-IT applied suggested code changes
/home/silvenchen/Desktop/systolic_test/SA_workdict/tiny_sa/systolic_modulate/hls/.autopilot/db/kernel.pp.0.cpp:31434:13: warning: Added loop label VITIS_LOOP_68_1:   [xilinx-label-all-loops]
            for (int j = 3; j >= I_+1; j--) {
            ^~~
            VITIS_LOOP_68_1: 
/home/silvenchen/Desktop/systolic_test/SA_workdict/tiny_sa/systolic_modulate/hls/.autopilot/db/kernel.pp.0.cpp:31434:13: note: FIX-IT applied suggested code changes
/home/silvenchen/Desktop/systolic_test/SA_workdict/tiny_sa/systolic_modulate/hls/.autopilot/db/kernel.pp.0.cpp:31440:17: warning: Added loop label VITIS_LOOP_74_2:   [xilinx-label-all-loops]
                for (int j = 3; j >= I_+1; j--){
                ^~~
                VITIS_LOOP_74_2: 
/home/silvenchen/Desktop/systolic_test/SA_workdict/tiny_sa/systolic_modulate/hls/.autopilot/db/kernel.pp.0.cpp:31440:17: note: FIX-IT applied suggested code changes
/home/silvenchen/Desktop/systolic_test/SA_workdict/tiny_sa/systolic_modulate/hls/.autopilot/db/kernel.pp.0.cpp:31444:17: warning: Added loop label VITIS_LOOP_78_3:   [xilinx-label-all-loops]
                for (int j = I_; j >= 0; j--){
                ^~~
                VITIS_LOOP_78_3: 
/home/silvenchen/Desktop/systolic_test/SA_workdict/tiny_sa/systolic_modulate/hls/.autopilot/db/kernel.pp.0.cpp:31444:17: note: FIX-IT applied suggested code changes
/home/silvenchen/Desktop/systolic_test/SA_workdict/tiny_sa/systolic_modulate/hls/.autopilot/db/kernel.pp.0.cpp:31492:13: warning: Added loop label VITIS_LOOP_145_4:   [xilinx-label-all-loops]
            for (int j = 9; j >= I_+4; j--) {
            ^~~
            VITIS_LOOP_145_4: 
/home/silvenchen/Desktop/systolic_test/SA_workdict/tiny_sa/systolic_modulate/hls/.autopilot/db/kernel.pp.0.cpp:31492:13: note: FIX-IT applied suggested code changes
/home/silvenchen/Desktop/systolic_test/SA_workdict/tiny_sa/systolic_modulate/hls/.autopilot/db/kernel.pp.0.cpp:31498:17: warning: Added loop label VITIS_LOOP_151_5:   [xilinx-label-all-loops]
                for (int j = 9; j >= I_+4; j--){
                ^~~
                VITIS_LOOP_151_5: 
/home/silvenchen/Desktop/systolic_test/SA_workdict/tiny_sa/systolic_modulate/hls/.autopilot/db/kernel.pp.0.cpp:31498:17: note: FIX-IT applied suggested code changes
/home/silvenchen/Desktop/systolic_test/SA_workdict/tiny_sa/systolic_modulate/hls/.autopilot/db/kernel.pp.0.cpp:31502:17: warning: Added loop label VITIS_LOOP_155_6:   [xilinx-label-all-loops]
                for (int j = I_+3; j >= 0; j--){
                ^~~
                VITIS_LOOP_155_6: 
/home/silvenchen/Desktop/systolic_test/SA_workdict/tiny_sa/systolic_modulate/hls/.autopilot/db/kernel.pp.0.cpp:31502:17: note: FIX-IT applied suggested code changes
/home/silvenchen/Desktop/systolic_test/SA_workdict/tiny_sa/systolic_modulate/hls/.autopilot/db/kernel.pp.0.cpp:31517:9: warning: Added loop label VITIS_LOOP_170_7:   [xilinx-label-all-loops]
        for (int j = 14; j < 22; j++){
        ^~~
        VITIS_LOOP_170_7: 
/home/silvenchen/Desktop/systolic_test/SA_workdict/tiny_sa/systolic_modulate/hls/.autopilot/db/kernel.pp.0.cpp:31517:9: note: FIX-IT applied suggested code changes
/home/silvenchen/Desktop/systolic_test/SA_workdict/tiny_sa/systolic_modulate/hls/.autopilot/db/kernel.pp.0.cpp:31525:17: warning: Added loop label VITIS_LOOP_178_8:   [xilinx-label-all-loops]
                for (int j = 0; j < 22; j++){
                ^~~
                VITIS_LOOP_178_8: 
/home/silvenchen/Desktop/systolic_test/SA_workdict/tiny_sa/systolic_modulate/hls/.autopilot/db/kernel.pp.0.cpp:31525:17: note: FIX-IT applied suggested code changes
/home/silvenchen/Desktop/systolic_test/SA_workdict/tiny_sa/systolic_modulate/hls/.autopilot/db/kernel.pp.0.cpp:31590:13: warning: Added loop label VITIS_LOOP_243_9:   [xilinx-label-all-loops]
            for (int j = 21; j >= I_+10; j--) {
            ^~~
            VITIS_LOOP_243_9: 
/home/silvenchen/Desktop/systolic_test/SA_workdict/tiny_sa/systolic_modulate/hls/.autopilot/db/kernel.pp.0.cpp:31590:13: note: FIX-IT applied suggested code changes
/home/silvenchen/Desktop/systolic_test/SA_workdict/tiny_sa/systolic_modulate/hls/.autopilot/db/kernel.pp.0.cpp:31596:17: warning: Added loop label VITIS_LOOP_249_10:   [xilinx-label-all-loops]
                for (int j = 21; j >= I_+10; j--) {
                ^~~
                VITIS_LOOP_249_10: 
/home/silvenchen/Desktop/systolic_test/SA_workdict/tiny_sa/systolic_modulate/hls/.autopilot/db/kernel.pp.0.cpp:31596:17: note: FIX-IT applied suggested code changes
/home/silvenchen/Desktop/systolic_test/SA_workdict/tiny_sa/systolic_modulate/hls/.autopilot/db/kernel.pp.0.cpp:31600:17: warning: Added loop label VITIS_LOOP_253_11:   [xilinx-label-all-loops]
                for (int j = I_+9; j >= 0; j--) {
                ^~~
                VITIS_LOOP_253_11: 
/home/silvenchen/Desktop/systolic_test/SA_workdict/tiny_sa/systolic_modulate/hls/.autopilot/db/kernel.pp.0.cpp:31600:17: note: FIX-IT applied suggested code changes
/home/silvenchen/Desktop/systolic_test/SA_workdict/tiny_sa/systolic_modulate/hls/.autopilot/db/kernel.pp.0.cpp:31615:9: warning: Added loop label VITIS_LOOP_268_12:   [xilinx-label-all-loops]
        for (int j = 27; j < 46; j++){
        ^~~
        VITIS_LOOP_268_12: 
/home/silvenchen/Desktop/systolic_test/SA_workdict/tiny_sa/systolic_modulate/hls/.autopilot/db/kernel.pp.0.cpp:31615:9: note: FIX-IT applied suggested code changes
/home/silvenchen/Desktop/systolic_test/SA_workdict/tiny_sa/systolic_modulate/hls/.autopilot/db/kernel.pp.0.cpp:31623:17: warning: Added loop label VITIS_LOOP_276_13:   [xilinx-label-all-loops]
                for (int j = 0; j < 46; j++) {
                ^~~
                VITIS_LOOP_276_13: 
/home/silvenchen/Desktop/systolic_test/SA_workdict/tiny_sa/systolic_modulate/hls/.autopilot/db/kernel.pp.0.cpp:31623:17: note: FIX-IT applied suggested code changes
/home/silvenchen/Desktop/systolic_test/SA_workdict/tiny_sa/systolic_modulate/hls/.autopilot/db/kernel.pp.0.cpp:31852:13: warning: Added loop label VITIS_LOOP_505_14:   [xilinx-label-all-loops]
            for (int j = 45; j >= I_+22; j--) {
            ^~~
            VITIS_LOOP_505_14: 
/home/silvenchen/Desktop/systolic_test/SA_workdict/tiny_sa/systolic_modulate/hls/.autopilot/db/kernel.pp.0.cpp:31852:13: note: FIX-IT applied suggested code changes
/home/silvenchen/Desktop/systolic_test/SA_workdict/tiny_sa/systolic_modulate/hls/.autopilot/db/kernel.pp.0.cpp:31858:17: warning: Added loop label VITIS_LOOP_511_15:   [xilinx-label-all-loops]
                for (int j = 45; j >= I_+22; j--){
                ^~~
                VITIS_LOOP_511_15: 
/home/silvenchen/Desktop/systolic_test/SA_workdict/tiny_sa/systolic_modulate/hls/.autopilot/db/kernel.pp.0.cpp:31858:17: note: FIX-IT applied suggested code changes
/home/silvenchen/Desktop/systolic_test/SA_workdict/tiny_sa/systolic_modulate/hls/.autopilot/db/kernel.pp.0.cpp:31862:17: warning: Added loop label VITIS_LOOP_515_16:   [xilinx-label-all-loops]
                for (int j = I_+21; j >= 0; j--) {
                ^~~
                VITIS_LOOP_515_16: 
/home/silvenchen/Desktop/systolic_test/SA_workdict/tiny_sa/systolic_modulate/hls/.autopilot/db/kernel.pp.0.cpp:31862:17: note: FIX-IT applied suggested code changes
/home/silvenchen/Desktop/systolic_test/SA_workdict/tiny_sa/systolic_modulate/hls/.autopilot/db/kernel.pp.0.cpp:31872:9: warning: Added loop label VITIS_LOOP_525_17:   [xilinx-label-all-loops]
        for (int j = 32-F_; j < 32+I_; j++){
        ^~~
        VITIS_LOOP_525_17: 
/home/silvenchen/Desktop/systolic_test/SA_workdict/tiny_sa/systolic_modulate/hls/.autopilot/db/kernel.pp.0.cpp:31872:9: note: FIX-IT applied suggested code changes
/home/silvenchen/Desktop/systolic_test/SA_workdict/tiny_sa/systolic_modulate/hls/.autopilot/db/kernel.pp.0.cpp:31876:9: warning: Added loop label VITIS_LOOP_529_18:   [xilinx-label-all-loops]
        for (int j = 32+I_; j <= 64; j++){
        ^~~
        VITIS_LOOP_529_18: 
/home/silvenchen/Desktop/systolic_test/SA_workdict/tiny_sa/systolic_modulate/hls/.autopilot/db/kernel.pp.0.cpp:31876:9: note: FIX-IT applied suggested code changes
/home/silvenchen/Desktop/systolic_test/SA_workdict/tiny_sa/systolic_modulate/hls/.autopilot/db/kernel.pp.0.cpp:31886:9: warning: Added loop label VITIS_LOOP_539_19:   [xilinx-label-all-loops]
        for (int j = 37; j < 64; j++) {
        ^~~
        VITIS_LOOP_539_19: 
/home/silvenchen/Desktop/systolic_test/SA_workdict/tiny_sa/systolic_modulate/hls/.autopilot/db/kernel.pp.0.cpp:31886:9: note: FIX-IT applied suggested code changes
/home/silvenchen/Desktop/systolic_test/SA_workdict/tiny_sa/systolic_modulate/hls/.autopilot/db/kernel.pp.0.cpp:31894:17: warning: Added loop label VITIS_LOOP_547_20:   [xilinx-label-all-loops]
                for (int j = 0; j < 64; j++){
                ^~~
                VITIS_LOOP_547_20: 
/home/silvenchen/Desktop/systolic_test/SA_workdict/tiny_sa/systolic_modulate/hls/.autopilot/db/kernel.pp.0.cpp:31894:17: note: FIX-IT applied suggested code changes
/home/silvenchen/Desktop/systolic_test/SA_workdict/tiny_sa/systolic_modulate/hls/.autopilot/db/kernel.pp.0.cpp:32255:13: warning: Added loop label VITIS_LOOP_908_21:   [xilinx-label-all-loops]
            for (int j = 63; j >= I_+31; j--) {
            ^~~
            VITIS_LOOP_908_21: 
/home/silvenchen/Desktop/systolic_test/SA_workdict/tiny_sa/systolic_modulate/hls/.autopilot/db/kernel.pp.0.cpp:32255:13: note: FIX-IT applied suggested code changes
/home/silvenchen/Desktop/systolic_test/SA_workdict/tiny_sa/systolic_modulate/hls/.autopilot/db/kernel.pp.0.cpp:32261:17: warning: Added loop label VITIS_LOOP_914_22:   [xilinx-label-all-loops]
                for (int j = 63; j >= I_+31; j--) {
                ^~~
                VITIS_LOOP_914_22: 
/home/silvenchen/Desktop/systolic_test/SA_workdict/tiny_sa/systolic_modulate/hls/.autopilot/db/kernel.pp.0.cpp:32261:17: note: FIX-IT applied suggested code changes
/home/silvenchen/Desktop/systolic_test/SA_workdict/tiny_sa/systolic_modulate/hls/.autopilot/db/kernel.pp.0.cpp:32265:17: warning: Added loop label VITIS_LOOP_918_23:   [xilinx-label-all-loops]
                for (int j = I_+30; j >= 0; j--) {
                ^~~
                VITIS_LOOP_918_23: 
/home/silvenchen/Desktop/systolic_test/SA_workdict/tiny_sa/systolic_modulate/hls/.autopilot/db/kernel.pp.0.cpp:32265:17: note: FIX-IT applied suggested code changes
/home/silvenchen/Desktop/systolic_test/SA_workdict/tiny_sa/systolic_modulate/hls/.autopilot/db/kernel.pp.0.cpp:32381:13: warning: Added loop label VITIS_LOOP_1034_1:   [xilinx-label-all-loops]
            for (int j = 4; j >= I_+1; j--) {
            ^~~
            VITIS_LOOP_1034_1: 
/home/silvenchen/Desktop/systolic_test/SA_workdict/tiny_sa/systolic_modulate/hls/.autopilot/db/kernel.pp.0.cpp:32381:13: note: FIX-IT applied suggested code changes
/home/silvenchen/Desktop/systolic_test/SA_workdict/tiny_sa/systolic_modulate/hls/.autopilot/db/kernel.pp.0.cpp:32387:17: warning: Added loop label VITIS_LOOP_1040_2:   [xilinx-label-all-loops]
                for (int j = 4; j >= I_+1; j--) {
                ^~~
                VITIS_LOOP_1040_2: 
/home/silvenchen/Desktop/systolic_test/SA_workdict/tiny_sa/systolic_modulate/hls/.autopilot/db/kernel.pp.0.cpp:32387:17: note: FIX-IT applied suggested code changes
/home/silvenchen/Desktop/systolic_test/SA_workdict/tiny_sa/systolic_modulate/hls/.autopilot/db/kernel.pp.0.cpp:32391:17: warning: Added loop label VITIS_LOOP_1044_3:   [xilinx-label-all-loops]
                for (int j = I_; j >= 0; j--) {
                ^~~
                VITIS_LOOP_1044_3: 
/home/silvenchen/Desktop/systolic_test/SA_workdict/tiny_sa/systolic_modulate/hls/.autopilot/db/kernel.pp.0.cpp:32391:17: note: FIX-IT applied suggested code changes
/home/silvenchen/Desktop/systolic_test/SA_workdict/tiny_sa/systolic_modulate/hls/.autopilot/db/kernel.pp.0.cpp:32478:13: warning: Added loop label VITIS_LOOP_1131_4:   [xilinx-label-all-loops]
            for (int j = 10; j >= I_+4; j--) {
            ^~~
            VITIS_LOOP_1131_4: 
/home/silvenchen/Desktop/systolic_test/SA_workdict/tiny_sa/systolic_modulate/hls/.autopilot/db/kernel.pp.0.cpp:32478:13: note: FIX-IT applied suggested code changes
/home/silvenchen/Desktop/systolic_test/SA_workdict/tiny_sa/systolic_modulate/hls/.autopilot/db/kernel.pp.0.cpp:32484:17: warning: Added loop label VITIS_LOOP_1137_5:   [xilinx-label-all-loops]
                for (int j = 10; j >= I_+4; j--) {
                ^~~
                VITIS_LOOP_1137_5: 
/home/silvenchen/Desktop/systolic_test/SA_workdict/tiny_sa/systolic_modulate/hls/.autopilot/db/kernel.pp.0.cpp:32484:17: note: FIX-IT applied suggested code changes
/home/silvenchen/Desktop/systolic_test/SA_workdict/tiny_sa/systolic_modulate/hls/.autopilot/db/kernel.pp.0.cpp:32488:17: warning: Added loop label VITIS_LOOP_1141_6:   [xilinx-label-all-loops]
                for (int j = I_+3; j >= 0; j--) {
                ^~~
                VITIS_LOOP_1141_6: 
/home/silvenchen/Desktop/systolic_test/SA_workdict/tiny_sa/systolic_modulate/hls/.autopilot/db/kernel.pp.0.cpp:32488:17: note: FIX-IT applied suggested code changes
/home/silvenchen/Desktop/systolic_test/SA_workdict/tiny_sa/systolic_modulate/hls/.autopilot/db/kernel.pp.0.cpp:32507:9: warning: Added loop label VITIS_LOOP_1160_7:   [xilinx-label-all-loops]
        for (int j = wf+3; j < w-1; j++) {
        ^~~
        VITIS_LOOP_1160_7: 
/home/silvenchen/Desktop/systolic_test/SA_workdict/tiny_sa/systolic_modulate/hls/.autopilot/db/kernel.pp.0.cpp:32507:9: note: FIX-IT applied suggested code changes
/home/silvenchen/Desktop/systolic_test/SA_workdict/tiny_sa/systolic_modulate/hls/.autopilot/db/kernel.pp.0.cpp:32514:17: warning: Added loop label VITIS_LOOP_1167_8:   [xilinx-label-all-loops]
                for (int j = 0; j < 22; j++) {
                ^~~
                VITIS_LOOP_1167_8: 
/home/silvenchen/Desktop/systolic_test/SA_workdict/tiny_sa/systolic_modulate/hls/.autopilot/db/kernel.pp.0.cpp:32514:17: note: FIX-IT applied suggested code changes
/home/silvenchen/Desktop/systolic_test/SA_workdict/tiny_sa/systolic_modulate/hls/.autopilot/db/kernel.pp.0.cpp:32630:13: warning: Added loop label VITIS_LOOP_1283_9:   [xilinx-label-all-loops]
            for (int j = 22; j >= I_+10; j--) {
            ^~~
            VITIS_LOOP_1283_9: 
/home/silvenchen/Desktop/systolic_test/SA_workdict/tiny_sa/systolic_modulate/hls/.autopilot/db/kernel.pp.0.cpp:32630:13: note: FIX-IT applied suggested code changes
/home/silvenchen/Desktop/systolic_test/SA_workdict/tiny_sa/systolic_modulate/hls/.autopilot/db/kernel.pp.0.cpp:32636:17: warning: Added loop label VITIS_LOOP_1289_10:   [xilinx-label-all-loops]
                for (int j = 22; j >= I_+10; j--){
                ^~~
                VITIS_LOOP_1289_10: 
/home/silvenchen/Desktop/systolic_test/SA_workdict/tiny_sa/systolic_modulate/hls/.autopilot/db/kernel.pp.0.cpp:32636:17: note: FIX-IT applied suggested code changes
/home/silvenchen/Desktop/systolic_test/SA_workdict/tiny_sa/systolic_modulate/hls/.autopilot/db/kernel.pp.0.cpp:32640:17: warning: Added loop label VITIS_LOOP_1293_11:   [xilinx-label-all-loops]
                for (int j = I_+9; j >= 0; j--) {
                ^~~
                VITIS_LOOP_1293_11: 
/home/silvenchen/Desktop/systolic_test/SA_workdict/tiny_sa/systolic_modulate/hls/.autopilot/db/kernel.pp.0.cpp:32640:17: note: FIX-IT applied suggested code changes
/home/silvenchen/Desktop/systolic_test/SA_workdict/tiny_sa/systolic_modulate/hls/.autopilot/db/kernel.pp.0.cpp:32660:9: warning: Added loop label VITIS_LOOP_1313_12:   [xilinx-label-all-loops]
        for (int j = wf+4; j < w-1; j++){
        ^~~
        VITIS_LOOP_1313_12: 
/home/silvenchen/Desktop/systolic_test/SA_workdict/tiny_sa/systolic_modulate/hls/.autopilot/db/kernel.pp.0.cpp:32660:9: note: FIX-IT applied suggested code changes
/home/silvenchen/Desktop/systolic_test/SA_workdict/tiny_sa/systolic_modulate/hls/.autopilot/db/kernel.pp.0.cpp:32667:17: warning: Added loop label VITIS_LOOP_1320_13:   [xilinx-label-all-loops]
                for (int j = 0; j < 46; j++) {
                ^~~
                VITIS_LOOP_1320_13: 
/home/silvenchen/Desktop/systolic_test/SA_workdict/tiny_sa/systolic_modulate/hls/.autopilot/db/kernel.pp.0.cpp:32667:17: note: FIX-IT applied suggested code changes
/home/silvenchen/Desktop/systolic_test/SA_workdict/tiny_sa/systolic_modulate/hls/.autopilot/db/kernel.pp.0.cpp:32929:13: warning: Added loop label VITIS_LOOP_1582_14:   [xilinx-label-all-loops]
            for (int j = 46; j >= I_+22; j--) {
            ^~~
            VITIS_LOOP_1582_14: 
/home/silvenchen/Desktop/systolic_test/SA_workdict/tiny_sa/systolic_modulate/hls/.autopilot/db/kernel.pp.0.cpp:32929:13: note: FIX-IT applied suggested code changes
/home/silvenchen/Desktop/systolic_test/SA_workdict/tiny_sa/systolic_modulate/hls/.autopilot/db/kernel.pp.0.cpp:32935:17: warning: Added loop label VITIS_LOOP_1588_15:   [xilinx-label-all-loops]
                for (int j = 46; j >= I_+22; j--) {
                ^~~
                VITIS_LOOP_1588_15: 
/home/silvenchen/Desktop/systolic_test/SA_workdict/tiny_sa/systolic_modulate/hls/.autopilot/db/kernel.pp.0.cpp:32935:17: note: FIX-IT applied suggested code changes
/home/silvenchen/Desktop/systolic_test/SA_workdict/tiny_sa/systolic_modulate/hls/.autopilot/db/kernel.pp.0.cpp:32939:17: warning: Added loop label VITIS_LOOP_1592_16:   [xilinx-label-all-loops]
                for (int j = I_+21; j >= 0; j--) {
                ^~~
                VITIS_LOOP_1592_16: 
/home/silvenchen/Desktop/systolic_test/SA_workdict/tiny_sa/systolic_modulate/hls/.autopilot/db/kernel.pp.0.cpp:32939:17: note: FIX-IT applied suggested code changes
/home/silvenchen/Desktop/systolic_test/SA_workdict/tiny_sa/systolic_modulate/hls/.autopilot/db/kernel.pp.0.cpp:32963:9: warning: Added loop label VITIS_LOOP_1616_17:   [xilinx-label-all-loops]
        for (int j = wf+5; j < w-1; j++){
        ^~~
        VITIS_LOOP_1616_17: 
/home/silvenchen/Desktop/systolic_test/SA_workdict/tiny_sa/systolic_modulate/hls/.autopilot/db/kernel.pp.0.cpp:32963:9: note: FIX-IT applied suggested code changes
/home/silvenchen/Desktop/systolic_test/SA_workdict/tiny_sa/systolic_modulate/hls/.autopilot/db/kernel.pp.0.cpp:32970:17: warning: Added loop label VITIS_LOOP_1623_18:   [xilinx-label-all-loops]
                for (int j = 0; j < 64; j++) {
                ^~~
                VITIS_LOOP_1623_18: 
/home/silvenchen/Desktop/systolic_test/SA_workdict/tiny_sa/systolic_modulate/hls/.autopilot/db/kernel.pp.0.cpp:32970:17: note: FIX-IT applied suggested code changes
/home/silvenchen/Desktop/systolic_test/SA_workdict/tiny_sa/systolic_modulate/hls/.autopilot/db/kernel.pp.0.cpp:33400:13: warning: Added loop label VITIS_LOOP_2053_19:   [xilinx-label-all-loops]
            for (int j = 64; j >= I_+31; j--) {
            ^~~
            VITIS_LOOP_2053_19: 
/home/silvenchen/Desktop/systolic_test/SA_workdict/tiny_sa/systolic_modulate/hls/.autopilot/db/kernel.pp.0.cpp:33400:13: note: FIX-IT applied suggested code changes
/home/silvenchen/Desktop/systolic_test/SA_workdict/tiny_sa/systolic_modulate/hls/.autopilot/db/kernel.pp.0.cpp:33406:17: warning: Added loop label VITIS_LOOP_2059_20:   [xilinx-label-all-loops]
                for (int j = 64; j >= I_+31; j--) {
                ^~~
                VITIS_LOOP_2059_20: 
/home/silvenchen/Desktop/systolic_test/SA_workdict/tiny_sa/systolic_modulate/hls/.autopilot/db/kernel.pp.0.cpp:33406:17: note: FIX-IT applied suggested code changes
/home/silvenchen/Desktop/systolic_test/SA_workdict/tiny_sa/systolic_modulate/hls/.autopilot/db/kernel.pp.0.cpp:33410:17: warning: Added loop label VITIS_LOOP_2063_21:   [xilinx-label-all-loops]
                for (int j = I_+30; j >= 0; j--) {
                ^~~
                VITIS_LOOP_2063_21: 
/home/silvenchen/Desktop/systolic_test/SA_workdict/tiny_sa/systolic_modulate/hls/.autopilot/db/kernel.pp.0.cpp:33410:17: note: FIX-IT applied suggested code changes
/home/silvenchen/Desktop/systolic_test/SA_workdict/tiny_sa/systolic_modulate/hls/.autopilot/db/kernel.pp.0.cpp:33540:13: warning: Added loop label VITIS_LOOP_2193_1:   [xilinx-label-all-loops]
            for(int j=3; j>=I+1; j--) {
            ^~~
            VITIS_LOOP_2193_1: 
/home/silvenchen/Desktop/systolic_test/SA_workdict/tiny_sa/systolic_modulate/hls/.autopilot/db/kernel.pp.0.cpp:33540:13: note: FIX-IT applied suggested code changes
/home/silvenchen/Desktop/systolic_test/SA_workdict/tiny_sa/systolic_modulate/hls/.autopilot/db/kernel.pp.0.cpp:33547:17: warning: Added loop label VITIS_LOOP_2200_2:   [xilinx-label-all-loops]
                for(int j=3; j>=I+1; j--) {
                ^~~
                VITIS_LOOP_2200_2: 
/home/silvenchen/Desktop/systolic_test/SA_workdict/tiny_sa/systolic_modulate/hls/.autopilot/db/kernel.pp.0.cpp:33547:17: note: FIX-IT applied suggested code changes
/home/silvenchen/Desktop/systolic_test/SA_workdict/tiny_sa/systolic_modulate/hls/.autopilot/db/kernel.pp.0.cpp:33551:17: warning: Added loop label VITIS_LOOP_2204_3:   [xilinx-label-all-loops]
                for(int j=I; j>=0; j--) {
                ^~~
                VITIS_LOOP_2204_3: 
/home/silvenchen/Desktop/systolic_test/SA_workdict/tiny_sa/systolic_modulate/hls/.autopilot/db/kernel.pp.0.cpp:33551:17: note: FIX-IT applied suggested code changes
/home/silvenchen/Desktop/systolic_test/SA_workdict/tiny_sa/systolic_modulate/hls/.autopilot/db/kernel.pp.0.cpp:33598:13: warning: Added loop label VITIS_LOOP_2251_4:   [xilinx-label-all-loops]
            for(int j=7; j>=3+I; j--) {
            ^~~
            VITIS_LOOP_2251_4: 
/home/silvenchen/Desktop/systolic_test/SA_workdict/tiny_sa/systolic_modulate/hls/.autopilot/db/kernel.pp.0.cpp:33598:13: note: FIX-IT applied suggested code changes
/home/silvenchen/Desktop/systolic_test/SA_workdict/tiny_sa/systolic_modulate/hls/.autopilot/db/kernel.pp.0.cpp:33605:17: warning: Added loop label VITIS_LOOP_2258_5:   [xilinx-label-all-loops]
                for(int j=7; j>=3+I; j--) {
                ^~~
                VITIS_LOOP_2258_5: 
/home/silvenchen/Desktop/systolic_test/SA_workdict/tiny_sa/systolic_modulate/hls/.autopilot/db/kernel.pp.0.cpp:33605:17: note: FIX-IT applied suggested code changes
/home/silvenchen/Desktop/systolic_test/SA_workdict/tiny_sa/systolic_modulate/hls/.autopilot/db/kernel.pp.0.cpp:33609:17: warning: Added loop label VITIS_LOOP_2262_6:   [xilinx-label-all-loops]
                for(int j=I+2; j>=0; j--) {
                ^~~
                VITIS_LOOP_2262_6: 
/home/silvenchen/Desktop/systolic_test/SA_workdict/tiny_sa/systolic_modulate/hls/.autopilot/db/kernel.pp.0.cpp:33609:17: note: FIX-IT applied suggested code changes
/home/silvenchen/Desktop/systolic_test/SA_workdict/tiny_sa/systolic_modulate/hls/.autopilot/db/kernel.pp.0.cpp:33627:9: warning: Added loop label VITIS_LOOP_2280_7:   [xilinx-label-all-loops]
        for(int j=11; j<16; j++) {
        ^~~
        VITIS_LOOP_2280_7: 
/home/silvenchen/Desktop/systolic_test/SA_workdict/tiny_sa/systolic_modulate/hls/.autopilot/db/kernel.pp.0.cpp:33627:9: note: FIX-IT applied suggested code changes
/home/silvenchen/Desktop/systolic_test/SA_workdict/tiny_sa/systolic_modulate/hls/.autopilot/db/kernel.pp.0.cpp:33682:13: warning: Added loop label VITIS_LOOP_2335_8:   [xilinx-label-all-loops]
            for(int j=15; j>=7+I; j--) {
            ^~~
            VITIS_LOOP_2335_8: 
/home/silvenchen/Desktop/systolic_test/SA_workdict/tiny_sa/systolic_modulate/hls/.autopilot/db/kernel.pp.0.cpp:33682:13: note: FIX-IT applied suggested code changes
/home/silvenchen/Desktop/systolic_test/SA_workdict/tiny_sa/systolic_modulate/hls/.autopilot/db/kernel.pp.0.cpp:33689:17: warning: Added loop label VITIS_LOOP_2342_9:   [xilinx-label-all-loops]
                for(int j=15; j>=7+I; j--) {
                ^~~
                VITIS_LOOP_2342_9: 
/home/silvenchen/Desktop/systolic_test/SA_workdict/tiny_sa/systolic_modulate/hls/.autopilot/db/kernel.pp.0.cpp:33689:17: note: FIX-IT applied suggested code changes
/home/silvenchen/Desktop/systolic_test/SA_workdict/tiny_sa/systolic_modulate/hls/.autopilot/db/kernel.pp.0.cpp:33693:17: warning: Added loop label VITIS_LOOP_2346_10:   [xilinx-label-all-loops]
                for(int j=6+I; j>=0; j--) {
                ^~~
                VITIS_LOOP_2346_10: 
/home/silvenchen/Desktop/systolic_test/SA_workdict/tiny_sa/systolic_modulate/hls/.autopilot/db/kernel.pp.0.cpp:33693:17: note: FIX-IT applied suggested code changes
/home/silvenchen/Desktop/systolic_test/SA_workdict/tiny_sa/systolic_modulate/hls/.autopilot/db/kernel.pp.0.cpp:33711:9: warning: Added loop label VITIS_LOOP_2364_11:   [xilinx-label-all-loops]
        for(int j=20; j<32; j++) {
        ^~~
        VITIS_LOOP_2364_11: 
/home/silvenchen/Desktop/systolic_test/SA_workdict/tiny_sa/systolic_modulate/hls/.autopilot/db/kernel.pp.0.cpp:33711:9: note: FIX-IT applied suggested code changes
/home/silvenchen/Desktop/systolic_test/SA_workdict/tiny_sa/systolic_modulate/hls/.autopilot/db/kernel.pp.0.cpp:33800:13: warning: Added loop label VITIS_LOOP_2453_12:   [xilinx-label-all-loops]
            for(int j=31; j>=I+15; j--) {
            ^~~
            VITIS_LOOP_2453_12: 
/home/silvenchen/Desktop/systolic_test/SA_workdict/tiny_sa/systolic_modulate/hls/.autopilot/db/kernel.pp.0.cpp:33800:13: note: FIX-IT applied suggested code changes
/home/silvenchen/Desktop/systolic_test/SA_workdict/tiny_sa/systolic_modulate/hls/.autopilot/db/kernel.pp.0.cpp:33807:17: warning: Added loop label VITIS_LOOP_2460_13:   [xilinx-label-all-loops]
                for(int j=31; j>=I+15; j--) {
                ^~~
                VITIS_LOOP_2460_13: 
/home/silvenchen/Desktop/systolic_test/SA_workdict/tiny_sa/systolic_modulate/hls/.autopilot/db/kernel.pp.0.cpp:33807:17: note: FIX-IT applied suggested code changes
/home/silvenchen/Desktop/systolic_test/SA_workdict/tiny_sa/systolic_modulate/hls/.autopilot/db/kernel.pp.0.cpp:33811:17: warning: Added loop label VITIS_LOOP_2464_14:   [xilinx-label-all-loops]
                for(int j=I+14; j>=0; j--) {
                ^~~
                VITIS_LOOP_2464_14: 
/home/silvenchen/Desktop/systolic_test/SA_workdict/tiny_sa/systolic_modulate/hls/.autopilot/db/kernel.pp.0.cpp:33811:17: note: FIX-IT applied suggested code changes
/home/silvenchen/Desktop/systolic_test/SA_workdict/tiny_sa/systolic_modulate/hls/.autopilot/db/kernel.pp.0.cpp:33821:9: warning: Added loop label VITIS_LOOP_2474_15:   [xilinx-label-all-loops]
        for(int j=32-F; j<32+I; j++) {
        ^~~
        VITIS_LOOP_2474_15: 
/home/silvenchen/Desktop/systolic_test/SA_workdict/tiny_sa/systolic_modulate/hls/.autopilot/db/kernel.pp.0.cpp:33821:9: note: FIX-IT applied suggested code changes
/home/silvenchen/Desktop/systolic_test/SA_workdict/tiny_sa/systolic_modulate/hls/.autopilot/db/kernel.pp.0.cpp:33825:9: warning: Added loop label VITIS_LOOP_2478_16:   [xilinx-label-all-loops]
        for(int j=32+I; j<=64; j++) {
        ^~~
        VITIS_LOOP_2478_16: 
/home/silvenchen/Desktop/systolic_test/SA_workdict/tiny_sa/systolic_modulate/hls/.autopilot/db/kernel.pp.0.cpp:33825:9: note: FIX-IT applied suggested code changes
/home/silvenchen/Desktop/systolic_test/SA_workdict/tiny_sa/systolic_modulate/hls/.autopilot/db/kernel.pp.0.cpp:33836:9: warning: Added loop label VITIS_LOOP_2489_17:   [xilinx-label-all-loops]
        for(int j=37; j<64; j++) {
        ^~~
        VITIS_LOOP_2489_17: 
/home/silvenchen/Desktop/systolic_test/SA_workdict/tiny_sa/systolic_modulate/hls/.autopilot/db/kernel.pp.0.cpp:33836:9: note: FIX-IT applied suggested code changes
/home/silvenchen/Desktop/systolic_test/SA_workdict/tiny_sa/systolic_modulate/hls/.autopilot/db/kernel.pp.0.cpp:33844:17: warning: Added loop label VITIS_LOOP_2497_18:   [xilinx-label-all-loops]
                for(int j=0; j<64; j++) {
                ^~~
                VITIS_LOOP_2497_18: 
/home/silvenchen/Desktop/systolic_test/SA_workdict/tiny_sa/systolic_modulate/hls/.autopilot/db/kernel.pp.0.cpp:33844:17: note: FIX-IT applied suggested code changes
/home/silvenchen/Desktop/systolic_test/SA_workdict/tiny_sa/systolic_modulate/hls/.autopilot/db/kernel.pp.0.cpp:34169:13: warning: Added loop label VITIS_LOOP_2822_19:   [xilinx-label-all-loops]
            for(int j=63; j>=I+31; j--) {
            ^~~
            VITIS_LOOP_2822_19: 
/home/silvenchen/Desktop/systolic_test/SA_workdict/tiny_sa/systolic_modulate/hls/.autopilot/db/kernel.pp.0.cpp:34169:13: note: FIX-IT applied suggested code changes
/home/silvenchen/Desktop/systolic_test/SA_workdict/tiny_sa/systolic_modulate/hls/.autopilot/db/kernel.pp.0.cpp:34176:17: warning: Added loop label VITIS_LOOP_2829_20:   [xilinx-label-all-loops]
                for(int j=63; j>=I+31; j--) {
                ^~~
                VITIS_LOOP_2829_20: 
/home/silvenchen/Desktop/systolic_test/SA_workdict/tiny_sa/systolic_modulate/hls/.autopilot/db/kernel.pp.0.cpp:34176:17: note: FIX-IT applied suggested code changes
/home/silvenchen/Desktop/systolic_test/SA_workdict/tiny_sa/systolic_modulate/hls/.autopilot/db/kernel.pp.0.cpp:34180:17: warning: Added loop label VITIS_LOOP_2833_21:   [xilinx-label-all-loops]
                for(int j=I+30; j>=0; j--) {
                ^~~
                VITIS_LOOP_2833_21: 
/home/silvenchen/Desktop/systolic_test/SA_workdict/tiny_sa/systolic_modulate/hls/.autopilot/db/kernel.pp.0.cpp:34180:17: note: FIX-IT applied suggested code changes
/home/silvenchen/Desktop/systolic_test/SA_workdict/tiny_sa/systolic_modulate/hls/.autopilot/db/kernel.pp.0.cpp:34268:4: warning: Added loop label VITIS_LOOP_2921_1:   [xilinx-label-all-loops]
   for(int j = 5; j>=I_+2; j--) {
   ^~~
   VITIS_LOOP_2921_1: 
/home/silvenchen/Desktop/systolic_test/SA_workdict/tiny_sa/systolic_modulate/hls/.autopilot/db/kernel.pp.0.cpp:34268:4: note: FIX-IT applied suggested code changes
/home/silvenchen/Desktop/systolic_test/SA_workdict/tiny_sa/systolic_modulate/hls/.autopilot/db/kernel.pp.0.cpp:34275:5: warning: Added loop label VITIS_LOOP_2928_2:   [xilinx-label-all-loops]
    for(int j = 5; j>=I_+2; j--) {
    ^~~
    VITIS_LOOP_2928_2: 
/home/silvenchen/Desktop/systolic_test/SA_workdict/tiny_sa/systolic_modulate/hls/.autopilot/db/kernel.pp.0.cpp:34275:5: note: FIX-IT applied suggested code changes
/home/silvenchen/Desktop/systolic_test/SA_workdict/tiny_sa/systolic_modulate/hls/.autopilot/db/kernel.pp.0.cpp:34279:5: warning: Added loop label VITIS_LOOP_2932_3:   [xilinx-label-all-loops]
    for(int j = I_+1; j>=0; j--) {
    ^~~
    VITIS_LOOP_2932_3: 
/home/silvenchen/Desktop/systolic_test/SA_workdict/tiny_sa/systolic_modulate/hls/.autopilot/db/kernel.pp.0.cpp:34279:5: note: FIX-IT applied suggested code changes
/home/silvenchen/Desktop/systolic_test/SA_workdict/tiny_sa/systolic_modulate/hls/.autopilot/db/kernel.pp.0.cpp:34294:3: warning: Added loop label VITIS_LOOP_2947_4:   [xilinx-label-all-loops]
  for(int j = 11; j >=7; j--) {
  ^~~
  VITIS_LOOP_2947_4: 
/home/silvenchen/Desktop/systolic_test/SA_workdict/tiny_sa/systolic_modulate/hls/.autopilot/db/kernel.pp.0.cpp:34294:3: note: FIX-IT applied suggested code changes
/home/silvenchen/Desktop/systolic_test/SA_workdict/tiny_sa/systolic_modulate/hls/.autopilot/db/kernel.pp.0.cpp:34326:4: warning: Added loop label VITIS_LOOP_2979_5:   [xilinx-label-all-loops]
   for(int j = 11; j >= I_+5; j--) {
   ^~~
   VITIS_LOOP_2979_5: 
/home/silvenchen/Desktop/systolic_test/SA_workdict/tiny_sa/systolic_modulate/hls/.autopilot/db/kernel.pp.0.cpp:34326:4: note: FIX-IT applied suggested code changes
/home/silvenchen/Desktop/systolic_test/SA_workdict/tiny_sa/systolic_modulate/hls/.autopilot/db/kernel.pp.0.cpp:34333:5: warning: Added loop label VITIS_LOOP_2986_6:   [xilinx-label-all-loops]
    for(int j = 11; j>= I_+5; j--) {
    ^~~
    VITIS_LOOP_2986_6: 
/home/silvenchen/Desktop/systolic_test/SA_workdict/tiny_sa/systolic_modulate/hls/.autopilot/db/kernel.pp.0.cpp:34333:5: note: FIX-IT applied suggested code changes
/home/silvenchen/Desktop/systolic_test/SA_workdict/tiny_sa/systolic_modulate/hls/.autopilot/db/kernel.pp.0.cpp:34337:5: warning: Added loop label VITIS_LOOP_2990_7:   [xilinx-label-all-loops]
    for(int j = I_+4; j>=0; j--) {
    ^~~
    VITIS_LOOP_2990_7: 
/home/silvenchen/Desktop/systolic_test/SA_workdict/tiny_sa/systolic_modulate/hls/.autopilot/db/kernel.pp.0.cpp:34337:5: note: FIX-IT applied suggested code changes
/home/silvenchen/Desktop/systolic_test/SA_workdict/tiny_sa/systolic_modulate/hls/.autopilot/db/kernel.pp.0.cpp:34352:3: warning: Added loop label VITIS_LOOP_3005_8:   [xilinx-label-all-loops]
  for(int j = 25; j>=15; j--) {
  ^~~
  VITIS_LOOP_3005_8: 
/home/silvenchen/Desktop/systolic_test/SA_workdict/tiny_sa/systolic_modulate/hls/.autopilot/db/kernel.pp.0.cpp:34352:3: note: FIX-IT applied suggested code changes
/home/silvenchen/Desktop/systolic_test/SA_workdict/tiny_sa/systolic_modulate/hls/.autopilot/db/kernel.pp.0.cpp:34402:4: warning: Added loop label VITIS_LOOP_3055_9:   [xilinx-label-all-loops]
   for(int j = 25; j>= I_+12; j--) {
   ^~~
   VITIS_LOOP_3055_9: 
/home/silvenchen/Desktop/systolic_test/SA_workdict/tiny_sa/systolic_modulate/hls/.autopilot/db/kernel.pp.0.cpp:34402:4: note: FIX-IT applied suggested code changes
/home/silvenchen/Desktop/systolic_test/SA_workdict/tiny_sa/systolic_modulate/hls/.autopilot/db/kernel.pp.0.cpp:34409:5: warning: Added loop label VITIS_LOOP_3062_10:   [xilinx-label-all-loops]
    for(int j = 25; j>=I_+12; j--) {
    ^~~
    VITIS_LOOP_3062_10: 
/home/silvenchen/Desktop/systolic_test/SA_workdict/tiny_sa/systolic_modulate/hls/.autopilot/db/kernel.pp.0.cpp:34409:5: note: FIX-IT applied suggested code changes
/home/silvenchen/Desktop/systolic_test/SA_workdict/tiny_sa/systolic_modulate/hls/.autopilot/db/kernel.pp.0.cpp:34413:5: warning: Added loop label VITIS_LOOP_3066_11:   [xilinx-label-all-loops]
    for(int j = I_+11; j>=0; j--) {
    ^~~
    VITIS_LOOP_3066_11: 
/home/silvenchen/Desktop/systolic_test/SA_workdict/tiny_sa/systolic_modulate/hls/.autopilot/db/kernel.pp.0.cpp:34413:5: note: FIX-IT applied suggested code changes
/home/silvenchen/Desktop/systolic_test/SA_workdict/tiny_sa/systolic_modulate/hls/.autopilot/db/kernel.pp.0.cpp:34428:3: warning: Added loop label VITIS_LOOP_3081_12:   [xilinx-label-all-loops]
  for(int j = 51; j >= 29; j--) {
  ^~~
  VITIS_LOOP_3081_12: 
/home/silvenchen/Desktop/systolic_test/SA_workdict/tiny_sa/systolic_modulate/hls/.autopilot/db/kernel.pp.0.cpp:34428:3: note: FIX-IT applied suggested code changes
/home/silvenchen/Desktop/systolic_test/SA_workdict/tiny_sa/systolic_modulate/hls/.autopilot/db/kernel.pp.0.cpp:34565:4: warning: Added loop label VITIS_LOOP_3218_13:   [xilinx-label-all-loops]
   for(int j = 51; j >= 25 + I_; j--) {
   ^~~
   VITIS_LOOP_3218_13: 
/home/silvenchen/Desktop/systolic_test/SA_workdict/tiny_sa/systolic_modulate/hls/.autopilot/db/kernel.pp.0.cpp:34565:4: note: FIX-IT applied suggested code changes
/home/silvenchen/Desktop/systolic_test/SA_workdict/tiny_sa/systolic_modulate/hls/.autopilot/db/kernel.pp.0.cpp:34572:5: warning: Added loop label VITIS_LOOP_3225_14:   [xilinx-label-all-loops]
    for(int j = 51; j>=25 + I_; j--) {
    ^~~
    VITIS_LOOP_3225_14: 
/home/silvenchen/Desktop/systolic_test/SA_workdict/tiny_sa/systolic_modulate/hls/.autopilot/db/kernel.pp.0.cpp:34572:5: note: FIX-IT applied suggested code changes
/home/silvenchen/Desktop/systolic_test/SA_workdict/tiny_sa/systolic_modulate/hls/.autopilot/db/kernel.pp.0.cpp:34576:5: warning: Added loop label VITIS_LOOP_3229_15:   [xilinx-label-all-loops]
    for(int j = 24 + I_; j >= 0; j--) {
    ^~~
    VITIS_LOOP_3229_15: 
/home/silvenchen/Desktop/systolic_test/SA_workdict/tiny_sa/systolic_modulate/hls/.autopilot/db/kernel.pp.0.cpp:34576:5: note: FIX-IT applied suggested code changes
/home/silvenchen/Desktop/systolic_test/SA_workdict/tiny_sa/systolic_modulate/hls/.autopilot/db/kernel.pp.0.cpp:34591:3: warning: Added loop label VITIS_LOOP_3244_16:   [xilinx-label-all-loops]
  for(int j = 63; j >= 36; j--) {
  ^~~
  VITIS_LOOP_3244_16: 
/home/silvenchen/Desktop/systolic_test/SA_workdict/tiny_sa/systolic_modulate/hls/.autopilot/db/kernel.pp.0.cpp:34591:3: note: FIX-IT applied suggested code changes
/home/silvenchen/Desktop/systolic_test/SA_workdict/tiny_sa/systolic_modulate/hls/.autopilot/db/kernel.pp.0.cpp:34751:4: warning: Added loop label VITIS_LOOP_3404_17:   [xilinx-label-all-loops]
   for(int j = 63; j >= 31 + I_; j--) {
   ^~~
   VITIS_LOOP_3404_17: 
/home/silvenchen/Desktop/systolic_test/SA_workdict/tiny_sa/systolic_modulate/hls/.autopilot/db/kernel.pp.0.cpp:34751:4: note: FIX-IT applied suggested code changes
/home/silvenchen/Desktop/systolic_test/SA_workdict/tiny_sa/systolic_modulate/hls/.autopilot/db/kernel.pp.0.cpp:34758:5: warning: Added loop label VITIS_LOOP_3411_18:   [xilinx-label-all-loops]
    for(int j = 63; j >= 31 + I_; j--) {
    ^~~
    VITIS_LOOP_3411_18: 
/home/silvenchen/Desktop/systolic_test/SA_workdict/tiny_sa/systolic_modulate/hls/.autopilot/db/kernel.pp.0.cpp:34758:5: note: FIX-IT applied suggested code changes
/home/silvenchen/Desktop/systolic_test/SA_workdict/tiny_sa/systolic_modulate/hls/.autopilot/db/kernel.pp.0.cpp:34762:5: warning: Added loop label VITIS_LOOP_3415_19:   [xilinx-label-all-loops]
    for(int j = 30 + I_; j >= 0; j--) {
    ^~~
    VITIS_LOOP_3415_19: 
/home/silvenchen/Desktop/systolic_test/SA_workdict/tiny_sa/systolic_modulate/hls/.autopilot/db/kernel.pp.0.cpp:34762:5: note: FIX-IT applied suggested code changes
/home/silvenchen/Desktop/systolic_test/SA_workdict/tiny_sa/systolic_modulate/hls/.autopilot/db/kernel.pp.0.cpp:35477:13: warning: Added loop label VITIS_LOOP_703_1:   [xilinx-label-all-loops]
            for (b_exp = I_-1; b_exp >= -F_; b_exp--) {
            ^~~
            VITIS_LOOP_703_1: 
/home/silvenchen/Desktop/systolic_test/SA_workdict/tiny_sa/systolic_modulate/hls/.autopilot/db/kernel.pp.0.cpp:35477:13: note: FIX-IT applied suggested code changes
/home/silvenchen/Desktop/systolic_test/SA_workdict/tiny_sa/systolic_modulate/hls/.autopilot/db/kernel.pp.0.cpp:35695:13: warning: Added loop label VITIS_LOOP_921_1:   [xilinx-label-all-loops]
            for (b_exp = I_-1; b_exp >= -F_; b_exp--) {
            ^~~
            VITIS_LOOP_921_1: 
/home/silvenchen/Desktop/systolic_test/SA_workdict/tiny_sa/systolic_modulate/hls/.autopilot/db/kernel.pp.0.cpp:35695:13: note: FIX-IT applied suggested code changes
/home/silvenchen/Desktop/systolic_test/SA_workdict/tiny_sa/systolic_modulate/hls/.autopilot/db/kernel.pp.0.cpp:36112:13: warning: Added loop label VITIS_LOOP_1345_1:   [xilinx-label-all-loops]
            for (b_exp = I_-1; b_exp >= -F_; b_exp--) {
            ^~~
            VITIS_LOOP_1345_1: 
/home/silvenchen/Desktop/systolic_test/SA_workdict/tiny_sa/systolic_modulate/hls/.autopilot/db/kernel.pp.0.cpp:36112:13: note: FIX-IT applied suggested code changes
/home/silvenchen/Desktop/systolic_test/SA_workdict/tiny_sa/systolic_modulate/hls/.autopilot/db/kernel.pp.0.cpp:36432:9: warning: Added loop label VITIS_LOOP_240_1:   [xilinx-label-all-loops]
        for ( int pos = msbr-1; pos >= 0; pos-- ) {
        ^~~
        VITIS_LOOP_240_1: 
/home/silvenchen/Desktop/systolic_test/SA_workdict/tiny_sa/systolic_modulate/hls/.autopilot/db/kernel.pp.0.cpp:36432:9: note: FIX-IT applied suggested code changes
/home/silvenchen/Desktop/systolic_test/SA_workdict/tiny_sa/systolic_modulate/hls/.autopilot/db/kernel.pp.0.cpp:36460:9: warning: Added loop label VITIS_LOOP_268_2:   [xilinx-label-all-loops]
        for ( int pos = -1; pos >= -F_-1; pos-- ) {
        ^~~
        VITIS_LOOP_268_2: 
/home/silvenchen/Desktop/systolic_test/SA_workdict/tiny_sa/systolic_modulate/hls/.autopilot/db/kernel.pp.0.cpp:36460:9: note: FIX-IT applied suggested code changes
/home/silvenchen/Desktop/systolic_test/SA_workdict/tiny_sa/systolic_modulate/hls/.autopilot/db/kernel.pp.0.cpp:37162:13: warning: Added loop label VITIS_LOOP_48_1:   [xilinx-label-all-loops]
            for (int j = 0; j < W_-1; j++){
            ^~~
            VITIS_LOOP_48_1: 
/home/silvenchen/Desktop/systolic_test/SA_workdict/tiny_sa/systolic_modulate/hls/.autopilot/db/kernel.pp.0.cpp:37162:13: note: FIX-IT applied suggested code changes
/home/silvenchen/Desktop/systolic_test/SA_workdict/tiny_sa/systolic_modulate/hls/.autopilot/db/kernel.pp.0.cpp:37215:5: warning: Added loop label VITIS_LOOP_109_2:   [xilinx-label-all-loops]
    for (int j = F_l+F_+I_m-1; j < F_l+W_+5; j++){
    ^~~
    VITIS_LOOP_109_2: 
/home/silvenchen/Desktop/systolic_test/SA_workdict/tiny_sa/systolic_modulate/hls/.autopilot/db/kernel.pp.0.cpp:37215:5: note: FIX-IT applied suggested code changes
/home/silvenchen/Desktop/systolic_test/SA_workdict/tiny_sa/systolic_modulate/hls/.autopilot/db/kernel.pp.0.cpp:37229:13: warning: Added loop label VITIS_LOOP_123_3:   [xilinx-label-all-loops]
            for (int j = WO_m-1; j >= W_-1; j--) {
            ^~~
            VITIS_LOOP_123_3: 
/home/silvenchen/Desktop/systolic_test/SA_workdict/tiny_sa/systolic_modulate/hls/.autopilot/db/kernel.pp.0.cpp:37229:13: note: FIX-IT applied suggested code changes
/home/silvenchen/Desktop/systolic_test/SA_workdict/tiny_sa/systolic_modulate/hls/.autopilot/db/kernel.pp.0.cpp:37259:13: warning: Added loop label VITIS_LOOP_153_4:   [xilinx-label-all-loops]
            for (int j = W_-2; j >= 0; j--){
            ^~~
            VITIS_LOOP_153_4: 
/home/silvenchen/Desktop/systolic_test/SA_workdict/tiny_sa/systolic_modulate/hls/.autopilot/db/kernel.pp.0.cpp:37259:13: note: FIX-IT applied suggested code changes
/home/silvenchen/Desktop/systolic_test/SA_workdict/tiny_sa/systolic_modulate/hls/.autopilot/db/kernel.pp.0.cpp:37344:12: warning: Added loop label VITIS_LOOP_281_1:   [xilinx-label-all-loops]
           for(int i = wf_log+we_log-2; i > WI_e - 2; --i) {
           ^~~
           VITIS_LOOP_281_1: 
/home/silvenchen/Desktop/systolic_test/SA_workdict/tiny_sa/systolic_modulate/hls/.autopilot/db/kernel.pp.0.cpp:37344:12: note: FIX-IT applied suggested code changes
/home/silvenchen/Desktop/systolic_test/SA_workdict/tiny_sa/systolic_modulate/hls/.autopilot/db/kernel.pp.0.cpp:37364:16: warning: Added loop label VITIS_LOOP_301_2:   [xilinx-label-all-loops]
               for (int j = WO_e-1; j >= W_-1; j--) {
               ^~~
               VITIS_LOOP_301_2: 
/home/silvenchen/Desktop/systolic_test/SA_workdict/tiny_sa/systolic_modulate/hls/.autopilot/db/kernel.pp.0.cpp:37364:16: note: FIX-IT applied suggested code changes
/home/silvenchen/Desktop/systolic_test/SA_workdict/tiny_sa/systolic_modulate/hls/.autopilot/db/kernel.pp.0.cpp:37378:20: warning: Added loop label VITIS_LOOP_315_3:   [xilinx-label-all-loops]
                   for(int i = 0; i < W_-1; ++i) {
                   ^~~
                   VITIS_LOOP_315_3: 
/home/silvenchen/Desktop/systolic_test/SA_workdict/tiny_sa/systolic_modulate/hls/.autopilot/db/kernel.pp.0.cpp:37378:20: note: FIX-IT applied suggested code changes
/home/silvenchen/Desktop/systolic_test/SA_workdict/tiny_sa/systolic_modulate/hls/.autopilot/db/kernel.pp.0.cpp:37471:12: warning: Added loop label VITIS_LOOP_433_1:   [xilinx-label-all-loops]
           for (int j =WO_d-1; j >= W_-1; j--) {
           ^~~
           VITIS_LOOP_433_1: 
/home/silvenchen/Desktop/systolic_test/SA_workdict/tiny_sa/systolic_modulate/hls/.autopilot/db/kernel.pp.0.cpp:37471:12: note: FIX-IT applied suggested code changes
/home/silvenchen/Desktop/systolic_test/SA_workdict/tiny_sa/systolic_modulate/hls/.autopilot/db/kernel.pp.0.cpp:37485:15: warning: Added loop label VITIS_LOOP_447_2:   [xilinx-label-all-loops]
              for(int i = 0; i < W_-1; ++i) {
              ^~~
              VITIS_LOOP_447_2: 
/home/silvenchen/Desktop/systolic_test/SA_workdict/tiny_sa/systolic_modulate/hls/.autopilot/db/kernel.pp.0.cpp:37485:15: note: FIX-IT applied suggested code changes
/home/silvenchen/Desktop/systolic_test/SA_workdict/tiny_sa/systolic_modulate/hls/.autopilot/db/kernel.pp.0.cpp:37605:13: warning: Added loop label VITIS_LOOP_33_1:   [xilinx-label-all-loops]
            for (int i = 0; i < W_-1; i++){
            ^~~
            VITIS_LOOP_33_1: 
/home/silvenchen/Desktop/systolic_test/SA_workdict/tiny_sa/systolic_modulate/hls/.autopilot/db/kernel.pp.0.cpp:37605:13: note: FIX-IT applied suggested code changes
/home/silvenchen/Desktop/systolic_test/SA_workdict/tiny_sa/systolic_modulate/hls/.autopilot/db/kernel.pp.0.cpp:37729:13: warning: Added loop label VITIS_LOOP_183_1:   [xilinx-label-all-loops]
            for (int i = 0; i < W_-1; i++){
            ^~~
            VITIS_LOOP_183_1: 
/home/silvenchen/Desktop/systolic_test/SA_workdict/tiny_sa/systolic_modulate/hls/.autopilot/db/kernel.pp.0.cpp:37729:13: note: FIX-IT applied suggested code changes
/home/silvenchen/Desktop/systolic_test/SA_workdict/tiny_sa/systolic_modulate/hls/.autopilot/db/kernel.pp.0.cpp:37784:13: warning: Added loop label VITIS_LOOP_248_1:   [xilinx-label-all-loops]
            for (int i = 0; i < W_-1; i++){
            ^~~
            VITIS_LOOP_248_1: 
/home/silvenchen/Desktop/systolic_test/SA_workdict/tiny_sa/systolic_modulate/hls/.autopilot/db/kernel.pp.0.cpp:37784:13: note: FIX-IT applied suggested code changes
/home/silvenchen/Desktop/systolic_test/SA_workdict/tiny_sa/systolic_modulate/hls/.autopilot/db/kernel.pp.0.cpp:38303:2: warning: Added loop label VITIS_LOOP_16_1:   [xilinx-label-all-loops]
 for (int i=0; i<W_;i++)
 ^~~
 VITIS_LOOP_16_1: 
/home/silvenchen/Desktop/systolic_test/SA_workdict/tiny_sa/systolic_modulate/hls/.autopilot/db/kernel.pp.0.cpp:38303:2: note: FIX-IT applied suggested code changes
/home/silvenchen/Desktop/systolic_test/SA_workdict/tiny_sa/systolic_modulate/hls/.autopilot/db/kernel.pp.0.cpp:38314:2: warning: Added loop label VITIS_LOOP_27_1:   [xilinx-label-all-loops]
 for (int i=0; i<W_;i++)
 ^~~
 VITIS_LOOP_27_1: 
/home/silvenchen/Desktop/systolic_test/SA_workdict/tiny_sa/systolic_modulate/hls/.autopilot/db/kernel.pp.0.cpp:38314:2: note: FIX-IT applied suggested code changes
/home/silvenchen/Desktop/systolic_test/SA_workdict/tiny_sa/systolic_modulate/hls/.autopilot/db/kernel.pp.0.cpp:38325:2: warning: Added loop label VITIS_LOOP_38_1:   [xilinx-label-all-loops]
 for (int i=0; i<I_;i++)
 ^~~
 VITIS_LOOP_38_1: 
/home/silvenchen/Desktop/systolic_test/SA_workdict/tiny_sa/systolic_modulate/hls/.autopilot/db/kernel.pp.0.cpp:38325:2: note: FIX-IT applied suggested code changes
/home/silvenchen/Desktop/systolic_test/SA_workdict/tiny_sa/systolic_modulate/hls/.autopilot/db/kernel.pp.0.cpp:38336:2: warning: Added loop label VITIS_LOOP_49_1:   [xilinx-label-all-loops]
 for (int i=0; i<I_;i++)
 ^~~
 VITIS_LOOP_49_1: 
/home/silvenchen/Desktop/systolic_test/SA_workdict/tiny_sa/systolic_modulate/hls/.autopilot/db/kernel.pp.0.cpp:38336:2: note: FIX-IT applied suggested code changes
/home/silvenchen/Desktop/systolic_test/SA_workdict/tiny_sa/systolic_modulate/hls/.autopilot/db/kernel.pp.0.cpp:38347:2: warning: Added loop label VITIS_LOOP_60_1:   [xilinx-label-all-loops]
 for (int i=0; i<W_;i++)
 ^~~
 VITIS_LOOP_60_1: 
/home/silvenchen/Desktop/systolic_test/SA_workdict/tiny_sa/systolic_modulate/hls/.autopilot/db/kernel.pp.0.cpp:38347:2: note: FIX-IT applied suggested code changes
/home/silvenchen/Desktop/systolic_test/SA_workdict/tiny_sa/systolic_modulate/hls/.autopilot/db/kernel.pp.0.cpp:38358:2: warning: Added loop label VITIS_LOOP_71_1:   [xilinx-label-all-loops]
 for (int i=0; i<W_;i++)
 ^~~
 VITIS_LOOP_71_1: 
/home/silvenchen/Desktop/systolic_test/SA_workdict/tiny_sa/systolic_modulate/hls/.autopilot/db/kernel.pp.0.cpp:38358:2: note: FIX-IT applied suggested code changes
/home/silvenchen/Desktop/systolic_test/SA_workdict/tiny_sa/systolic_modulate/hls/.autopilot/db/kernel.pp.0.cpp:38369:2: warning: Added loop label VITIS_LOOP_82_1:   [xilinx-label-all-loops]
 for (int i=0; i<I_;i++)
 ^~~
 VITIS_LOOP_82_1: 
/home/silvenchen/Desktop/systolic_test/SA_workdict/tiny_sa/systolic_modulate/hls/.autopilot/db/kernel.pp.0.cpp:38369:2: note: FIX-IT applied suggested code changes
/home/silvenchen/Desktop/systolic_test/SA_workdict/tiny_sa/systolic_modulate/hls/.autopilot/db/kernel.pp.0.cpp:38380:2: warning: Added loop label VITIS_LOOP_93_1:   [xilinx-label-all-loops]
 for (int i=0; i<I_;i++)
 ^~~
 VITIS_LOOP_93_1: 
/home/silvenchen/Desktop/systolic_test/SA_workdict/tiny_sa/systolic_modulate/hls/.autopilot/db/kernel.pp.0.cpp:38380:2: note: FIX-IT applied suggested code changes
/home/silvenchen/Desktop/systolic_test/SA_workdict/tiny_sa/systolic_modulate/hls/.autopilot/db/kernel.pp.0.cpp:40705:12: warning: Added loop label VITIS_LOOP_26_1:   [xilinx-label-all-loops]
           for(int i = 0; i < W_-1; ++i) {
           ^~~
           VITIS_LOOP_26_1: 
/home/silvenchen/Desktop/systolic_test/SA_workdict/tiny_sa/systolic_modulate/hls/.autopilot/db/kernel.pp.0.cpp:40705:12: note: FIX-IT applied suggested code changes
/home/silvenchen/Desktop/systolic_test/SA_workdict/tiny_sa/systolic_modulate/hls/.autopilot/db/kernel.pp.0.cpp:40769:7: warning: Added loop label VITIS_LOOP_40_1:   [xilinx-label-all-loops]
      for(int pos = msbr - 1 ; pos >= -F-1; pos--) {
      ^~~
      VITIS_LOOP_40_1: 
/home/silvenchen/Desktop/systolic_test/SA_workdict/tiny_sa/systolic_modulate/hls/.autopilot/db/kernel.pp.0.cpp:40769:7: note: FIX-IT applied suggested code changes
/home/silvenchen/Desktop/systolic_test/SA_workdict/tiny_sa/systolic_modulate/hls/.autopilot/db/kernel.pp.0.cpp:40886:9: warning: Added loop label VITIS_LOOP_49_1:   [xilinx-label-all-loops]
        for(int pos = msbr - 1; pos >= 0; pos--) {
        ^~~
        VITIS_LOOP_49_1: 
/home/silvenchen/Desktop/systolic_test/SA_workdict/tiny_sa/systolic_modulate/hls/.autopilot/db/kernel.pp.0.cpp:40886:9: note: FIX-IT applied suggested code changes
/home/silvenchen/Desktop/systolic_test/SA_workdict/tiny_sa/systolic_modulate/hls/.autopilot/db/kernel.pp.0.cpp:40911:5: warning: Added loop label VITIS_LOOP_81_2:   [xilinx-label-all-loops]
    for(int pos = -1; pos >= -F-1; pos--) {
    ^~~
    VITIS_LOOP_81_2: 
/home/silvenchen/Desktop/systolic_test/SA_workdict/tiny_sa/systolic_modulate/hls/.autopilot/db/kernel.pp.0.cpp:40911:5: note: FIX-IT applied suggested code changes
/home/silvenchen/Desktop/systolic_test/SA_workdict/tiny_sa/systolic_modulate/hls/.autopilot/db/kernel.pp.0.cpp:40981:8: warning: Added loop label VITIS_LOOP_169_3:   [xilinx-label-all-loops]
       for(int i = 0; i < W - 1; ++i) {
       ^~~
       VITIS_LOOP_169_3: 
/home/silvenchen/Desktop/systolic_test/SA_workdict/tiny_sa/systolic_modulate/hls/.autopilot/db/kernel.pp.0.cpp:40981:8: note: FIX-IT applied suggested code changes
/home/silvenchen/Desktop/systolic_test/SA_workdict/tiny_sa/systolic_modulate/hls/.autopilot/db/kernel.pp.0.cpp:43753:3: warning: Added loop label VITIS_LOOP_710_1:   [xilinx-label-all-loops]
  for (int v248 = 0; v248 < 1; v248++) {
  ^~~
  VITIS_LOOP_710_1: 
/home/silvenchen/Desktop/systolic_test/SA_workdict/tiny_sa/systolic_modulate/hls/.autopilot/db/kernel.pp.0.cpp:43753:3: note: FIX-IT applied suggested code changes
/home/silvenchen/Desktop/systolic_test/SA_workdict/tiny_sa/systolic_modulate/hls/.autopilot/db/kernel.pp.0.cpp:43754:5: warning: Added loop label VITIS_LOOP_711_2:   [xilinx-label-all-loops]
    for (int v249 = 0; v249 < 192; v249++) {
    ^~~
    VITIS_LOOP_711_2: 
/home/silvenchen/Desktop/systolic_test/SA_workdict/tiny_sa/systolic_modulate/hls/.autopilot/db/kernel.pp.0.cpp:43754:5: note: FIX-IT applied suggested code changes
