

================================================================
== Vitis HLS Report for 'systolic_tile_modulate_Loop_l_data_load_k8_proc21'
================================================================
* Date:           Mon Nov  4 21:47:46 2024

* Version:        2023.2 (Build 4023990 on Oct 11 2023)
* Project:        systolic_modulate
* Solution:       hls (Vivado IP Flow Target)
* Product family: virtexuplusHBM
* Target device:  xcu280-fsvh2892-2L-e


================================================================
== Performance Estimates
================================================================
+ Timing: 
    * Summary: 
    +--------+----------+----------+------------+
    |  Clock |  Target  | Estimated| Uncertainty|
    +--------+----------+----------+------------+
    |ap_clk  |  10.00 ns|  2.541 ns|     2.70 ns|
    +--------+----------+----------+------------+

+ Latency: 
    * Summary: 
    +---------+---------+----------+----------+-----+-----+---------+
    |  Latency (cycles) |  Latency (absolute) |  Interval | Pipeline|
    |   min   |   max   |    min   |    max   | min | max |   Type  |
    +---------+---------+----------+----------+-----+-----+---------+
    |       67|       67|  0.670 us|  0.670 us|   67|   67|       no|
    +---------+---------+----------+----------+-----+-----+---------+

    + Detail: 
        * Instance: 
        N/A

        * Loop: 
        +----------------------------+---------+---------+----------+-----------+-----------+------+----------+
        |                            |  Latency (cycles) | Iteration|  Initiation Interval  | Trip |          |
        |          Loop Name         |   min   |   max   |  Latency |  achieved |   target  | Count| Pipelined|
        +----------------------------+---------+---------+----------+-----------+-----------+------+----------+
        |- l_data_load_k8_l_S_n_1_n  |       65|       65|         3|          1|          1|    64|       yes|
        +----------------------------+---------+---------+----------+-----------+-----------+------+----------+



================================================================
== Utilization Estimates
================================================================
* Summary: 
+---------------------+---------+------+---------+---------+-----+
|         Name        | BRAM_18K|  DSP |    FF   |   LUT   | URAM|
+---------------------+---------+------+---------+---------+-----+
|DSP                  |        -|     -|        -|        -|    -|
|Expression           |        -|     -|        0|       85|    -|
|FIFO                 |        -|     -|        -|        -|    -|
|Instance             |        -|     -|        0|       43|    -|
|Memory               |        -|     -|        -|        -|    -|
|Multiplexer          |        -|     -|        -|      162|    -|
|Register             |        -|     -|      289|        -|    -|
+---------------------+---------+------+---------+---------+-----+
|Total                |        0|     0|      289|      290|    0|
+---------------------+---------+------+---------+---------+-----+
|Available SLR        |     1344|  3008|   869120|   434560|  320|
+---------------------+---------+------+---------+---------+-----+
|Utilization SLR (%)  |        0|     0|       ~0|       ~0|    0|
+---------------------+---------+------+---------+---------+-----+
|Available            |     4032|  9024|  2607360|  1303680|  960|
+---------------------+---------+------+---------+---------+-----+
|Utilization (%)      |        0|     0|       ~0|       ~0|    0|
+---------------------+---------+------+---------+---------+-----+

+ Detail: 
    * Instance: 
    +---------------------------+-----------------------+---------+----+---+----+-----+
    |          Instance         |         Module        | BRAM_18K| DSP| FF| LUT| URAM|
    +---------------------------+-----------------------+---------+----+---+----+-----+
    |sparsemux_17_3_32_1_1_U18  |sparsemux_17_3_32_1_1  |        0|   0|  0|  43|    0|
    +---------------------------+-----------------------+---------+----+---+----+-----+
    |Total                      |                       |        0|   0|  0|  43|    0|
    +---------------------------+-----------------------+---------+----+---+----+-----+

    * DSP: 
    N/A

    * Memory: 
    N/A

    * FIFO: 
    N/A

    * Expression: 
    +----------------------------------+----------+----+---+----+------------+------------+
    |           Variable Name          | Operation| DSP| FF| LUT| Bitwidth P0| Bitwidth P1|
    +----------------------------------+----------+----+---+----+------------+------------+
    |add_ln578_1_fu_356_p2             |         +|   0|  0|  14|           7|           1|
    |add_ln578_fu_368_p2               |         +|   0|  0|  12|           4|           1|
    |add_ln583_fu_419_p2               |         +|   0|  0|  12|           4|           1|
    |ap_condition_329                  |       and|   0|  0|   2|           1|           1|
    |ap_condition_498                  |       and|   0|  0|   2|           1|           1|
    |icmp_ln578_fu_350_p2              |      icmp|   0|  0|  15|           7|           8|
    |icmp_ln583_fu_374_p2              |      icmp|   0|  0|  12|           4|           5|
    |ap_block_pp0_stage0_01001         |        or|   0|  0|   2|           1|           1|
    |ap_block_state3_pp0_stage0_iter2  |        or|   0|  0|   2|           1|           1|
    |or_ln578_fu_380_p2                |        or|   0|  0|   2|           1|           1|
    |select_ln578_1_fu_394_p3          |    select|   0|  0|   4|           1|           4|
    |select_ln578_fu_386_p3            |    select|   0|  0|   4|           1|           1|
    |ap_enable_pp0                     |       xor|   0|  0|   2|           1|           2|
    +----------------------------------+----------+----+---+----+------------+------------+
    |Total                             |          |   0|  0|  85|          34|          28|
    +----------------------------------+----------+----+---+----+------------+------------+

    * Multiplexer: 
    +--------------------------------------+----+-----------+-----+-----------+
    |                 Name                 | LUT| Input Size| Bits| Total Bits|
    +--------------------------------------+----+-----------+-----+-----------+
    |A_fifo_blk_n                          |   9|          2|    1|          2|
    |B_fifo_10_blk_n                       |   9|          2|    1|          2|
    |B_fifo_12_blk_n                       |   9|          2|    1|          2|
    |B_fifo_14_blk_n                       |   9|          2|    1|          2|
    |B_fifo_2_blk_n                        |   9|          2|    1|          2|
    |B_fifo_4_blk_n                        |   9|          2|    1|          2|
    |B_fifo_6_blk_n                        |   9|          2|    1|          2|
    |B_fifo_8_blk_n                        |   9|          2|    1|          2|
    |B_fifo_blk_n                          |   9|          2|    1|          2|
    |ap_done_int                           |   9|          2|    1|          2|
    |ap_enable_reg_pp0_iter1               |   9|          2|    1|          2|
    |ap_sig_allocacmp_indvar_flatten_load  |   9|          2|    7|         14|
    |ap_sig_allocacmp_k8_load              |   9|          2|    4|          8|
    |ap_sig_allocacmp_n_load               |   9|          2|    4|          8|
    |indvar_flatten_fu_106                 |   9|          2|    7|         14|
    |k8_fu_102                             |   9|          2|    4|          8|
    |n_fu_98                               |   9|          2|    4|          8|
    |real_start                            |   9|          2|    1|          2|
    +--------------------------------------+----+-----------+-----+-----------+
    |Total                                 | 162|         36|   42|         84|
    +--------------------------------------+----+-----------+-----+-----------+

    * Register: 
    +-----------------------------------+----+----+-----+-----------+
    |                Name               | FF | LUT| Bits| Const Bits|
    +-----------------------------------+----+----+-----+-----------+
    |ap_CS_fsm                          |   1|   0|    1|          0|
    |ap_done_reg                        |   1|   0|    1|          0|
    |ap_enable_reg_pp0_iter1            |   1|   0|    1|          0|
    |ap_enable_reg_pp0_iter2            |   1|   0|    1|          0|
    |ap_loop_exit_ready_pp0_iter1_reg   |   1|   0|    1|          0|
    |icmp_ln578_reg_629                 |   1|   0|    1|          0|
    |indvar_flatten_fu_106              |   7|   0|    7|          0|
    |k8_fu_102                          |   4|   0|    4|          0|
    |n_fu_98                            |   4|   0|    4|          0|
    |or_ln578_reg_633                   |   1|   0|    1|          0|
    |or_ln578_reg_633_pp0_iter1_reg     |   1|   0|    1|          0|
    |start_once_reg                     |   1|   0|    1|          0|
    |trunc_ln583_reg_682                |   3|   0|    3|          0|
    |trunc_ln583_reg_682_pp0_iter1_reg  |   3|   0|    3|          0|
    |v168_0_addr_reg_637                |   3|   0|    3|          0|
    |v169_0_load15_fu_138               |  32|   0|   32|          0|
    |v169_1_load13_fu_134               |  32|   0|   32|          0|
    |v169_2_load11_fu_130               |  32|   0|   32|          0|
    |v169_3_load9_fu_126                |  32|   0|   32|          0|
    |v169_4_load7_fu_122                |  32|   0|   32|          0|
    |v169_5_load5_fu_118                |  32|   0|   32|          0|
    |v169_6_load3_fu_114                |  32|   0|   32|          0|
    |v169_7_load1_fu_110                |  32|   0|   32|          0|
    +-----------------------------------+----+----+-----+-----------+
    |Total                              | 289|   0|  289|          0|
    +-----------------------------------+----+----+-----+-----------+



================================================================
== Interface
================================================================
* Summary: 
+--------------------------+-----+-----+------------+---------------------------------------------------+--------------+
|         RTL Ports        | Dir | Bits|  Protocol  |                   Source Object                   |    C Type    |
+--------------------------+-----+-----+------------+---------------------------------------------------+--------------+
|ap_clk                    |   in|    1|  ap_ctrl_hs|  systolic_tile_modulate_Loop_l_data_load_k8_proc21|  return value|
|ap_rst                    |   in|    1|  ap_ctrl_hs|  systolic_tile_modulate_Loop_l_data_load_k8_proc21|  return value|
|ap_start                  |   in|    1|  ap_ctrl_hs|  systolic_tile_modulate_Loop_l_data_load_k8_proc21|  return value|
|start_full_n              |   in|    1|  ap_ctrl_hs|  systolic_tile_modulate_Loop_l_data_load_k8_proc21|  return value|
|ap_done                   |  out|    1|  ap_ctrl_hs|  systolic_tile_modulate_Loop_l_data_load_k8_proc21|  return value|
|ap_continue               |   in|    1|  ap_ctrl_hs|  systolic_tile_modulate_Loop_l_data_load_k8_proc21|  return value|
|ap_idle                   |  out|    1|  ap_ctrl_hs|  systolic_tile_modulate_Loop_l_data_load_k8_proc21|  return value|
|ap_ready                  |  out|    1|  ap_ctrl_hs|  systolic_tile_modulate_Loop_l_data_load_k8_proc21|  return value|
|start_out                 |  out|    1|  ap_ctrl_hs|  systolic_tile_modulate_Loop_l_data_load_k8_proc21|  return value|
|start_write               |  out|    1|  ap_ctrl_hs|  systolic_tile_modulate_Loop_l_data_load_k8_proc21|  return value|
|A_fifo_din                |  out|   32|     ap_fifo|                                             A_fifo|       pointer|
|A_fifo_num_data_valid     |   in|    3|     ap_fifo|                                             A_fifo|       pointer|
|A_fifo_fifo_cap           |   in|    3|     ap_fifo|                                             A_fifo|       pointer|
|A_fifo_full_n             |   in|    1|     ap_fifo|                                             A_fifo|       pointer|
|A_fifo_write              |  out|    1|     ap_fifo|                                             A_fifo|       pointer|
|B_fifo_12_din             |  out|   32|     ap_fifo|                                          B_fifo_12|       pointer|
|B_fifo_12_num_data_valid  |   in|    5|     ap_fifo|                                          B_fifo_12|       pointer|
|B_fifo_12_fifo_cap        |   in|    5|     ap_fifo|                                          B_fifo_12|       pointer|
|B_fifo_12_full_n          |   in|    1|     ap_fifo|                                          B_fifo_12|       pointer|
|B_fifo_12_write           |  out|    1|     ap_fifo|                                          B_fifo_12|       pointer|
|B_fifo_10_din             |  out|   32|     ap_fifo|                                          B_fifo_10|       pointer|
|B_fifo_10_num_data_valid  |   in|    5|     ap_fifo|                                          B_fifo_10|       pointer|
|B_fifo_10_fifo_cap        |   in|    5|     ap_fifo|                                          B_fifo_10|       pointer|
|B_fifo_10_full_n          |   in|    1|     ap_fifo|                                          B_fifo_10|       pointer|
|B_fifo_10_write           |  out|    1|     ap_fifo|                                          B_fifo_10|       pointer|
|B_fifo_8_din              |  out|   32|     ap_fifo|                                           B_fifo_8|       pointer|
|B_fifo_8_num_data_valid   |   in|    5|     ap_fifo|                                           B_fifo_8|       pointer|
|B_fifo_8_fifo_cap         |   in|    5|     ap_fifo|                                           B_fifo_8|       pointer|
|B_fifo_8_full_n           |   in|    1|     ap_fifo|                                           B_fifo_8|       pointer|
|B_fifo_8_write            |  out|    1|     ap_fifo|                                           B_fifo_8|       pointer|
|B_fifo_6_din              |  out|   32|     ap_fifo|                                           B_fifo_6|       pointer|
|B_fifo_6_num_data_valid   |   in|    5|     ap_fifo|                                           B_fifo_6|       pointer|
|B_fifo_6_fifo_cap         |   in|    5|     ap_fifo|                                           B_fifo_6|       pointer|
|B_fifo_6_full_n           |   in|    1|     ap_fifo|                                           B_fifo_6|       pointer|
|B_fifo_6_write            |  out|    1|     ap_fifo|                                           B_fifo_6|       pointer|
|B_fifo_4_din              |  out|   32|     ap_fifo|                                           B_fifo_4|       pointer|
|B_fifo_4_num_data_valid   |   in|    5|     ap_fifo|                                           B_fifo_4|       pointer|
|B_fifo_4_fifo_cap         |   in|    5|     ap_fifo|                                           B_fifo_4|       pointer|
|B_fifo_4_full_n           |   in|    1|     ap_fifo|                                           B_fifo_4|       pointer|
|B_fifo_4_write            |  out|    1|     ap_fifo|                                           B_fifo_4|       pointer|
|B_fifo_2_din              |  out|   32|     ap_fifo|                                           B_fifo_2|       pointer|
|B_fifo_2_num_data_valid   |   in|    5|     ap_fifo|                                           B_fifo_2|       pointer|
|B_fifo_2_fifo_cap         |   in|    5|     ap_fifo|                                           B_fifo_2|       pointer|
|B_fifo_2_full_n           |   in|    1|     ap_fifo|                                           B_fifo_2|       pointer|
|B_fifo_2_write            |  out|    1|     ap_fifo|                                           B_fifo_2|       pointer|
|B_fifo_din                |  out|   32|     ap_fifo|                                             B_fifo|       pointer|
|B_fifo_num_data_valid     |   in|    5|     ap_fifo|                                             B_fifo|       pointer|
|B_fifo_fifo_cap           |   in|    5|     ap_fifo|                                             B_fifo|       pointer|
|B_fifo_full_n             |   in|    1|     ap_fifo|                                             B_fifo|       pointer|
|B_fifo_write              |  out|    1|     ap_fifo|                                             B_fifo|       pointer|
|B_fifo_14_din             |  out|   32|     ap_fifo|                                          B_fifo_14|       pointer|
|B_fifo_14_num_data_valid  |   in|    5|     ap_fifo|                                          B_fifo_14|       pointer|
|B_fifo_14_fifo_cap        |   in|    5|     ap_fifo|                                          B_fifo_14|       pointer|
|B_fifo_14_full_n          |   in|    1|     ap_fifo|                                          B_fifo_14|       pointer|
|B_fifo_14_write           |  out|    1|     ap_fifo|                                          B_fifo_14|       pointer|
|v168_0_address0           |  out|    3|   ap_memory|                                             v168_0|         array|
|v168_0_ce0                |  out|    1|   ap_memory|                                             v168_0|         array|
|v168_0_q0                 |   in|   32|   ap_memory|                                             v168_0|         array|
|v169_0_address0           |  out|    3|   ap_memory|                                             v169_0|         array|
|v169_0_ce0                |  out|    1|   ap_memory|                                             v169_0|         array|
|v169_0_q0                 |   in|   32|   ap_memory|                                             v169_0|         array|
|v169_1_address0           |  out|    3|   ap_memory|                                             v169_1|         array|
|v169_1_ce0                |  out|    1|   ap_memory|                                             v169_1|         array|
|v169_1_q0                 |   in|   32|   ap_memory|                                             v169_1|         array|
|v169_2_address0           |  out|    3|   ap_memory|                                             v169_2|         array|
|v169_2_ce0                |  out|    1|   ap_memory|                                             v169_2|         array|
|v169_2_q0                 |   in|   32|   ap_memory|                                             v169_2|         array|
|v169_3_address0           |  out|    3|   ap_memory|                                             v169_3|         array|
|v169_3_ce0                |  out|    1|   ap_memory|                                             v169_3|         array|
|v169_3_q0                 |   in|   32|   ap_memory|                                             v169_3|         array|
|v169_4_address0           |  out|    3|   ap_memory|                                             v169_4|         array|
|v169_4_ce0                |  out|    1|   ap_memory|                                             v169_4|         array|
|v169_4_q0                 |   in|   32|   ap_memory|                                             v169_4|         array|
|v169_5_address0           |  out|    3|   ap_memory|                                             v169_5|         array|
|v169_5_ce0                |  out|    1|   ap_memory|                                             v169_5|         array|
|v169_5_q0                 |   in|   32|   ap_memory|                                             v169_5|         array|
|v169_6_address0           |  out|    3|   ap_memory|                                             v169_6|         array|
|v169_6_ce0                |  out|    1|   ap_memory|                                             v169_6|         array|
|v169_6_q0                 |   in|   32|   ap_memory|                                             v169_6|         array|
|v169_7_address0           |  out|    3|   ap_memory|                                             v169_7|         array|
|v169_7_ce0                |  out|    1|   ap_memory|                                             v169_7|         array|
|v169_7_q0                 |   in|   32|   ap_memory|                                             v169_7|         array|
+--------------------------+-----+-----+------------+---------------------------------------------------+--------------+

