#-----------------------------------------------------------
# Vivado v2023.2 (64-bit)
# SW Build 4029153 on Fri Oct 13 20:13:54 MDT 2023
# IP Build 4028589 on Sat Oct 14 00:45:43 MDT 2023
# SharedData Build 4025554 on Tue Oct 10 17:18:54 MDT 2023
# Start of session at: Tue Nov  5 00:42:04 2024
# Process ID: 23306
# Current directory: /home/silvenchen/Desktop/systolic_test/SA_workdict/tiny_sa/systolic_modulate/hls/.autopilot/db/ip_tmp
# Command line: vivado  -notrace -log vivado.log -mode batch -source run_vivado_gen_ip.tcl
# Log file: /home/silvenchen/Desktop/systolic_test/SA_workdict/tiny_sa/systolic_modulate/hls/.autopilot/db/ip_tmp/vivado.log
# Journal file: /home/silvenchen/Desktop/systolic_test/SA_workdict/tiny_sa/systolic_modulate/hls/.autopilot/db/ip_tmp/vivado.jou
# Running On: silvenchen-ASUS-TUF-Gaming-F15-FX507ZM-FX507ZM, OS: Linux, CPU Frequency: 4097.877 MHz, CPU Physical cores: 14, Host memory: 67037 MB
#-----------------------------------------------------------
source run_vivado_gen_ip.tcl -notrace
INFO: [IP_Flow 19-234] Refreshing IP repositories
INFO: [IP_Flow 19-1704] No user IP repositories specified
INFO: [IP_Flow 19-2313] Loaded Vivado IP repository '/tools/Xilinx/Vivado/2023.2/data/ip'.
INFO: [IP_Flow 19-1686] Generating 'Synthesis' target for IP 'systolic_modulate_fmul_32ns_32ns_32_2_max_dsp_1_ip'...
INFO: [IP_Flow 19-1686] Generating 'Simulation' target for IP 'systolic_modulate_fmul_32ns_32ns_32_2_max_dsp_1_ip'...
INFO: [IP_Flow 19-1686] Generating 'Synthesis' target for IP 'systolic_modulate_fadd_32ns_32ns_32_3_full_dsp_1_ip'...
INFO: [IP_Flow 19-1686] Generating 'Simulation' target for IP 'systolic_modulate_fadd_32ns_32ns_32_3_full_dsp_1_ip'...
INFO: [Common 17-206] Exiting Vivado at Tue Nov  5 00:42:12 2024...
